<?xml version="1.0" encoding="utf-8"?>
<CoverageSession xmlns:xsd="http://www.w3.org/2001/XMLSchema" xmlns:xsi="http://www.w3.org/2001/XMLSchema-instance" Version="0.0.0.0">
  <Summary numSequencePoints="1077" visitedSequencePoints="159" numBranchPoints="0" visitedBranchPoints="0" sequenceCoverage="14.76" branchCoverage="0.0" maxCyclomaticComplexity="0" minCyclomaticComplexity="0" maxCrapScore="0" minCrapScore="0" visitedClasses="15" numClasses="35" visitedMethods="30" numMethods="137" />
  <Modules>
    <Module>
      <Summary numSequencePoints="53" visitedSequencePoints="42" numBranchPoints="0" visitedBranchPoints="0" sequenceCoverage="79.25" branchCoverage="0.0" maxCyclomaticComplexity="0" minCyclomaticComplexity="0" maxCrapScore="0" minCrapScore="0" visitedClasses="4" numClasses="4" visitedMethods="9" numMethods="11" />
      <ModuleTime>0001-01-01T00:00:00</ModuleTime>
      <ModuleName>GameAssembly</ModuleName>
      <Files>
        <File uid="1" fullPath="/Users/sumaiya.r/Demo/Assets/Scripts/Collectable.cs" />
        <File uid="2" fullPath="/Users/sumaiya.r/Demo/Assets/Scripts/Controller.cs" />
        <File uid="3" fullPath="/Users/sumaiya.r/Demo/Assets/Scripts/Scorescript.cs" />
        <File uid="4" fullPath="/Users/sumaiya.r/Demo/Assets/Scripts/InputHandler.cs" />
      </Files>
      <Classes>
        <Class>
          <Summary numSequencePoints="7" visitedSequencePoints="3" numBranchPoints="0" visitedBranchPoints="0" sequenceCoverage="42.86" branchCoverage="0.0" maxCyclomaticComplexity="0" minCyclomaticComplexity="0" maxCrapScore="0" minCrapScore="0" visitedClasses="1" numClasses="1" visitedMethods="1" numMethods="2" />
          <FullName>Collectable</FullName>
          <Methods>
            <Method visited="true" cyclomaticComplexity="0" nPathComplexity="0" sequenceCoverage="100.0" branchCoverage="0" crapScore="0" isConstructor="false" isStatic="false" isGetter="false" isSetter="false">
              <Summary numSequencePoints="3" visitedSequencePoints="3" numBranchPoints="0" visitedBranchPoints="0" sequenceCoverage="100.0" branchCoverage="0" maxCyclomaticComplexity="0" minCyclomaticComplexity="0" maxCrapScore="0" minCrapScore="0" visitedClasses="0" numClasses="0" visitedMethods="1" numMethods="1" />
              <MetadataToken>100663297</MetadataToken>
              <Name>System.Void Collectable::SaveOnDestroyCallback(System.Action)</Name>
              <FileRef uid="1" />
              <SequencePoints>
                <SequencePoint vc="30" uspid="1" ordinal="0" offset="0" sl="11" sc="5" el="11" ec="5" bec="0" bev="0" fileid="1" />
                <SequencePoint vc="30" uspid="2" ordinal="0" offset="1" sl="12" sc="9" el="12" ec="9" bec="0" bev="0" fileid="1" />
                <SequencePoint vc="30" uspid="3" ordinal="0" offset="8" sl="14" sc="5" el="14" ec="5" bec="0" bev="0" fileid="1" />
              </SequencePoints>
              <BranchPoints />
            </Method>
            <Method visited="false" cyclomaticComplexity="0" nPathComplexity="0" sequenceCoverage="0.0" branchCoverage="0" crapScore="0" isConstructor="false" isStatic="false" isGetter="false" isSetter="false">
              <Summary numSequencePoints="4" visitedSequencePoints="0" numBranchPoints="0" visitedBranchPoints="0" sequenceCoverage="0.0" branchCoverage="0" maxCyclomaticComplexity="0" minCyclomaticComplexity="0" maxCrapScore="0" minCrapScore="0" visitedClasses="0" numClasses="0" visitedMethods="0" numMethods="1" />
              <MetadataToken>100663298</MetadataToken>
              <Name>System.Void Collectable::OnTriggerEnter(UnityEngine.Collider)</Name>
              <FileRef uid="1" />
              <SequencePoints>
                <SequencePoint vc="0" uspid="4" ordinal="0" offset="0" sl="17" sc="0" el="17" ec="0" bec="0" bev="0" fileid="1" />
                <SequencePoint vc="0" uspid="5" ordinal="0" offset="1" sl="18" sc="0" el="18" ec="0" bec="0" bev="0" fileid="1" />
                <SequencePoint vc="0" uspid="6" ordinal="0" offset="13" sl="19" sc="0" el="19" ec="0" bec="0" bev="0" fileid="1" />
                <SequencePoint vc="0" uspid="7" ordinal="0" offset="25" sl="20" sc="0" el="20" ec="0" bec="0" bev="0" fileid="1" />
              </SequencePoints>
              <BranchPoints />
            </Method>
          </Methods>
        </Class>
        <Class>
          <Summary numSequencePoints="31" visitedSequencePoints="28" numBranchPoints="0" visitedBranchPoints="0" sequenceCoverage="90.32" branchCoverage="0.0" maxCyclomaticComplexity="0" minCyclomaticComplexity="0" maxCrapScore="0" minCrapScore="0" visitedClasses="1" numClasses="1" visitedMethods="4" numMethods="5" />
          <FullName>Controller</FullName>
          <Methods>
            <Method visited="true" cyclomaticComplexity="0" nPathComplexity="0" sequenceCoverage="100.0" branchCoverage="0" crapScore="0" isConstructor="false" isStatic="false" isGetter="false" isSetter="false">
              <Summary numSequencePoints="9" visitedSequencePoints="9" numBranchPoints="0" visitedBranchPoints="0" sequenceCoverage="100.0" branchCoverage="0" maxCyclomaticComplexity="0" minCyclomaticComplexity="0" maxCrapScore="0" minCrapScore="0" visitedClasses="0" numClasses="0" visitedMethods="1" numMethods="1" />
              <MetadataToken>100663300</MetadataToken>
              <Name>System.Void Controller::Start()</Name>
              <FileRef uid="2" />
              <SequencePoints>
                <SequencePoint vc="6" uspid="8" ordinal="0" offset="0" sl="20" sc="5" el="20" ec="5" bec="0" bev="0" fileid="2" />
                <SequencePoint vc="6" uspid="9" ordinal="0" offset="1" sl="21" sc="9" el="21" ec="9" bec="0" bev="0" fileid="2" />
                <SequencePoint vc="6" uspid="10" ordinal="0" offset="7" sl="22" sc="14" el="22" ec="14" bec="0" bev="0" fileid="2" />
                <SequencePoint vc="30" uspid="11" ordinal="0" offset="11" sl="23" sc="9" el="23" ec="9" bec="0" bev="0" fileid="2" />
                <SequencePoint vc="30" uspid="12" ordinal="0" offset="12" sl="24" sc="13" el="24" ec="13" bec="0" bev="0" fileid="2" />
                <SequencePoint vc="30" uspid="13" ordinal="0" offset="19" sl="25" sc="9" el="25" ec="9" bec="0" bev="0" fileid="2" />
                <SequencePoint vc="30" uspid="14" ordinal="0" offset="20" sl="22" sc="47" el="22" ec="47" bec="0" bev="0" fileid="2" />
                <SequencePoint vc="36" uspid="15" ordinal="0" offset="24" sl="22" sc="25" el="22" ec="25" bec="0" bev="0" fileid="2" />
                <SequencePoint vc="6" uspid="16" ordinal="0" offset="37" sl="26" sc="5" el="26" ec="5" bec="0" bev="0" fileid="2" />
              </SequencePoints>
              <BranchPoints />
            </Method>
            <Method visited="false" cyclomaticComplexity="0" nPathComplexity="0" sequenceCoverage="0.0" branchCoverage="0" crapScore="0" isConstructor="false" isStatic="false" isGetter="false" isSetter="false">
              <Summary numSequencePoints="3" visitedSequencePoints="0" numBranchPoints="0" visitedBranchPoints="0" sequenceCoverage="0.0" branchCoverage="0" maxCyclomaticComplexity="0" minCyclomaticComplexity="0" maxCrapScore="0" minCrapScore="0" visitedClasses="0" numClasses="0" visitedMethods="0" numMethods="1" />
              <MetadataToken>100663301</MetadataToken>
              <Name>System.Void Controller::Collect()</Name>
              <FileRef uid="2" />
              <SequencePoints>
                <SequencePoint vc="0" uspid="17" ordinal="0" offset="0" sl="29" sc="0" el="29" ec="0" bec="0" bev="0" fileid="2" />
                <SequencePoint vc="0" uspid="18" ordinal="0" offset="1" sl="30" sc="0" el="30" ec="0" bec="0" bev="0" fileid="2" />
                <SequencePoint vc="0" uspid="19" ordinal="0" offset="8" sl="31" sc="0" el="31" ec="0" bec="0" bev="0" fileid="2" />
              </SequencePoints>
              <BranchPoints />
            </Method>
            <Method visited="true" cyclomaticComplexity="0" nPathComplexity="0" sequenceCoverage="100.0" branchCoverage="0" crapScore="0" isConstructor="false" isStatic="false" isGetter="false" isSetter="false">
              <Summary numSequencePoints="9" visitedSequencePoints="9" numBranchPoints="0" visitedBranchPoints="0" sequenceCoverage="100.0" branchCoverage="0" maxCyclomaticComplexity="0" minCyclomaticComplexity="0" maxCrapScore="0" minCrapScore="0" visitedClasses="0" numClasses="0" visitedMethods="1" numMethods="1" />
              <MetadataToken>100663302</MetadataToken>
              <Name>System.Void Controller::SpawnCollectable()</Name>
              <FileRef uid="2" />
              <SequencePoints>
                <SequencePoint vc="30" uspid="20" ordinal="0" offset="0" sl="34" sc="5" el="34" ec="5" bec="0" bev="0" fileid="2" />
                <SequencePoint vc="30" uspid="21" ordinal="0" offset="1" sl="35" sc="9" el="35" ec="9" bec="0" bev="0" fileid="2" />
                <SequencePoint vc="30" uspid="22" ordinal="0" offset="17" sl="36" sc="9" el="36" ec="9" bec="0" bev="0" fileid="2" />
                <SequencePoint vc="30" uspid="23" ordinal="0" offset="33" sl="37" sc="9" el="37" ec="9" bec="0" bev="0" fileid="2" />
                <SequencePoint vc="30" uspid="24" ordinal="0" offset="49" sl="38" sc="9" el="38" ec="9" bec="0" bev="0" fileid="2" />
                <SequencePoint vc="30" uspid="25" ordinal="0" offset="74" sl="39" sc="9" el="39" ec="9" bec="0" bev="0" fileid="2" />
                <SequencePoint vc="30" uspid="26" ordinal="0" offset="102" sl="40" sc="9" el="40" ec="9" bec="0" bev="0" fileid="2" />
                <SequencePoint vc="30" uspid="27" ordinal="0" offset="116" sl="42" sc="9" el="42" ec="9" bec="0" bev="0" fileid="2" />
                <SequencePoint vc="30" uspid="28" ordinal="0" offset="135" sl="43" sc="5" el="43" ec="5" bec="0" bev="0" fileid="2" />
              </SequencePoints>
              <BranchPoints />
            </Method>
            <Method visited="true" cyclomaticComplexity="0" nPathComplexity="0" sequenceCoverage="100.0" branchCoverage="0" crapScore="0" isConstructor="false" isStatic="false" isGetter="false" isSetter="false">
              <Summary numSequencePoints="9" visitedSequencePoints="9" numBranchPoints="0" visitedBranchPoints="0" sequenceCoverage="100.0" branchCoverage="0" maxCyclomaticComplexity="0" minCyclomaticComplexity="0" maxCrapScore="0" minCrapScore="0" visitedClasses="0" numClasses="0" visitedMethods="1" numMethods="1" />
              <MetadataToken>100663303</MetadataToken>
              <Name>System.Void Controller::Click(UnityEngine.Vector3)</Name>
              <FileRef uid="2" />
              <SequencePoints>
                <SequencePoint vc="2" uspid="29" ordinal="0" offset="0" sl="47" sc="5" el="47" ec="5" bec="0" bev="0" fileid="2" />
                <SequencePoint vc="2" uspid="30" ordinal="0" offset="1" sl="48" sc="9" el="48" ec="9" bec="0" bev="0" fileid="2" />
                <SequencePoint vc="2" uspid="31" ordinal="0" offset="18" sl="51" sc="9" el="51" ec="9" bec="0" bev="0" fileid="2" />
                <SequencePoint vc="2" uspid="32" ordinal="0" offset="49" sl="52" sc="9" el="52" ec="9" bec="0" bev="0" fileid="2" />
                <SequencePoint vc="2" uspid="33" ordinal="0" offset="50" sl="53" sc="13" el="53" ec="13" bec="0" bev="0" fileid="2" />
                <SequencePoint vc="2" uspid="34" ordinal="0" offset="61" sl="54" sc="13" el="54" ec="13" bec="0" bev="0" fileid="2" />
                <SequencePoint vc="2" uspid="35" ordinal="0" offset="83" sl="55" sc="13" el="55" ec="13" bec="0" bev="0" fileid="2" />
                <SequencePoint vc="2" uspid="36" ordinal="0" offset="96" sl="56" sc="9" el="56" ec="9" bec="0" bev="0" fileid="2" />
                <SequencePoint vc="2" uspid="37" ordinal="0" offset="97" sl="68" sc="5" el="68" ec="5" bec="0" bev="0" fileid="2" />
              </SequencePoints>
              <BranchPoints />
            </Method>
            <Method visited="true" cyclomaticComplexity="0" nPathComplexity="0" sequenceCoverage="100.0" branchCoverage="0" crapScore="0" isConstructor="true" isStatic="false" isGetter="false" isSetter="false">
              <Summary numSequencePoints="1" visitedSequencePoints="1" numBranchPoints="0" visitedBranchPoints="0" sequenceCoverage="100.0" branchCoverage="0" maxCyclomaticComplexity="0" minCyclomaticComplexity="0" maxCrapScore="0" minCrapScore="0" visitedClasses="0" numClasses="0" visitedMethods="1" numMethods="1" />
              <MetadataToken>100663304</MetadataToken>
              <Name>Controller::Controller()</Name>
              <FileRef uid="2" />
              <SequencePoints>
                <SequencePoint vc="6" uspid="38" ordinal="0" offset="0" sl="17" sc="5" el="17" ec="5" bec="0" bev="0" fileid="2" />
              </SequencePoints>
              <BranchPoints />
            </Method>
          </Methods>
        </Class>
        <Class>
          <Summary numSequencePoints="7" visitedSequencePoints="7" numBranchPoints="0" visitedBranchPoints="0" sequenceCoverage="100.0" branchCoverage="0.0" maxCyclomaticComplexity="0" minCyclomaticComplexity="0" maxCrapScore="0" minCrapScore="0" visitedClasses="1" numClasses="1" visitedMethods="3" numMethods="3" />
          <FullName>Scorescript</FullName>
          <Methods>
            <Method visited="true" cyclomaticComplexity="0" nPathComplexity="0" sequenceCoverage="100.0" branchCoverage="0" crapScore="0" isConstructor="false" isStatic="false" isGetter="false" isSetter="false">
              <Summary numSequencePoints="3" visitedSequencePoints="3" numBranchPoints="0" visitedBranchPoints="0" sequenceCoverage="100.0" branchCoverage="0" maxCyclomaticComplexity="0" minCyclomaticComplexity="0" maxCrapScore="0" minCrapScore="0" visitedClasses="0" numClasses="0" visitedMethods="1" numMethods="1" />
              <MetadataToken>100663305</MetadataToken>
              <Name>System.Void Scorescript::Start()</Name>
              <FileRef uid="3" />
              <SequencePoints>
                <SequencePoint vc="6" uspid="39" ordinal="0" offset="0" sl="13" sc="5" el="13" ec="5" bec="0" bev="0" fileid="3" />
                <SequencePoint vc="6" uspid="40" ordinal="0" offset="1" sl="14" sc="7" el="14" ec="7" bec="0" bev="0" fileid="3" />
                <SequencePoint vc="6" uspid="41" ordinal="0" offset="13" sl="15" sc="5" el="15" ec="5" bec="0" bev="0" fileid="3" />
              </SequencePoints>
              <BranchPoints />
            </Method>
            <Method visited="true" cyclomaticComplexity="0" nPathComplexity="0" sequenceCoverage="100.0" branchCoverage="0" crapScore="0" isConstructor="false" isStatic="false" isGetter="false" isSetter="false">
              <Summary numSequencePoints="3" visitedSequencePoints="3" numBranchPoints="0" visitedBranchPoints="0" sequenceCoverage="100.0" branchCoverage="0" maxCyclomaticComplexity="0" minCyclomaticComplexity="0" maxCrapScore="0" minCrapScore="0" visitedClasses="0" numClasses="0" visitedMethods="1" numMethods="1" />
              <MetadataToken>100663306</MetadataToken>
              <Name>System.Void Scorescript::Update()</Name>
              <FileRef uid="3" />
              <SequencePoints>
                <SequencePoint vc="1094" uspid="42" ordinal="0" offset="0" sl="19" sc="5" el="19" ec="5" bec="0" bev="0" fileid="3" />
                <SequencePoint vc="1094" uspid="43" ordinal="0" offset="1" sl="20" sc="9" el="20" ec="9" bec="0" bev="0" fileid="3" />
                <SequencePoint vc="1094" uspid="44" ordinal="0" offset="33" sl="21" sc="5" el="21" ec="5" bec="0" bev="0" fileid="3" />
              </SequencePoints>
              <BranchPoints />
            </Method>
            <Method visited="true" cyclomaticComplexity="0" nPathComplexity="0" sequenceCoverage="100.0" branchCoverage="0" crapScore="0" isConstructor="true" isStatic="true" isGetter="false" isSetter="false">
              <Summary numSequencePoints="1" visitedSequencePoints="1" numBranchPoints="0" visitedBranchPoints="0" sequenceCoverage="100.0" branchCoverage="0" maxCyclomaticComplexity="0" minCyclomaticComplexity="0" maxCrapScore="0" minCrapScore="0" visitedClasses="0" numClasses="0" visitedMethods="1" numMethods="1" />
              <MetadataToken>100663308</MetadataToken>
              <Name>static Scorescript::Scorescript()</Name>
              <FileRef uid="3" />
              <SequencePoints>
                <SequencePoint vc="1" uspid="45" ordinal="0" offset="0" sl="9" sc="5" el="9" ec="5" bec="0" bev="0" fileid="3" />
              </SequencePoints>
              <BranchPoints />
            </Method>
          </Methods>
        </Class>
        <Class>
          <Summary numSequencePoints="8" visitedSequencePoints="4" numBranchPoints="0" visitedBranchPoints="0" sequenceCoverage="50.00" branchCoverage="0.0" maxCyclomaticComplexity="0" minCyclomaticComplexity="0" maxCrapScore="0" minCrapScore="0" visitedClasses="1" numClasses="1" visitedMethods="1" numMethods="1" />
          <FullName>DefaultNamespace.InputHandler</FullName>
          <Methods>
            <Method visited="true" cyclomaticComplexity="0" nPathComplexity="0" sequenceCoverage="50.00" branchCoverage="0" crapScore="0" isConstructor="false" isStatic="false" isGetter="false" isSetter="false">
              <Summary numSequencePoints="8" visitedSequencePoints="4" numBranchPoints="0" visitedBranchPoints="0" sequenceCoverage="50.00" branchCoverage="0" maxCyclomaticComplexity="0" minCyclomaticComplexity="0" maxCrapScore="0" minCrapScore="0" visitedClasses="0" numClasses="0" visitedMethods="1" numMethods="1" />
              <MetadataToken>100663309</MetadataToken>
              <Name>System.Void DefaultNamespace.InputHandler::Update()</Name>
              <FileRef uid="4" />
              <SequencePoints>
                <SequencePoint vc="1094" uspid="46" ordinal="0" offset="0" sl="11" sc="9" el="11" ec="9" bec="0" bev="0" fileid="4" />
                <SequencePoint vc="1094" uspid="47" ordinal="0" offset="1" sl="12" sc="13" el="12" ec="13" bec="0" bev="0" fileid="4" />
                <SequencePoint vc="1094" uspid="48" ordinal="0" offset="13" sl="13" sc="17" el="13" ec="17" bec="0" bev="0" fileid="4" />
                <SequencePoint vc="0" uspid="49" ordinal="0" offset="26" sl="14" sc="18" el="14" ec="18" bec="0" bev="0" fileid="4" />
                <SequencePoint vc="0" uspid="50" ordinal="0" offset="58" sl="15" sc="13" el="15" ec="13" bec="0" bev="0" fileid="4" />
                <SequencePoint vc="0" uspid="51" ordinal="0" offset="59" sl="16" sc="17" el="16" ec="17" bec="0" bev="0" fileid="4" />
                <SequencePoint vc="0" uspid="52" ordinal="0" offset="96" sl="18" sc="13" el="18" ec="13" bec="0" bev="0" fileid="4" />
                <SequencePoint vc="1094" uspid="53" ordinal="0" offset="97" sl="19" sc="9" el="19" ec="9" bec="0" bev="0" fileid="4" />
              </SequencePoints>
              <BranchPoints />
            </Method>
          </Methods>
        </Class>
      </Classes>
    </Module>
    <Module>
      <Summary numSequencePoints="167" visitedSequencePoints="52" numBranchPoints="0" visitedBranchPoints="0" sequenceCoverage="31.14" branchCoverage="0.0" maxCyclomaticComplexity="0" minCyclomaticComplexity="0" maxCrapScore="0" minCrapScore="0" visitedClasses="5" numClasses="16" visitedMethods="13" numMethods="39" />
      <ModuleTime>0001-01-01T00:00:00</ModuleTime>
      <ModuleName>AriumFramework</ModuleName>
      <Files>
        <File uid="5" fullPath="/Users/sumaiya.r/Demo/Assets/AriumFramework/Arium.cs" />
        <File uid="6" fullPath="/Users/sumaiya.r/Demo/Assets/AriumFramework/AriumObjectTracker.cs" />
        <File uid="7" fullPath="/Users/sumaiya.r/Demo/Assets/AriumFramework/GameObjectWrapper.cs" />
        <File uid="8" fullPath="/Users/sumaiya.r/Demo/Assets/AriumFramework/Interaction.cs" />
        <File uid="9" fullPath="/Users/sumaiya.r/Demo/Assets/AriumFramework/Plugins/UnityCore/Interactions/UnityAnimationTrigger.cs" />
        <File uid="10" fullPath="/Users/sumaiya.r/Demo/Assets/AriumFramework/Plugins/UnityCore/Interactions/UnityDrag.cs" />
        <File uid="11" fullPath="/Users/sumaiya.r/Demo/Assets/AriumFramework/Plugins/UnityCore/Interactions/UnityPointerClick.cs" />
        <File uid="12" fullPath="/Users/sumaiya.r/Demo/Assets/AriumFramework/Plugins/UnityCore/Interactions/UnityPointerEnter.cs" />
        <File uid="13" fullPath="/Users/sumaiya.r/Demo/Assets/AriumFramework/Plugins/UnityCore/Interactions/UnityPointerExit.cs" />
        <File uid="14" fullPath="/Users/sumaiya.r/Demo/Assets/AriumFramework/Plugins/UnityCore/Interactions/UnityPushObject.cs" />
        <File uid="15" fullPath="/Users/sumaiya.r/Demo/Assets/AriumFramework/Plugins/UnityCore/Extensions/AnimatorUtils.cs" />
        <File uid="16" fullPath="/Users/sumaiya.r/Demo/Assets/AriumFramework/Plugins/UnityCore/Extensions/TextUtils.cs" />
        <File uid="17" fullPath="/Users/sumaiya.r/Demo/Assets/AriumFramework/Exceptions/ComponentNotFoundException.cs" />
        <File uid="18" fullPath="/Users/sumaiya.r/Demo/Assets/AriumFramework/Exceptions/GameObjectNotFoundException.cs" />
        <File uid="19" fullPath="/Users/sumaiya.r/Demo/Assets/AriumFramework/Exceptions/InteractionNotFoundException.cs" />
      </Files>
      <Classes>
        <Class>
          <Summary numSequencePoints="29" visitedSequencePoints="17" numBranchPoints="0" visitedBranchPoints="0" sequenceCoverage="58.62" branchCoverage="0.0" maxCyclomaticComplexity="0" minCyclomaticComplexity="0" maxCrapScore="0" minCrapScore="0" visitedClasses="1" numClasses="1" visitedMethods="4" numMethods="6" />
          <FullName>AriumFramework.Arium</FullName>
          <Methods>
            <Method visited="false" cyclomaticComplexity="0" nPathComplexity="0" sequenceCoverage="0.0" branchCoverage="0" crapScore="0" isConstructor="false" isStatic="false" isGetter="false" isSetter="false">
              <Summary numSequencePoints="3" visitedSequencePoints="0" numBranchPoints="0" visitedBranchPoints="0" sequenceCoverage="0.0" branchCoverage="0" maxCyclomaticComplexity="0" minCyclomaticComplexity="0" maxCrapScore="0" minCrapScore="0" visitedClasses="0" numClasses="0" visitedMethods="0" numMethods="1" />
              <MetadataToken>100663297</MetadataToken>
              <Name>System.Void AriumFramework.Arium::PerformAction(AriumFramework.IInteraction, System.String)</Name>
              <FileRef uid="5" />
              <SequencePoints>
                <SequencePoint vc="0" uspid="54" ordinal="0" offset="0" sl="14" sc="0" el="14" ec="0" bec="0" bev="0" fileid="5" />
                <SequencePoint vc="0" uspid="55" ordinal="0" offset="1" sl="15" sc="0" el="15" ec="0" bec="0" bev="0" fileid="5" />
                <SequencePoint vc="0" uspid="56" ordinal="0" offset="16" sl="16" sc="0" el="16" ec="0" bec="0" bev="0" fileid="5" />
              </SequencePoints>
              <BranchPoints />
            </Method>
            <Method visited="false" cyclomaticComplexity="0" nPathComplexity="0" sequenceCoverage="0.0" branchCoverage="0" crapScore="0" isConstructor="false" isStatic="false" isGetter="false" isSetter="false">
              <Summary numSequencePoints="5" visitedSequencePoints="0" numBranchPoints="0" visitedBranchPoints="0" sequenceCoverage="0.0" branchCoverage="0" maxCyclomaticComplexity="0" minCyclomaticComplexity="0" maxCrapScore="0" minCrapScore="0" visitedClasses="0" numClasses="0" visitedMethods="0" numMethods="1" />
              <MetadataToken>100663298</MetadataToken>
              <Name>System.Void AriumFramework.Arium::PerformAction(AriumFramework.IInteraction, UnityEngine.GameObject)</Name>
              <FileRef uid="5" />
              <SequencePoints>
                <SequencePoint vc="0" uspid="57" ordinal="0" offset="0" sl="19" sc="0" el="19" ec="0" bec="0" bev="0" fileid="5" />
                <SequencePoint vc="0" uspid="58" ordinal="0" offset="1" sl="20" sc="0" el="20" ec="0" bec="0" bev="0" fileid="5" />
                <SequencePoint vc="0" uspid="59" ordinal="0" offset="9" sl="21" sc="0" el="21" ec="0" bec="0" bev="0" fileid="5" />
                <SequencePoint vc="0" uspid="60" ordinal="0" offset="15" sl="23" sc="0" el="23" ec="0" bec="0" bev="0" fileid="5" />
                <SequencePoint vc="0" uspid="61" ordinal="0" offset="23" sl="24" sc="0" el="24" ec="0" bec="0" bev="0" fileid="5" />
              </SequencePoints>
              <BranchPoints />
            </Method>
            <Method visited="true" cyclomaticComplexity="0" nPathComplexity="0" sequenceCoverage="100.0" branchCoverage="0" crapScore="0" isConstructor="false" isStatic="false" isGetter="false" isSetter="false">
              <Summary numSequencePoints="3" visitedSequencePoints="3" numBranchPoints="0" visitedBranchPoints="0" sequenceCoverage="100.0" branchCoverage="0" maxCyclomaticComplexity="0" minCyclomaticComplexity="0" maxCrapScore="0" minCrapScore="0" visitedClasses="0" numClasses="0" visitedMethods="1" numMethods="1" />
              <MetadataToken>100663299</MetadataToken>
              <Name>T AriumFramework.Arium::GetComponent[T](System.String)</Name>
              <FileRef uid="5" />
              <SequencePoints>
                <SequencePoint vc="5" uspid="62" ordinal="0" offset="0" sl="27" sc="0" el="27" ec="0" bec="0" bev="0" fileid="5" />
                <SequencePoint vc="5" uspid="63" ordinal="0" offset="1" sl="28" sc="0" el="28" ec="0" bec="0" bev="0" fileid="5" />
                <SequencePoint vc="5" uspid="64" ordinal="0" offset="21" sl="29" sc="0" el="29" ec="0" bec="0" bev="0" fileid="5" />
              </SequencePoints>
              <BranchPoints />
            </Method>
            <Method visited="true" cyclomaticComplexity="0" nPathComplexity="0" sequenceCoverage="71.43" branchCoverage="0" crapScore="0" isConstructor="false" isStatic="false" isGetter="false" isSetter="false">
              <Summary numSequencePoints="14" visitedSequencePoints="10" numBranchPoints="0" visitedBranchPoints="0" sequenceCoverage="71.43" branchCoverage="0" maxCyclomaticComplexity="0" minCyclomaticComplexity="0" maxCrapScore="0" minCrapScore="0" visitedClasses="0" numClasses="0" visitedMethods="1" numMethods="1" />
              <MetadataToken>100663300</MetadataToken>
              <Name>UnityEngine.GameObject AriumFramework.Arium::FindGameObject(System.String)</Name>
              <FileRef uid="5" />
              <SequencePoints>
                <SequencePoint vc="15" uspid="65" ordinal="0" offset="0" sl="32" sc="9" el="32" ec="9" bec="0" bev="0" fileid="5" />
                <SequencePoint vc="15" uspid="66" ordinal="0" offset="1" sl="34" sc="13" el="34" ec="13" bec="0" bev="0" fileid="5" />
                <SequencePoint vc="15" uspid="67" ordinal="0" offset="2" sl="35" sc="17" el="35" ec="17" bec="0" bev="0" fileid="5" />
                <SequencePoint vc="13" uspid="68" ordinal="0" offset="21" sl="36" sc="17" el="36" ec="17" bec="0" bev="0" fileid="5" />
                <SequencePoint vc="13" uspid="69" ordinal="0" offset="22" sl="37" sc="21" el="37" ec="21" bec="0" bev="0" fileid="5" />
                <SequencePoint vc="13" uspid="70" ordinal="0" offset="29" sl="38" sc="21" el="38" ec="21" bec="0" bev="0" fileid="5" />
                <SequencePoint vc="13" uspid="71" ordinal="0" offset="48" sl="39" sc="21" el="39" ec="21" bec="0" bev="0" fileid="5" />
                <SequencePoint vc="13" uspid="72" ordinal="0" offset="67" sl="40" sc="17" el="40" ec="17" bec="0" bev="0" fileid="5" />
                <SequencePoint vc="15" uspid="73" ordinal="0" offset="68" sl="42" sc="17" el="42" ec="17" bec="0" bev="0" fileid="5" />
                <SequencePoint vc="0" uspid="74" ordinal="0" offset="83" sl="44" sc="13" el="44" ec="13" bec="0" bev="0" fileid="5" />
                <SequencePoint vc="0" uspid="75" ordinal="0" offset="84" sl="45" sc="13" el="45" ec="13" bec="0" bev="0" fileid="5" />
                <SequencePoint vc="0" uspid="76" ordinal="0" offset="85" sl="46" sc="17" el="46" ec="17" bec="0" bev="0" fileid="5" />
                <SequencePoint vc="0" uspid="77" ordinal="0" offset="114" sl="47" sc="17" el="47" ec="17" bec="0" bev="0" fileid="5" />
                <SequencePoint vc="15" uspid="78" ordinal="0" offset="116" sl="49" sc="9" el="49" ec="9" bec="0" bev="0" fileid="5" />
              </SequencePoints>
              <BranchPoints />
            </Method>
            <Method visited="true" cyclomaticComplexity="0" nPathComplexity="0" sequenceCoverage="100.0" branchCoverage="0" crapScore="0" isConstructor="false" isStatic="false" isGetter="false" isSetter="false">
              <Summary numSequencePoints="3" visitedSequencePoints="3" numBranchPoints="0" visitedBranchPoints="0" sequenceCoverage="100.0" branchCoverage="0" maxCyclomaticComplexity="0" minCyclomaticComplexity="0" maxCrapScore="0" minCrapScore="0" visitedClasses="0" numClasses="0" visitedMethods="1" numMethods="1" />
              <MetadataToken>100663301</MetadataToken>
              <Name>System.Void AriumFramework.Arium::RemoveObjectFromCache(System.String)</Name>
              <FileRef uid="5" />
              <SequencePoints>
                <SequencePoint vc="12" uspid="79" ordinal="0" offset="0" sl="52" sc="9" el="52" ec="9" bec="0" bev="0" fileid="5" />
                <SequencePoint vc="12" uspid="80" ordinal="0" offset="1" sl="53" sc="13" el="53" ec="13" bec="0" bev="0" fileid="5" />
                <SequencePoint vc="12" uspid="81" ordinal="0" offset="14" sl="54" sc="9" el="54" ec="9" bec="0" bev="0" fileid="5" />
              </SequencePoints>
              <BranchPoints />
            </Method>
            <Method visited="true" cyclomaticComplexity="0" nPathComplexity="0" sequenceCoverage="100.0" branchCoverage="0" crapScore="0" isConstructor="true" isStatic="false" isGetter="false" isSetter="false">
              <Summary numSequencePoints="1" visitedSequencePoints="1" numBranchPoints="0" visitedBranchPoints="0" sequenceCoverage="100.0" branchCoverage="0" maxCyclomaticComplexity="0" minCyclomaticComplexity="0" maxCrapScore="0" minCrapScore="0" visitedClasses="0" numClasses="0" visitedMethods="1" numMethods="1" />
              <MetadataToken>100663302</MetadataToken>
              <Name>AriumFramework.Arium::Arium()</Name>
              <FileRef uid="5" />
              <SequencePoints>
                <SequencePoint vc="5" uspid="82" ordinal="0" offset="0" sl="10" sc="9" el="10" ec="9" bec="0" bev="0" fileid="5" />
              </SequencePoints>
              <BranchPoints />
            </Method>
          </Methods>
        </Class>
        <Class>
          <Summary numSequencePoints="6" visitedSequencePoints="6" numBranchPoints="0" visitedBranchPoints="0" sequenceCoverage="100.0" branchCoverage="0.0" maxCyclomaticComplexity="0" minCyclomaticComplexity="0" maxCrapScore="0" minCrapScore="0" visitedClasses="1" numClasses="1" visitedMethods="2" numMethods="2" />
          <FullName>AriumFramework.AriumObjectTracker</FullName>
          <Methods>
            <Method visited="true" cyclomaticComplexity="0" nPathComplexity="0" sequenceCoverage="100.0" branchCoverage="0" crapScore="0" isConstructor="false" isStatic="false" isGetter="false" isSetter="false">
              <Summary numSequencePoints="3" visitedSequencePoints="3" numBranchPoints="0" visitedBranchPoints="0" sequenceCoverage="100.0" branchCoverage="0" maxCyclomaticComplexity="0" minCyclomaticComplexity="0" maxCrapScore="0" minCrapScore="0" visitedClasses="0" numClasses="0" visitedMethods="1" numMethods="1" />
              <MetadataToken>100663303</MetadataToken>
              <Name>System.Void AriumFramework.AriumObjectTracker::Initialize(UnityEngine.Events.UnityAction)</Name>
              <FileRef uid="6" />
              <SequencePoints>
                <SequencePoint vc="13" uspid="83" ordinal="0" offset="0" sl="11" sc="9" el="11" ec="9" bec="0" bev="0" fileid="6" />
                <SequencePoint vc="13" uspid="84" ordinal="0" offset="1" sl="12" sc="13" el="12" ec="13" bec="0" bev="0" fileid="6" />
                <SequencePoint vc="13" uspid="85" ordinal="0" offset="8" sl="13" sc="9" el="13" ec="9" bec="0" bev="0" fileid="6" />
              </SequencePoints>
              <BranchPoints />
            </Method>
            <Method visited="true" cyclomaticComplexity="0" nPathComplexity="0" sequenceCoverage="100.0" branchCoverage="0" crapScore="0" isConstructor="false" isStatic="false" isGetter="false" isSetter="false">
              <Summary numSequencePoints="3" visitedSequencePoints="3" numBranchPoints="0" visitedBranchPoints="0" sequenceCoverage="100.0" branchCoverage="0" maxCyclomaticComplexity="0" minCyclomaticComplexity="0" maxCrapScore="0" minCrapScore="0" visitedClasses="0" numClasses="0" visitedMethods="1" numMethods="1" />
              <MetadataToken>100663304</MetadataToken>
              <Name>System.Void AriumFramework.AriumObjectTracker::OnDestroy()</Name>
              <FileRef uid="6" />
              <SequencePoints>
                <SequencePoint vc="12" uspid="86" ordinal="0" offset="0" sl="16" sc="9" el="16" ec="9" bec="0" bev="0" fileid="6" />
                <SequencePoint vc="12" uspid="87" ordinal="0" offset="1" sl="17" sc="13" el="17" ec="13" bec="0" bev="0" fileid="6" />
                <SequencePoint vc="12" uspid="88" ordinal="0" offset="19" sl="18" sc="9" el="18" ec="9" bec="0" bev="0" fileid="6" />
              </SequencePoints>
              <BranchPoints />
            </Method>
          </Methods>
        </Class>
        <Class>
          <Summary numSequencePoints="35" visitedSequencePoints="25" numBranchPoints="0" visitedBranchPoints="0" sequenceCoverage="71.43" branchCoverage="0.0" maxCyclomaticComplexity="0" minCyclomaticComplexity="0" maxCrapScore="0" minCrapScore="0" visitedClasses="1" numClasses="1" visitedMethods="5" numMethods="6" />
          <FullName>AriumFramework.GameObjectWrapper</FullName>
          <Methods>
            <Method visited="true" cyclomaticComplexity="0" nPathComplexity="0" sequenceCoverage="83.33" branchCoverage="0" crapScore="0" isConstructor="false" isStatic="false" isGetter="false" isSetter="false">
              <Summary numSequencePoints="6" visitedSequencePoints="5" numBranchPoints="0" visitedBranchPoints="0" sequenceCoverage="83.33" branchCoverage="0" maxCyclomaticComplexity="0" minCyclomaticComplexity="0" maxCrapScore="0" minCrapScore="0" visitedClasses="0" numClasses="0" visitedMethods="1" numMethods="1" />
              <MetadataToken>100663308</MetadataToken>
              <Name>System.Void AriumFramework.GameObjectWrapper::AddTracker(UnityEngine.Events.UnityAction[String])</Name>
              <FileRef uid="7" />
              <SequencePoints>
                <SequencePoint vc="13" uspid="89" ordinal="0" offset="20" sl="35" sc="9" el="35" ec="9" bec="0" bev="0" fileid="7" />
                <SequencePoint vc="13" uspid="90" ordinal="0" offset="21" sl="36" sc="13" el="36" ec="13" bec="0" bev="0" fileid="7" />
                <SequencePoint vc="13" uspid="91" ordinal="0" offset="33" sl="37" sc="13" el="37" ec="13" bec="0" bev="0" fileid="7" />
                <SequencePoint vc="0" uspid="92" ordinal="0" offset="44" sl="38" sc="17" el="38" ec="17" bec="0" bev="0" fileid="7" />
                <SequencePoint vc="13" uspid="93" ordinal="0" offset="56" sl="40" sc="13" el="40" ec="13" bec="0" bev="0" fileid="7" />
                <SequencePoint vc="13" uspid="94" ordinal="0" offset="75" sl="41" sc="9" el="41" ec="9" bec="0" bev="0" fileid="7" />
              </SequencePoints>
              <BranchPoints />
            </Method>
            <Method visited="true" cyclomaticComplexity="0" nPathComplexity="0" sequenceCoverage="71.43" branchCoverage="0" crapScore="0" isConstructor="false" isStatic="false" isGetter="false" isSetter="false">
              <Summary numSequencePoints="7" visitedSequencePoints="5" numBranchPoints="0" visitedBranchPoints="0" sequenceCoverage="71.43" branchCoverage="0" maxCyclomaticComplexity="0" minCyclomaticComplexity="0" maxCrapScore="0" minCrapScore="0" visitedClasses="0" numClasses="0" visitedMethods="1" numMethods="1" />
              <MetadataToken>100663309</MetadataToken>
              <Name>T AriumFramework.GameObjectWrapper::GetComponent[T]()</Name>
              <FileRef uid="7" />
              <SequencePoints>
                <SequencePoint vc="8" uspid="95" ordinal="0" offset="0" sl="44" sc="0" el="44" ec="0" bec="0" bev="0" fileid="7" />
                <SequencePoint vc="8" uspid="96" ordinal="0" offset="1" sl="45" sc="0" el="45" ec="0" bec="0" bev="0" fileid="7" />
                <SequencePoint vc="8" uspid="97" ordinal="0" offset="13" sl="47" sc="0" el="47" ec="0" bec="0" bev="0" fileid="7" />
                <SequencePoint vc="0" uspid="98" ordinal="0" offset="26" sl="48" sc="0" el="48" ec="0" bec="0" bev="0" fileid="7" />
                <SequencePoint vc="0" uspid="99" ordinal="0" offset="27" sl="49" sc="0" el="49" ec="0" bec="0" bev="0" fileid="7" />
                <SequencePoint vc="8" uspid="100" ordinal="0" offset="49" sl="52" sc="0" el="52" ec="0" bec="0" bev="0" fileid="7" />
                <SequencePoint vc="8" uspid="101" ordinal="0" offset="53" sl="53" sc="0" el="53" ec="0" bec="0" bev="0" fileid="7" />
              </SequencePoints>
              <BranchPoints />
            </Method>
            <Method visited="false" cyclomaticComplexity="0" nPathComplexity="0" sequenceCoverage="0.0" branchCoverage="0" crapScore="0" isConstructor="false" isStatic="false" isGetter="false" isSetter="false">
              <Summary numSequencePoints="3" visitedSequencePoints="0" numBranchPoints="0" visitedBranchPoints="0" sequenceCoverage="0.0" branchCoverage="0" maxCyclomaticComplexity="0" minCyclomaticComplexity="0" maxCrapScore="0" minCrapScore="0" visitedClasses="0" numClasses="0" visitedMethods="0" numMethods="1" />
              <MetadataToken>100663310</MetadataToken>
              <Name>System.String AriumFramework.GameObjectWrapper::ToString()</Name>
              <FileRef uid="7" />
              <SequencePoints>
                <SequencePoint vc="0" uspid="102" ordinal="0" offset="0" sl="56" sc="0" el="56" ec="0" bec="0" bev="0" fileid="7" />
                <SequencePoint vc="0" uspid="103" ordinal="0" offset="1" sl="57" sc="0" el="57" ec="0" bec="0" bev="0" fileid="7" />
                <SequencePoint vc="0" uspid="104" ordinal="0" offset="50" sl="58" sc="0" el="58" ec="0" bec="0" bev="0" fileid="7" />
              </SequencePoints>
              <BranchPoints />
            </Method>
            <Method visited="true" cyclomaticComplexity="0" nPathComplexity="0" sequenceCoverage="100.0" branchCoverage="0" crapScore="0" isConstructor="false" isStatic="false" isGetter="false" isSetter="false">
              <Summary numSequencePoints="3" visitedSequencePoints="3" numBranchPoints="0" visitedBranchPoints="0" sequenceCoverage="100.0" branchCoverage="0" maxCyclomaticComplexity="0" minCyclomaticComplexity="0" maxCrapScore="0" minCrapScore="0" visitedClasses="0" numClasses="0" visitedMethods="1" numMethods="1" />
              <MetadataToken>100663311</MetadataToken>
              <Name>UnityEngine.GameObject AriumFramework.GameObjectWrapper::GetObject()</Name>
              <FileRef uid="7" />
              <SequencePoints>
                <SequencePoint vc="13" uspid="105" ordinal="0" offset="0" sl="61" sc="9" el="61" ec="9" bec="0" bev="0" fileid="7" />
                <SequencePoint vc="13" uspid="106" ordinal="0" offset="1" sl="62" sc="13" el="62" ec="13" bec="0" bev="0" fileid="7" />
                <SequencePoint vc="13" uspid="107" ordinal="0" offset="10" sl="63" sc="9" el="63" ec="9" bec="0" bev="0" fileid="7" />
              </SequencePoints>
              <BranchPoints />
            </Method>
            <Method visited="true" cyclomaticComplexity="0" nPathComplexity="0" sequenceCoverage="70.00" branchCoverage="0" crapScore="0" isConstructor="true" isStatic="false" isGetter="false" isSetter="false">
              <Summary numSequencePoints="10" visitedSequencePoints="7" numBranchPoints="0" visitedBranchPoints="0" sequenceCoverage="70.00" branchCoverage="0" maxCyclomaticComplexity="0" minCyclomaticComplexity="0" maxCrapScore="0" minCrapScore="0" visitedClasses="0" numClasses="0" visitedMethods="1" numMethods="1" />
              <MetadataToken>100663306</MetadataToken>
              <Name>AriumFramework.GameObjectWrapper::GameObjectWrapper(System.String)</Name>
              <FileRef uid="7" />
              <SequencePoints>
                <SequencePoint vc="13" uspid="108" ordinal="0" offset="0" sl="13" sc="9" el="13" ec="9" bec="0" bev="0" fileid="7" />
                <SequencePoint vc="13" uspid="109" ordinal="0" offset="7" sl="14" sc="9" el="14" ec="9" bec="0" bev="0" fileid="7" />
                <SequencePoint vc="13" uspid="110" ordinal="0" offset="8" sl="15" sc="13" el="15" ec="13" bec="0" bev="0" fileid="7" />
                <SequencePoint vc="13" uspid="111" ordinal="0" offset="15" sl="16" sc="13" el="16" ec="13" bec="0" bev="0" fileid="7" />
                <SequencePoint vc="0" uspid="112" ordinal="0" offset="30" sl="17" sc="17" el="17" ec="17" bec="0" bev="0" fileid="7" />
                <SequencePoint vc="13" uspid="113" ordinal="0" offset="41" sl="19" sc="13" el="19" ec="13" bec="0" bev="0" fileid="7" />
                <SequencePoint vc="13" uspid="114" ordinal="0" offset="58" sl="21" sc="13" el="21" ec="13" bec="0" bev="0" fileid="7" />
                <SequencePoint vc="0" uspid="115" ordinal="0" offset="74" sl="22" sc="13" el="22" ec="13" bec="0" bev="0" fileid="7" />
                <SequencePoint vc="0" uspid="116" ordinal="0" offset="75" sl="23" sc="17" el="23" ec="17" bec="0" bev="0" fileid="7" />
                <SequencePoint vc="13" uspid="117" ordinal="0" offset="87" sl="25" sc="9" el="25" ec="9" bec="0" bev="0" fileid="7" />
              </SequencePoints>
              <BranchPoints />
            </Method>
            <Method visited="true" cyclomaticComplexity="0" nPathComplexity="0" sequenceCoverage="83.33" branchCoverage="0" crapScore="0" isConstructor="true" isStatic="false" isGetter="false" isSetter="false">
              <Summary numSequencePoints="6" visitedSequencePoints="5" numBranchPoints="0" visitedBranchPoints="0" sequenceCoverage="83.33" branchCoverage="0" maxCyclomaticComplexity="0" minCyclomaticComplexity="0" maxCrapScore="0" minCrapScore="0" visitedClasses="0" numClasses="0" visitedMethods="1" numMethods="1" />
              <MetadataToken>100663307</MetadataToken>
              <Name>AriumFramework.GameObjectWrapper::GameObjectWrapper(UnityEngine.GameObject)</Name>
              <FileRef uid="7" />
              <SequencePoints>
                <SequencePoint vc="8" uspid="118" ordinal="0" offset="0" sl="27" sc="9" el="27" ec="9" bec="0" bev="0" fileid="7" />
                <SequencePoint vc="8" uspid="119" ordinal="0" offset="7" sl="28" sc="9" el="28" ec="9" bec="0" bev="0" fileid="7" />
                <SequencePoint vc="8" uspid="120" ordinal="0" offset="8" sl="29" sc="13" el="29" ec="13" bec="0" bev="0" fileid="7" />
                <SequencePoint vc="0" uspid="121" ordinal="0" offset="19" sl="29" sc="37" el="29" ec="37" bec="0" bev="0" fileid="7" />
                <SequencePoint vc="8" uspid="122" ordinal="0" offset="25" sl="31" sc="13" el="31" ec="13" bec="0" bev="0" fileid="7" />
                <SequencePoint vc="8" uspid="123" ordinal="0" offset="32" sl="32" sc="9" el="32" ec="9" bec="0" bev="0" fileid="7" />
              </SequencePoints>
              <BranchPoints />
            </Method>
          </Methods>
        </Class>
        <Class>
          <Summary numSequencePoints="17" visitedSequencePoints="0" numBranchPoints="0" visitedBranchPoints="0" sequenceCoverage="0.0" branchCoverage="0.0" maxCyclomaticComplexity="0" minCyclomaticComplexity="0" maxCrapScore="0" minCrapScore="0" visitedClasses="0" numClasses="1" visitedMethods="0" numMethods="4" />
          <FullName>AriumFramework.Interaction[T]</FullName>
          <Methods>
            <Method visited="false" cyclomaticComplexity="0" nPathComplexity="0" sequenceCoverage="0.0" branchCoverage="0" crapScore="0" isConstructor="false" isStatic="false" isGetter="false" isSetter="false">
              <Summary numSequencePoints="3" visitedSequencePoints="0" numBranchPoints="0" visitedBranchPoints="0" sequenceCoverage="0.0" branchCoverage="0" maxCyclomaticComplexity="0" minCyclomaticComplexity="0" maxCrapScore="0" minCrapScore="0" visitedClasses="0" numClasses="0" visitedMethods="0" numMethods="1" />
              <MetadataToken>100663315</MetadataToken>
              <Name>System.Void AriumFramework.Interaction[T]::SetAction(UnityEngine.Events.UnityAction[T])</Name>
              <FileRef uid="8" />
              <SequencePoints>
                <SequencePoint vc="0" uspid="124" ordinal="0" offset="0" sl="21" sc="0" el="21" ec="0" bec="0" bev="0" fileid="8" />
                <SequencePoint vc="0" uspid="125" ordinal="0" offset="1" sl="22" sc="0" el="22" ec="0" bec="0" bev="0" fileid="8" />
                <SequencePoint vc="0" uspid="126" ordinal="0" offset="8" sl="23" sc="0" el="23" ec="0" bec="0" bev="0" fileid="8" />
              </SequencePoints>
              <BranchPoints />
            </Method>
            <Method visited="false" cyclomaticComplexity="0" nPathComplexity="0" sequenceCoverage="0.0" branchCoverage="0" crapScore="0" isConstructor="false" isStatic="false" isGetter="false" isSetter="false">
              <Summary numSequencePoints="7" visitedSequencePoints="0" numBranchPoints="0" visitedBranchPoints="0" sequenceCoverage="0.0" branchCoverage="0" maxCyclomaticComplexity="0" minCyclomaticComplexity="0" maxCrapScore="0" minCrapScore="0" visitedClasses="0" numClasses="0" visitedMethods="0" numMethods="1" />
              <MetadataToken>100663316</MetadataToken>
              <Name>System.Void AriumFramework.Interaction[T]::PerformAction(UnityEngine.GameObject)</Name>
              <FileRef uid="8" />
              <SequencePoints>
                <SequencePoint vc="0" uspid="127" ordinal="0" offset="0" sl="26" sc="0" el="26" ec="0" bec="0" bev="0" fileid="8" />
                <SequencePoint vc="0" uspid="128" ordinal="0" offset="1" sl="27" sc="0" el="27" ec="0" bec="0" bev="0" fileid="8" />
                <SequencePoint vc="0" uspid="129" ordinal="0" offset="8" sl="29" sc="0" el="29" ec="0" bec="0" bev="0" fileid="8" />
                <SequencePoint vc="0" uspid="130" ordinal="0" offset="21" sl="30" sc="0" el="30" ec="0" bec="0" bev="0" fileid="8" />
                <SequencePoint vc="0" uspid="131" ordinal="0" offset="22" sl="31" sc="0" el="31" ec="0" bec="0" bev="0" fileid="8" />
                <SequencePoint vc="0" uspid="132" ordinal="0" offset="39" sl="34" sc="0" el="34" ec="0" bec="0" bev="0" fileid="8" />
                <SequencePoint vc="0" uspid="133" ordinal="0" offset="52" sl="35" sc="0" el="35" ec="0" bec="0" bev="0" fileid="8" />
              </SequencePoints>
              <BranchPoints />
            </Method>
            <Method visited="false" cyclomaticComplexity="0" nPathComplexity="0" sequenceCoverage="0.0" branchCoverage="0" crapScore="0" isConstructor="true" isStatic="false" isGetter="false" isSetter="false">
              <Summary numSequencePoints="4" visitedSequencePoints="0" numBranchPoints="0" visitedBranchPoints="0" sequenceCoverage="0.0" branchCoverage="0" maxCyclomaticComplexity="0" minCyclomaticComplexity="0" maxCrapScore="0" minCrapScore="0" visitedClasses="0" numClasses="0" visitedMethods="0" numMethods="1" />
              <MetadataToken>100663313</MetadataToken>
              <Name>AriumFramework.Interaction[T]::Interaction(UnityEngine.Events.UnityAction[T])</Name>
              <FileRef uid="8" />
              <SequencePoints>
                <SequencePoint vc="0" uspid="134" ordinal="0" offset="0" sl="11" sc="0" el="11" ec="0" bec="0" bev="0" fileid="8" />
                <SequencePoint vc="0" uspid="135" ordinal="0" offset="7" sl="12" sc="0" el="12" ec="0" bec="0" bev="0" fileid="8" />
                <SequencePoint vc="0" uspid="136" ordinal="0" offset="8" sl="13" sc="0" el="13" ec="0" bec="0" bev="0" fileid="8" />
                <SequencePoint vc="0" uspid="137" ordinal="0" offset="15" sl="14" sc="0" el="14" ec="0" bec="0" bev="0" fileid="8" />
              </SequencePoints>
              <BranchPoints />
            </Method>
            <Method visited="false" cyclomaticComplexity="0" nPathComplexity="0" sequenceCoverage="0.0" branchCoverage="0" crapScore="0" isConstructor="true" isStatic="false" isGetter="false" isSetter="false">
              <Summary numSequencePoints="3" visitedSequencePoints="0" numBranchPoints="0" visitedBranchPoints="0" sequenceCoverage="0.0" branchCoverage="0" maxCyclomaticComplexity="0" minCyclomaticComplexity="0" maxCrapScore="0" minCrapScore="0" visitedClasses="0" numClasses="0" visitedMethods="0" numMethods="1" />
              <MetadataToken>100663314</MetadataToken>
              <Name>AriumFramework.Interaction[T]::Interaction()</Name>
              <FileRef uid="8" />
              <SequencePoints>
                <SequencePoint vc="0" uspid="138" ordinal="0" offset="0" sl="16" sc="0" el="16" ec="0" bec="0" bev="0" fileid="8" />
                <SequencePoint vc="0" uspid="139" ordinal="0" offset="7" sl="17" sc="0" el="17" ec="0" bec="0" bev="0" fileid="8" />
                <SequencePoint vc="0" uspid="140" ordinal="0" offset="8" sl="18" sc="0" el="18" ec="0" bec="0" bev="0" fileid="8" />
              </SequencePoints>
              <BranchPoints />
            </Method>
          </Methods>
        </Class>
        <Class>
          <Summary numSequencePoints="8" visitedSequencePoints="0" numBranchPoints="0" visitedBranchPoints="0" sequenceCoverage="0.0" branchCoverage="0.0" maxCyclomaticComplexity="0" minCyclomaticComplexity="0" maxCrapScore="0" minCrapScore="0" visitedClasses="0" numClasses="1" visitedMethods="0" numMethods="2" />
          <FullName>AriumFramework.Plugins.UnityCore.Interactions.UnityAnimationTrigger</FullName>
          <Methods>
            <Method visited="false" cyclomaticComplexity="0" nPathComplexity="0" sequenceCoverage="0.0" branchCoverage="0" crapScore="0" isConstructor="false" isStatic="false" isGetter="false" isSetter="false">
              <Summary numSequencePoints="3" visitedSequencePoints="0" numBranchPoints="0" visitedBranchPoints="0" sequenceCoverage="0.0" branchCoverage="0" maxCyclomaticComplexity="0" minCyclomaticComplexity="0" maxCrapScore="0" minCrapScore="0" visitedClasses="0" numClasses="0" visitedMethods="0" numMethods="1" />
              <MetadataToken>100663318</MetadataToken>
              <Name>System.Void AriumFramework.Plugins.UnityCore.Interactions.UnityAnimationTrigger::Trigger(UnityEngine.Animator)</Name>
              <FileRef uid="9" />
              <SequencePoints>
                <SequencePoint vc="0" uspid="141" ordinal="0" offset="0" sl="16" sc="0" el="16" ec="0" bec="0" bev="0" fileid="9" />
                <SequencePoint vc="0" uspid="142" ordinal="0" offset="1" sl="17" sc="0" el="17" ec="0" bec="0" bev="0" fileid="9" />
                <SequencePoint vc="0" uspid="143" ordinal="0" offset="14" sl="18" sc="0" el="18" ec="0" bec="0" bev="0" fileid="9" />
              </SequencePoints>
              <BranchPoints />
            </Method>
            <Method visited="false" cyclomaticComplexity="0" nPathComplexity="0" sequenceCoverage="0.0" branchCoverage="0" crapScore="0" isConstructor="true" isStatic="false" isGetter="false" isSetter="false">
              <Summary numSequencePoints="5" visitedSequencePoints="0" numBranchPoints="0" visitedBranchPoints="0" sequenceCoverage="0.0" branchCoverage="0" maxCyclomaticComplexity="0" minCyclomaticComplexity="0" maxCrapScore="0" minCrapScore="0" visitedClasses="0" numClasses="0" visitedMethods="0" numMethods="1" />
              <MetadataToken>100663317</MetadataToken>
              <Name>AriumFramework.Plugins.UnityCore.Interactions.UnityAnimationTrigger::UnityAnimationTrigger(System.String)</Name>
              <FileRef uid="9" />
              <SequencePoints>
                <SequencePoint vc="0" uspid="144" ordinal="0" offset="0" sl="9" sc="0" el="9" ec="0" bec="0" bev="0" fileid="9" />
                <SequencePoint vc="0" uspid="145" ordinal="0" offset="7" sl="10" sc="0" el="10" ec="0" bec="0" bev="0" fileid="9" />
                <SequencePoint vc="0" uspid="146" ordinal="0" offset="8" sl="11" sc="0" el="11" ec="0" bec="0" bev="0" fileid="9" />
                <SequencePoint vc="0" uspid="147" ordinal="0" offset="15" sl="12" sc="0" el="12" ec="0" bec="0" bev="0" fileid="9" />
                <SequencePoint vc="0" uspid="148" ordinal="0" offset="34" sl="13" sc="0" el="13" ec="0" bec="0" bev="0" fileid="9" />
              </SequencePoints>
              <BranchPoints />
            </Method>
          </Methods>
        </Class>
        <Class>
          <Summary numSequencePoints="8" visitedSequencePoints="0" numBranchPoints="0" visitedBranchPoints="0" sequenceCoverage="0.0" branchCoverage="0.0" maxCyclomaticComplexity="0" minCyclomaticComplexity="0" maxCrapScore="0" minCrapScore="0" visitedClasses="0" numClasses="1" visitedMethods="0" numMethods="2" />
          <FullName>AriumFramework.Plugins.UnityCore.Interactions.UnityDrag</FullName>
          <Methods>
            <Method visited="false" cyclomaticComplexity="0" nPathComplexity="0" sequenceCoverage="0.0" branchCoverage="0" crapScore="0" isConstructor="false" isStatic="false" isGetter="false" isSetter="false">
              <Summary numSequencePoints="3" visitedSequencePoints="0" numBranchPoints="0" visitedBranchPoints="0" sequenceCoverage="0.0" branchCoverage="0" maxCyclomaticComplexity="0" minCyclomaticComplexity="0" maxCrapScore="0" minCrapScore="0" visitedClasses="0" numClasses="0" visitedMethods="0" numMethods="1" />
              <MetadataToken>100663320</MetadataToken>
              <Name>System.Void AriumFramework.Plugins.UnityCore.Interactions.UnityDrag::Drag(UnityEngine.EventSystems.IDragHandler)</Name>
              <FileRef uid="10" />
              <SequencePoints>
                <SequencePoint vc="0" uspid="149" ordinal="0" offset="0" sl="17" sc="0" el="17" ec="0" bec="0" bev="0" fileid="10" />
                <SequencePoint vc="0" uspid="150" ordinal="0" offset="1" sl="18" sc="0" el="18" ec="0" bec="0" bev="0" fileid="10" />
                <SequencePoint vc="0" uspid="151" ordinal="0" offset="31" sl="22" sc="0" el="22" ec="0" bec="0" bev="0" fileid="10" />
              </SequencePoints>
              <BranchPoints />
            </Method>
            <Method visited="false" cyclomaticComplexity="0" nPathComplexity="0" sequenceCoverage="0.0" branchCoverage="0" crapScore="0" isConstructor="true" isStatic="false" isGetter="false" isSetter="false">
              <Summary numSequencePoints="5" visitedSequencePoints="0" numBranchPoints="0" visitedBranchPoints="0" sequenceCoverage="0.0" branchCoverage="0" maxCyclomaticComplexity="0" minCyclomaticComplexity="0" maxCrapScore="0" minCrapScore="0" visitedClasses="0" numClasses="0" visitedMethods="0" numMethods="1" />
              <MetadataToken>100663319</MetadataToken>
              <Name>AriumFramework.Plugins.UnityCore.Interactions.UnityDrag::UnityDrag(UnityEngine.Vector2)</Name>
              <FileRef uid="10" />
              <SequencePoints>
                <SequencePoint vc="0" uspid="152" ordinal="0" offset="0" sl="10" sc="0" el="10" ec="0" bec="0" bev="0" fileid="10" />
                <SequencePoint vc="0" uspid="153" ordinal="0" offset="7" sl="11" sc="0" el="11" ec="0" bec="0" bev="0" fileid="10" />
                <SequencePoint vc="0" uspid="154" ordinal="0" offset="8" sl="12" sc="0" el="12" ec="0" bec="0" bev="0" fileid="10" />
                <SequencePoint vc="0" uspid="155" ordinal="0" offset="15" sl="13" sc="0" el="13" ec="0" bec="0" bev="0" fileid="10" />
                <SequencePoint vc="0" uspid="156" ordinal="0" offset="34" sl="14" sc="0" el="14" ec="0" bec="0" bev="0" fileid="10" />
              </SequencePoints>
              <BranchPoints />
            </Method>
          </Methods>
        </Class>
        <Class>
          <Summary numSequencePoints="14" visitedSequencePoints="0" numBranchPoints="0" visitedBranchPoints="0" sequenceCoverage="0.0" branchCoverage="0.0" maxCyclomaticComplexity="0" minCyclomaticComplexity="0" maxCrapScore="0" minCrapScore="0" visitedClasses="0" numClasses="1" visitedMethods="0" numMethods="3" />
          <FullName>AriumFramework.Plugins.UnityCore.Interactions.UnityPointerClick</FullName>
          <Methods>
            <Method visited="false" cyclomaticComplexity="0" nPathComplexity="0" sequenceCoverage="0.0" branchCoverage="0" crapScore="0" isConstructor="false" isStatic="false" isGetter="false" isSetter="false">
              <Summary numSequencePoints="5" visitedSequencePoints="0" numBranchPoints="0" visitedBranchPoints="0" sequenceCoverage="0.0" branchCoverage="0" maxCyclomaticComplexity="0" minCyclomaticComplexity="0" maxCrapScore="0" minCrapScore="0" visitedClasses="0" numClasses="0" visitedMethods="0" numMethods="1" />
              <MetadataToken>100663323</MetadataToken>
              <Name>System.Void AriumFramework.Plugins.UnityCore.Interactions.UnityPointerClick::Click(UnityEngine.EventSystems.IPointerClickHandler)</Name>
              <FileRef uid="11" />
              <SequencePoints>
                <SequencePoint vc="0" uspid="157" ordinal="0" offset="0" sl="21" sc="0" el="21" ec="0" bec="0" bev="0" fileid="11" />
                <SequencePoint vc="0" uspid="158" ordinal="0" offset="1" sl="22" sc="0" el="22" ec="0" bec="0" bev="0" fileid="11" />
                <SequencePoint vc="0" uspid="159" ordinal="0" offset="14" sl="23" sc="0" el="23" ec="0" bec="0" bev="0" fileid="11" />
                <SequencePoint vc="0" uspid="160" ordinal="0" offset="30" sl="25" sc="0" el="25" ec="0" bec="0" bev="0" fileid="11" />
                <SequencePoint vc="0" uspid="161" ordinal="0" offset="43" sl="26" sc="0" el="26" ec="0" bec="0" bev="0" fileid="11" />
              </SequencePoints>
              <BranchPoints />
            </Method>
            <Method visited="false" cyclomaticComplexity="0" nPathComplexity="0" sequenceCoverage="0.0" branchCoverage="0" crapScore="0" isConstructor="true" isStatic="false" isGetter="false" isSetter="false">
              <Summary numSequencePoints="4" visitedSequencePoints="0" numBranchPoints="0" visitedBranchPoints="0" sequenceCoverage="0.0" branchCoverage="0" maxCyclomaticComplexity="0" minCyclomaticComplexity="0" maxCrapScore="0" minCrapScore="0" visitedClasses="0" numClasses="0" visitedMethods="0" numMethods="1" />
              <MetadataToken>100663321</MetadataToken>
              <Name>AriumFramework.Plugins.UnityCore.Interactions.UnityPointerClick::UnityPointerClick()</Name>
              <FileRef uid="11" />
              <SequencePoints>
                <SequencePoint vc="0" uspid="162" ordinal="0" offset="0" sl="9" sc="0" el="9" ec="0" bec="0" bev="0" fileid="11" />
                <SequencePoint vc="0" uspid="163" ordinal="0" offset="7" sl="10" sc="0" el="10" ec="0" bec="0" bev="0" fileid="11" />
                <SequencePoint vc="0" uspid="164" ordinal="0" offset="8" sl="11" sc="0" el="11" ec="0" bec="0" bev="0" fileid="11" />
                <SequencePoint vc="0" uspid="165" ordinal="0" offset="27" sl="12" sc="0" el="12" ec="0" bec="0" bev="0" fileid="11" />
              </SequencePoints>
              <BranchPoints />
            </Method>
            <Method visited="false" cyclomaticComplexity="0" nPathComplexity="0" sequenceCoverage="0.0" branchCoverage="0" crapScore="0" isConstructor="true" isStatic="false" isGetter="false" isSetter="false">
              <Summary numSequencePoints="5" visitedSequencePoints="0" numBranchPoints="0" visitedBranchPoints="0" sequenceCoverage="0.0" branchCoverage="0" maxCyclomaticComplexity="0" minCyclomaticComplexity="0" maxCrapScore="0" minCrapScore="0" visitedClasses="0" numClasses="0" visitedMethods="0" numMethods="1" />
              <MetadataToken>100663322</MetadataToken>
              <Name>AriumFramework.Plugins.UnityCore.Interactions.UnityPointerClick::UnityPointerClick(UnityEngine.EventSystems.PointerEventData)</Name>
              <FileRef uid="11" />
              <SequencePoints>
                <SequencePoint vc="0" uspid="166" ordinal="0" offset="0" sl="14" sc="0" el="14" ec="0" bec="0" bev="0" fileid="11" />
                <SequencePoint vc="0" uspid="167" ordinal="0" offset="7" sl="15" sc="0" el="15" ec="0" bec="0" bev="0" fileid="11" />
                <SequencePoint vc="0" uspid="168" ordinal="0" offset="8" sl="16" sc="0" el="16" ec="0" bec="0" bev="0" fileid="11" />
                <SequencePoint vc="0" uspid="169" ordinal="0" offset="27" sl="17" sc="0" el="17" ec="0" bec="0" bev="0" fileid="11" />
                <SequencePoint vc="0" uspid="170" ordinal="0" offset="34" sl="18" sc="0" el="18" ec="0" bec="0" bev="0" fileid="11" />
              </SequencePoints>
              <BranchPoints />
            </Method>
          </Methods>
        </Class>
        <Class>
          <Summary numSequencePoints="14" visitedSequencePoints="0" numBranchPoints="0" visitedBranchPoints="0" sequenceCoverage="0.0" branchCoverage="0.0" maxCyclomaticComplexity="0" minCyclomaticComplexity="0" maxCrapScore="0" minCrapScore="0" visitedClasses="0" numClasses="1" visitedMethods="0" numMethods="3" />
          <FullName>AriumFramework.Plugins.UnityCore.Interactions.UnityPointerEnter</FullName>
          <Methods>
            <Method visited="false" cyclomaticComplexity="0" nPathComplexity="0" sequenceCoverage="0.0" branchCoverage="0" crapScore="0" isConstructor="false" isStatic="false" isGetter="false" isSetter="false">
              <Summary numSequencePoints="5" visitedSequencePoints="0" numBranchPoints="0" visitedBranchPoints="0" sequenceCoverage="0.0" branchCoverage="0" maxCyclomaticComplexity="0" minCyclomaticComplexity="0" maxCrapScore="0" minCrapScore="0" visitedClasses="0" numClasses="0" visitedMethods="0" numMethods="1" />
              <MetadataToken>100663326</MetadataToken>
              <Name>System.Void AriumFramework.Plugins.UnityCore.Interactions.UnityPointerEnter::FocusIn(UnityEngine.EventSystems.IPointerEnterHandler)</Name>
              <FileRef uid="12" />
              <SequencePoints>
                <SequencePoint vc="0" uspid="171" ordinal="0" offset="0" sl="21" sc="0" el="21" ec="0" bec="0" bev="0" fileid="12" />
                <SequencePoint vc="0" uspid="172" ordinal="0" offset="1" sl="22" sc="0" el="22" ec="0" bec="0" bev="0" fileid="12" />
                <SequencePoint vc="0" uspid="173" ordinal="0" offset="14" sl="23" sc="0" el="23" ec="0" bec="0" bev="0" fileid="12" />
                <SequencePoint vc="0" uspid="174" ordinal="0" offset="30" sl="25" sc="0" el="25" ec="0" bec="0" bev="0" fileid="12" />
                <SequencePoint vc="0" uspid="175" ordinal="0" offset="43" sl="26" sc="0" el="26" ec="0" bec="0" bev="0" fileid="12" />
              </SequencePoints>
              <BranchPoints />
            </Method>
            <Method visited="false" cyclomaticComplexity="0" nPathComplexity="0" sequenceCoverage="0.0" branchCoverage="0" crapScore="0" isConstructor="true" isStatic="false" isGetter="false" isSetter="false">
              <Summary numSequencePoints="4" visitedSequencePoints="0" numBranchPoints="0" visitedBranchPoints="0" sequenceCoverage="0.0" branchCoverage="0" maxCyclomaticComplexity="0" minCyclomaticComplexity="0" maxCrapScore="0" minCrapScore="0" visitedClasses="0" numClasses="0" visitedMethods="0" numMethods="1" />
              <MetadataToken>100663324</MetadataToken>
              <Name>AriumFramework.Plugins.UnityCore.Interactions.UnityPointerEnter::UnityPointerEnter()</Name>
              <FileRef uid="12" />
              <SequencePoints>
                <SequencePoint vc="0" uspid="176" ordinal="0" offset="0" sl="9" sc="0" el="9" ec="0" bec="0" bev="0" fileid="12" />
                <SequencePoint vc="0" uspid="177" ordinal="0" offset="7" sl="10" sc="0" el="10" ec="0" bec="0" bev="0" fileid="12" />
                <SequencePoint vc="0" uspid="178" ordinal="0" offset="8" sl="11" sc="0" el="11" ec="0" bec="0" bev="0" fileid="12" />
                <SequencePoint vc="0" uspid="179" ordinal="0" offset="27" sl="12" sc="0" el="12" ec="0" bec="0" bev="0" fileid="12" />
              </SequencePoints>
              <BranchPoints />
            </Method>
            <Method visited="false" cyclomaticComplexity="0" nPathComplexity="0" sequenceCoverage="0.0" branchCoverage="0" crapScore="0" isConstructor="true" isStatic="false" isGetter="false" isSetter="false">
              <Summary numSequencePoints="5" visitedSequencePoints="0" numBranchPoints="0" visitedBranchPoints="0" sequenceCoverage="0.0" branchCoverage="0" maxCyclomaticComplexity="0" minCyclomaticComplexity="0" maxCrapScore="0" minCrapScore="0" visitedClasses="0" numClasses="0" visitedMethods="0" numMethods="1" />
              <MetadataToken>100663325</MetadataToken>
              <Name>AriumFramework.Plugins.UnityCore.Interactions.UnityPointerEnter::UnityPointerEnter(UnityEngine.EventSystems.PointerEventData)</Name>
              <FileRef uid="12" />
              <SequencePoints>
                <SequencePoint vc="0" uspid="180" ordinal="0" offset="0" sl="14" sc="0" el="14" ec="0" bec="0" bev="0" fileid="12" />
                <SequencePoint vc="0" uspid="181" ordinal="0" offset="7" sl="15" sc="0" el="15" ec="0" bec="0" bev="0" fileid="12" />
                <SequencePoint vc="0" uspid="182" ordinal="0" offset="8" sl="16" sc="0" el="16" ec="0" bec="0" bev="0" fileid="12" />
                <SequencePoint vc="0" uspid="183" ordinal="0" offset="27" sl="17" sc="0" el="17" ec="0" bec="0" bev="0" fileid="12" />
                <SequencePoint vc="0" uspid="184" ordinal="0" offset="34" sl="18" sc="0" el="18" ec="0" bec="0" bev="0" fileid="12" />
              </SequencePoints>
              <BranchPoints />
            </Method>
          </Methods>
        </Class>
        <Class>
          <Summary numSequencePoints="14" visitedSequencePoints="0" numBranchPoints="0" visitedBranchPoints="0" sequenceCoverage="0.0" branchCoverage="0.0" maxCyclomaticComplexity="0" minCyclomaticComplexity="0" maxCrapScore="0" minCrapScore="0" visitedClasses="0" numClasses="1" visitedMethods="0" numMethods="3" />
          <FullName>AriumFramework.Plugins.UnityCore.Interactions.UnityPointerExit</FullName>
          <Methods>
            <Method visited="false" cyclomaticComplexity="0" nPathComplexity="0" sequenceCoverage="0.0" branchCoverage="0" crapScore="0" isConstructor="false" isStatic="false" isGetter="false" isSetter="false">
              <Summary numSequencePoints="5" visitedSequencePoints="0" numBranchPoints="0" visitedBranchPoints="0" sequenceCoverage="0.0" branchCoverage="0" maxCyclomaticComplexity="0" minCyclomaticComplexity="0" maxCrapScore="0" minCrapScore="0" visitedClasses="0" numClasses="0" visitedMethods="0" numMethods="1" />
              <MetadataToken>100663329</MetadataToken>
              <Name>System.Void AriumFramework.Plugins.UnityCore.Interactions.UnityPointerExit::FocusOut(UnityEngine.EventSystems.IPointerExitHandler)</Name>
              <FileRef uid="13" />
              <SequencePoints>
                <SequencePoint vc="0" uspid="185" ordinal="0" offset="0" sl="21" sc="0" el="21" ec="0" bec="0" bev="0" fileid="13" />
                <SequencePoint vc="0" uspid="186" ordinal="0" offset="1" sl="22" sc="0" el="22" ec="0" bec="0" bev="0" fileid="13" />
                <SequencePoint vc="0" uspid="187" ordinal="0" offset="14" sl="23" sc="0" el="23" ec="0" bec="0" bev="0" fileid="13" />
                <SequencePoint vc="0" uspid="188" ordinal="0" offset="30" sl="25" sc="0" el="25" ec="0" bec="0" bev="0" fileid="13" />
                <SequencePoint vc="0" uspid="189" ordinal="0" offset="43" sl="26" sc="0" el="26" ec="0" bec="0" bev="0" fileid="13" />
              </SequencePoints>
              <BranchPoints />
            </Method>
            <Method visited="false" cyclomaticComplexity="0" nPathComplexity="0" sequenceCoverage="0.0" branchCoverage="0" crapScore="0" isConstructor="true" isStatic="false" isGetter="false" isSetter="false">
              <Summary numSequencePoints="4" visitedSequencePoints="0" numBranchPoints="0" visitedBranchPoints="0" sequenceCoverage="0.0" branchCoverage="0" maxCyclomaticComplexity="0" minCyclomaticComplexity="0" maxCrapScore="0" minCrapScore="0" visitedClasses="0" numClasses="0" visitedMethods="0" numMethods="1" />
              <MetadataToken>100663327</MetadataToken>
              <Name>AriumFramework.Plugins.UnityCore.Interactions.UnityPointerExit::UnityPointerExit()</Name>
              <FileRef uid="13" />
              <SequencePoints>
                <SequencePoint vc="0" uspid="190" ordinal="0" offset="0" sl="9" sc="0" el="9" ec="0" bec="0" bev="0" fileid="13" />
                <SequencePoint vc="0" uspid="191" ordinal="0" offset="7" sl="10" sc="0" el="10" ec="0" bec="0" bev="0" fileid="13" />
                <SequencePoint vc="0" uspid="192" ordinal="0" offset="8" sl="11" sc="0" el="11" ec="0" bec="0" bev="0" fileid="13" />
                <SequencePoint vc="0" uspid="193" ordinal="0" offset="27" sl="12" sc="0" el="12" ec="0" bec="0" bev="0" fileid="13" />
              </SequencePoints>
              <BranchPoints />
            </Method>
            <Method visited="false" cyclomaticComplexity="0" nPathComplexity="0" sequenceCoverage="0.0" branchCoverage="0" crapScore="0" isConstructor="true" isStatic="false" isGetter="false" isSetter="false">
              <Summary numSequencePoints="5" visitedSequencePoints="0" numBranchPoints="0" visitedBranchPoints="0" sequenceCoverage="0.0" branchCoverage="0" maxCyclomaticComplexity="0" minCyclomaticComplexity="0" maxCrapScore="0" minCrapScore="0" visitedClasses="0" numClasses="0" visitedMethods="0" numMethods="1" />
              <MetadataToken>100663328</MetadataToken>
              <Name>AriumFramework.Plugins.UnityCore.Interactions.UnityPointerExit::UnityPointerExit(UnityEngine.EventSystems.PointerEventData)</Name>
              <FileRef uid="13" />
              <SequencePoints>
                <SequencePoint vc="0" uspid="194" ordinal="0" offset="0" sl="14" sc="0" el="14" ec="0" bec="0" bev="0" fileid="13" />
                <SequencePoint vc="0" uspid="195" ordinal="0" offset="7" sl="15" sc="0" el="15" ec="0" bec="0" bev="0" fileid="13" />
                <SequencePoint vc="0" uspid="196" ordinal="0" offset="8" sl="16" sc="0" el="16" ec="0" bec="0" bev="0" fileid="13" />
                <SequencePoint vc="0" uspid="197" ordinal="0" offset="27" sl="17" sc="0" el="17" ec="0" bec="0" bev="0" fileid="13" />
                <SequencePoint vc="0" uspid="198" ordinal="0" offset="34" sl="18" sc="0" el="18" ec="0" bec="0" bev="0" fileid="13" />
              </SequencePoints>
              <BranchPoints />
            </Method>
          </Methods>
        </Class>
        <Class>
          <Summary numSequencePoints="6" visitedSequencePoints="0" numBranchPoints="0" visitedBranchPoints="0" sequenceCoverage="0.0" branchCoverage="0.0" maxCyclomaticComplexity="0" minCyclomaticComplexity="0" maxCrapScore="0" minCrapScore="0" visitedClasses="0" numClasses="1" visitedMethods="0" numMethods="2" />
          <FullName>AriumFramework.Plugins.UnityCore.Interactions.UnityPushObject</FullName>
          <Methods>
            <Method visited="false" cyclomaticComplexity="0" nPathComplexity="0" sequenceCoverage="0.0" branchCoverage="0" crapScore="0" isConstructor="false" isStatic="true" isGetter="false" isSetter="false">
              <Summary numSequencePoints="3" visitedSequencePoints="0" numBranchPoints="0" visitedBranchPoints="0" sequenceCoverage="0.0" branchCoverage="0" maxCyclomaticComplexity="0" minCyclomaticComplexity="0" maxCrapScore="0" minCrapScore="0" visitedClasses="0" numClasses="0" visitedMethods="0" numMethods="1" />
              <MetadataToken>100663331</MetadataToken>
              <Name>static System.Void AriumFramework.Plugins.UnityCore.Interactions.UnityPushObject::Push(UnityEngine.Rigidbody)</Name>
              <FileRef uid="14" />
              <SequencePoints>
                <SequencePoint vc="0" uspid="199" ordinal="0" offset="0" sl="14" sc="0" el="14" ec="0" bec="0" bev="0" fileid="14" />
                <SequencePoint vc="0" uspid="200" ordinal="0" offset="1" sl="15" sc="0" el="15" ec="0" bec="0" bev="0" fileid="14" />
                <SequencePoint vc="0" uspid="201" ordinal="0" offset="13" sl="16" sc="0" el="16" ec="0" bec="0" bev="0" fileid="14" />
              </SequencePoints>
              <BranchPoints />
            </Method>
            <Method visited="false" cyclomaticComplexity="0" nPathComplexity="0" sequenceCoverage="0.0" branchCoverage="0" crapScore="0" isConstructor="true" isStatic="false" isGetter="false" isSetter="false">
              <Summary numSequencePoints="3" visitedSequencePoints="0" numBranchPoints="0" visitedBranchPoints="0" sequenceCoverage="0.0" branchCoverage="0" maxCyclomaticComplexity="0" minCyclomaticComplexity="0" maxCrapScore="0" minCrapScore="0" visitedClasses="0" numClasses="0" visitedMethods="0" numMethods="1" />
              <MetadataToken>100663330</MetadataToken>
              <Name>AriumFramework.Plugins.UnityCore.Interactions.UnityPushObject::UnityPushObject()</Name>
              <FileRef uid="14" />
              <SequencePoints>
                <SequencePoint vc="0" uspid="202" ordinal="0" offset="0" sl="9" sc="0" el="9" ec="0" bec="0" bev="0" fileid="14" />
                <SequencePoint vc="0" uspid="203" ordinal="0" offset="19" sl="10" sc="0" el="10" ec="0" bec="0" bev="0" fileid="14" />
                <SequencePoint vc="0" uspid="204" ordinal="0" offset="20" sl="11" sc="0" el="11" ec="0" bec="0" bev="0" fileid="14" />
              </SequencePoints>
              <BranchPoints />
            </Method>
          </Methods>
        </Class>
        <Class>
          <Summary numSequencePoints="3" visitedSequencePoints="0" numBranchPoints="0" visitedBranchPoints="0" sequenceCoverage="0.0" branchCoverage="0.0" maxCyclomaticComplexity="0" minCyclomaticComplexity="0" maxCrapScore="0" minCrapScore="0" visitedClasses="0" numClasses="1" visitedMethods="0" numMethods="1" />
          <FullName>AriumFramework.Plugins.UnityCore.Extensions.AnimatorUtils</FullName>
          <Methods>
            <Method visited="false" cyclomaticComplexity="0" nPathComplexity="0" sequenceCoverage="0.0" branchCoverage="0" crapScore="0" isConstructor="false" isStatic="true" isGetter="false" isSetter="false">
              <Summary numSequencePoints="3" visitedSequencePoints="0" numBranchPoints="0" visitedBranchPoints="0" sequenceCoverage="0.0" branchCoverage="0" maxCyclomaticComplexity="0" minCyclomaticComplexity="0" maxCrapScore="0" minCrapScore="0" visitedClasses="0" numClasses="0" visitedMethods="0" numMethods="1" />
              <MetadataToken>100663332</MetadataToken>
              <Name>static System.Boolean AriumFramework.Plugins.UnityCore.Extensions.AnimatorUtils::IsInAnimationState(UnityEngine.GameObject, System.String, System.Int32)</Name>
              <FileRef uid="15" />
              <SequencePoints>
                <SequencePoint vc="0" uspid="205" ordinal="0" offset="0" sl="9" sc="0" el="9" ec="0" bec="0" bev="0" fileid="15" />
                <SequencePoint vc="0" uspid="206" ordinal="0" offset="1" sl="10" sc="0" el="10" ec="0" bec="0" bev="0" fileid="15" />
                <SequencePoint vc="0" uspid="207" ordinal="0" offset="30" sl="11" sc="0" el="11" ec="0" bec="0" bev="0" fileid="15" />
              </SequencePoints>
              <BranchPoints />
            </Method>
          </Methods>
        </Class>
        <Class>
          <Summary numSequencePoints="3" visitedSequencePoints="3" numBranchPoints="0" visitedBranchPoints="0" sequenceCoverage="100.0" branchCoverage="0.0" maxCyclomaticComplexity="0" minCyclomaticComplexity="0" maxCrapScore="0" minCrapScore="0" visitedClasses="1" numClasses="1" visitedMethods="1" numMethods="1" />
          <FullName>AriumFramework.Plugins.UnityCore.Extensions.TextUtils</FullName>
          <Methods>
            <Method visited="true" cyclomaticComplexity="0" nPathComplexity="0" sequenceCoverage="100.0" branchCoverage="0" crapScore="0" isConstructor="false" isStatic="true" isGetter="false" isSetter="false">
              <Summary numSequencePoints="3" visitedSequencePoints="3" numBranchPoints="0" visitedBranchPoints="0" sequenceCoverage="100.0" branchCoverage="0" maxCyclomaticComplexity="0" minCyclomaticComplexity="0" maxCrapScore="0" minCrapScore="0" visitedClasses="0" numClasses="0" visitedMethods="1" numMethods="1" />
              <MetadataToken>100663333</MetadataToken>
              <Name>static System.String AriumFramework.Plugins.UnityCore.Extensions.TextUtils::GetText(UnityEngine.GameObject)</Name>
              <FileRef uid="16" />
              <SequencePoints>
                <SequencePoint vc="3" uspid="208" ordinal="0" offset="0" sl="9" sc="9" el="9" ec="9" bec="0" bev="0" fileid="16" />
                <SequencePoint vc="3" uspid="209" ordinal="0" offset="1" sl="10" sc="13" el="10" ec="13" bec="0" bev="0" fileid="16" />
                <SequencePoint vc="3" uspid="210" ordinal="0" offset="20" sl="11" sc="9" el="11" ec="9" bec="0" bev="0" fileid="16" />
              </SequencePoints>
              <BranchPoints />
            </Method>
          </Methods>
        </Class>
        <Class>
          <Summary numSequencePoints="3" visitedSequencePoints="0" numBranchPoints="0" visitedBranchPoints="0" sequenceCoverage="0.0" branchCoverage="0.0" maxCyclomaticComplexity="0" minCyclomaticComplexity="0" maxCrapScore="0" minCrapScore="0" visitedClasses="0" numClasses="1" visitedMethods="0" numMethods="1" />
          <FullName>AriumFramework.Exceptions.ComponentNotFoundException</FullName>
          <Methods>
            <Method visited="false" cyclomaticComplexity="0" nPathComplexity="0" sequenceCoverage="0.0" branchCoverage="0" crapScore="0" isConstructor="true" isStatic="false" isGetter="false" isSetter="false">
              <Summary numSequencePoints="3" visitedSequencePoints="0" numBranchPoints="0" visitedBranchPoints="0" sequenceCoverage="0.0" branchCoverage="0" maxCyclomaticComplexity="0" minCyclomaticComplexity="0" maxCrapScore="0" minCrapScore="0" visitedClasses="0" numClasses="0" visitedMethods="0" numMethods="1" />
              <MetadataToken>100663334</MetadataToken>
              <Name>AriumFramework.Exceptions.ComponentNotFoundException::ComponentNotFoundException(UnityEngine.GameObject, System.Type)</Name>
              <FileRef uid="17" />
              <SequencePoints>
                <SequencePoint vc="0" uspid="211" ordinal="0" offset="0" sl="8" sc="0" el="8" ec="0" bec="0" bev="0" fileid="17" />
                <SequencePoint vc="0" uspid="212" ordinal="0" offset="36" sl="10" sc="0" el="10" ec="0" bec="0" bev="0" fileid="17" />
                <SequencePoint vc="0" uspid="213" ordinal="0" offset="37" sl="11" sc="0" el="11" ec="0" bec="0" bev="0" fileid="17" />
              </SequencePoints>
              <BranchPoints />
            </Method>
          </Methods>
        </Class>
        <Class>
          <Summary numSequencePoints="3" visitedSequencePoints="0" numBranchPoints="0" visitedBranchPoints="0" sequenceCoverage="0.0" branchCoverage="0.0" maxCyclomaticComplexity="0" minCyclomaticComplexity="0" maxCrapScore="0" minCrapScore="0" visitedClasses="0" numClasses="1" visitedMethods="0" numMethods="1" />
[...]
                <SequencePoint vc="0" uspid="997" ordinal="0" offset="856" sl="383" sc="0" el="383" ec="0" bec="0" bev="0" fileid="24" />
                <SequencePoint vc="0" uspid="998" ordinal="0" offset="857" sl="385" sc="0" el="385" ec="0" bec="0" bev="0" fileid="24" />
                <SequencePoint vc="0" uspid="999" ordinal="0" offset="872" sl="386" sc="0" el="386" ec="0" bec="0" bev="0" fileid="24" />
                <SequencePoint vc="0" uspid="1000" ordinal="0" offset="873" sl="387" sc="0" el="387" ec="0" bec="0" bev="0" fileid="24" />
                <SequencePoint vc="0" uspid="1001" ordinal="0" offset="888" sl="388" sc="0" el="388" ec="0" bec="0" bev="0" fileid="24" />
                <SequencePoint vc="0" uspid="1002" ordinal="0" offset="915" sl="389" sc="0" el="389" ec="0" bec="0" bev="0" fileid="24" />
                <SequencePoint vc="0" uspid="1003" ordinal="0" offset="930" sl="390" sc="0" el="390" ec="0" bec="0" bev="0" fileid="24" />
                <SequencePoint vc="0" uspid="1004" ordinal="0" offset="957" sl="392" sc="0" el="392" ec="0" bec="0" bev="0" fileid="24" />
                <SequencePoint vc="0" uspid="1005" ordinal="0" offset="1001" sl="393" sc="0" el="393" ec="0" bec="0" bev="0" fileid="24" />
                <SequencePoint vc="0" uspid="1006" ordinal="0" offset="1053" sl="394" sc="0" el="394" ec="0" bec="0" bev="0" fileid="24" />
                <SequencePoint vc="0" uspid="1007" ordinal="0" offset="1054" sl="395" sc="0" el="395" ec="0" bec="0" bev="0" fileid="24" />
              </SequencePoints>
              <BranchPoints />
            </Method>
            <Method visited="false" cyclomaticComplexity="0" nPathComplexity="0" sequenceCoverage="0.0" branchCoverage="0" crapScore="0" isConstructor="false" isStatic="false" isGetter="false" isSetter="false">
              <Summary numSequencePoints="5" visitedSequencePoints="0" numBranchPoints="0" visitedBranchPoints="0" sequenceCoverage="0.0" branchCoverage="0" maxCyclomaticComplexity="0" minCyclomaticComplexity="0" maxCrapScore="0" minCrapScore="0" visitedClasses="0" numClasses="0" visitedMethods="0" numMethods="1" />
              <MetadataToken>100663373</MetadataToken>
              <Name>System.Void UnityEngine.InputSystem.Samples.VisualizationHelpers/TimelineVisualizer::AddSample(System.Object, System.Double)</Name>
              <FileRef uid="24" />
              <SequencePoints>
                <SequencePoint vc="0" uspid="1008" ordinal="0" offset="0" sl="398" sc="0" el="398" ec="0" bec="0" bev="0" fileid="24" />
                <SequencePoint vc="0" uspid="1009" ordinal="0" offset="1" sl="399" sc="0" el="399" ec="0" bec="0" bev="0" fileid="24" />
                <SequencePoint vc="0" uspid="1010" ordinal="0" offset="14" sl="400" sc="0" el="400" ec="0" bec="0" bev="0" fileid="24" />
                <SequencePoint vc="0" uspid="1011" ordinal="0" offset="25" sl="401" sc="0" el="401" ec="0" bec="0" bev="0" fileid="24" />
                <SequencePoint vc="0" uspid="1012" ordinal="0" offset="41" sl="402" sc="0" el="402" ec="0" bec="0" bev="0" fileid="24" />
              </SequencePoints>
              <BranchPoints />
            </Method>
            <Method visited="false" cyclomaticComplexity="0" nPathComplexity="0" sequenceCoverage="0.0" branchCoverage="0" crapScore="0" isConstructor="false" isStatic="false" isGetter="false" isSetter="false">
              <Summary numSequencePoints="10" visitedSequencePoints="0" numBranchPoints="0" visitedBranchPoints="0" sequenceCoverage="0.0" branchCoverage="0" maxCyclomaticComplexity="0" minCyclomaticComplexity="0" maxCrapScore="0" minCrapScore="0" visitedClasses="0" numClasses="0" visitedMethods="0" numMethods="1" />
              <MetadataToken>100663374</MetadataToken>
              <Name>System.Int32 UnityEngine.InputSystem.Samples.VisualizationHelpers/TimelineVisualizer::AddTimeline(System.String, UnityEngine.Color, UnityEngine.InputSystem.Samples.VisualizationHelpers/TimelineVisualizer/PlotType)</Name>
              <FileRef uid="24" />
              <SequencePoints>
                <SequencePoint vc="0" uspid="1013" ordinal="0" offset="0" sl="405" sc="0" el="405" ec="0" bec="0" bev="0" fileid="24" />
                <SequencePoint vc="0" uspid="1014" ordinal="0" offset="1" sl="406" sc="0" el="406" ec="0" bec="0" bev="0" fileid="24" />
                <SequencePoint vc="0" uspid="1015" ordinal="0" offset="40" sl="412" sc="0" el="412" ec="0" bec="0" bev="0" fileid="24" />
                <SequencePoint vc="0" uspid="1016" ordinal="0" offset="53" sl="413" sc="0" el="413" ec="0" bec="0" bev="0" fileid="24" />
                <SequencePoint vc="0" uspid="1017" ordinal="0" offset="73" sl="415" sc="0" el="415" ec="0" bec="0" bev="0" fileid="24" />
                <SequencePoint vc="0" uspid="1018" ordinal="0" offset="91" sl="417" sc="0" el="417" ec="0" bec="0" bev="0" fileid="24" />
                <SequencePoint vc="0" uspid="1019" ordinal="0" offset="98" sl="418" sc="0" el="418" ec="0" bec="0" bev="0" fileid="24" />
                <SequencePoint vc="0" uspid="1020" ordinal="0" offset="118" sl="419" sc="0" el="419" ec="0" bec="0" bev="0" fileid="24" />
                <SequencePoint vc="0" uspid="1021" ordinal="0" offset="131" sl="421" sc="0" el="421" ec="0" bec="0" bev="0" fileid="24" />
                <SequencePoint vc="0" uspid="1022" ordinal="0" offset="136" sl="422" sc="0" el="422" ec="0" bec="0" bev="0" fileid="24" />
              </SequencePoints>
              <BranchPoints />
            </Method>
            <Method visited="false" cyclomaticComplexity="0" nPathComplexity="0" sequenceCoverage="0.0" branchCoverage="0" crapScore="0" isConstructor="false" isStatic="false" isGetter="false" isSetter="false">
              <Summary numSequencePoints="8" visitedSequencePoints="0" numBranchPoints="0" visitedBranchPoints="0" sequenceCoverage="0.0" branchCoverage="0" maxCyclomaticComplexity="0" minCyclomaticComplexity="0" maxCrapScore="0" minCrapScore="0" visitedClasses="0" numClasses="0" visitedMethods="0" numMethods="1" />
              <MetadataToken>100663375</MetadataToken>
              <Name>System.Int32 UnityEngine.InputSystem.Samples.VisualizationHelpers/TimelineVisualizer::GetTimeline(System.String)</Name>
              <FileRef uid="24" />
              <SequencePoints>
                <SequencePoint vc="0" uspid="1023" ordinal="0" offset="0" sl="425" sc="0" el="425" ec="0" bec="0" bev="0" fileid="24" />
                <SequencePoint vc="0" uspid="1024" ordinal="0" offset="1" sl="426" sc="0" el="426" ec="0" bec="0" bev="0" fileid="24" />
                <SequencePoint vc="0" uspid="1025" ordinal="0" offset="5" sl="427" sc="0" el="427" ec="0" bec="0" bev="0" fileid="24" />
                <SequencePoint vc="0" uspid="1026" ordinal="0" offset="41" sl="428" sc="0" el="428" ec="0" bec="0" bev="0" fileid="24" />
                <SequencePoint vc="0" uspid="1027" ordinal="0" offset="45" sl="426" sc="0" el="426" ec="0" bec="0" bev="0" fileid="24" />
                <SequencePoint vc="0" uspid="1028" ordinal="0" offset="49" sl="426" sc="0" el="426" ec="0" bec="0" bev="0" fileid="24" />
                <SequencePoint vc="0" uspid="1029" ordinal="0" offset="62" sl="429" sc="0" el="429" ec="0" bec="0" bev="0" fileid="24" />
                <SequencePoint vc="0" uspid="1030" ordinal="0" offset="66" sl="430" sc="0" el="430" ec="0" bec="0" bev="0" fileid="24" />
              </SequencePoints>
              <BranchPoints />
            </Method>
            <Method visited="false" cyclomaticComplexity="0" nPathComplexity="0" sequenceCoverage="0.0" branchCoverage="0" crapScore="0" isConstructor="false" isStatic="false" isGetter="false" isSetter="false">
              <Summary numSequencePoints="3" visitedSequencePoints="0" numBranchPoints="0" visitedBranchPoints="0" sequenceCoverage="0.0" branchCoverage="0" maxCyclomaticComplexity="0" minCyclomaticComplexity="0" maxCrapScore="0" minCrapScore="0" visitedClasses="0" numClasses="0" visitedMethods="0" numMethods="1" />
              <MetadataToken>100663376</MetadataToken>
              <Name>System.Void UnityEngine.InputSystem.Samples.VisualizationHelpers/TimelineVisualizer::AddSample(System.Int32, UnityEngine.InputSystem.Utilities.PrimitiveValue, System.Single)</Name>
              <FileRef uid="24" />
              <SequencePoints>
                <SequencePoint vc="0" uspid="1031" ordinal="0" offset="0" sl="434" sc="0" el="434" ec="0" bec="0" bev="0" fileid="24" />
                <SequencePoint vc="0" uspid="1032" ordinal="0" offset="1" sl="435" sc="0" el="435" ec="0" bec="0" bev="0" fileid="24" />
                <SequencePoint vc="0" uspid="1033" ordinal="0" offset="49" sl="440" sc="0" el="440" ec="0" bec="0" bev="0" fileid="24" />
              </SequencePoints>
              <BranchPoints />
            </Method>
            <Method visited="false" cyclomaticComplexity="0" nPathComplexity="0" sequenceCoverage="0.0" branchCoverage="0" crapScore="0" isConstructor="false" isStatic="false" isGetter="false" isSetter="false">
              <Summary numSequencePoints="12" visitedSequencePoints="0" numBranchPoints="0" visitedBranchPoints="0" sequenceCoverage="0.0" branchCoverage="0" maxCyclomaticComplexity="0" minCyclomaticComplexity="0" maxCrapScore="0" minCrapScore="0" visitedClasses="0" numClasses="0" visitedMethods="0" numMethods="1" />
              <MetadataToken>100663377</MetadataToken>
              <Name>UnityEngine.InputSystem.Utilities.PrimitiveValue&amp; UnityEngine.InputSystem.Samples.VisualizationHelpers/TimelineVisualizer::GetOrCreateSample(System.Int32, System.Int32)</Name>
              <FileRef uid="24" />
              <SequencePoints>
                <SequencePoint vc="0" uspid="1034" ordinal="0" offset="0" sl="444" sc="0" el="444" ec="0" bec="0" bev="0" fileid="24" />
                <SequencePoint vc="0" uspid="1035" ordinal="0" offset="1" sl="445" sc="0" el="445" ec="0" bec="0" bev="0" fileid="24" />
                <SequencePoint vc="0" uspid="1036" ordinal="0" offset="14" sl="446" sc="0" el="446" ec="0" bec="0" bev="0" fileid="24" />
                <SequencePoint vc="0" uspid="1037" ordinal="0" offset="21" sl="447" sc="0" el="447" ec="0" bec="0" bev="0" fileid="24" />
                <SequencePoint vc="0" uspid="1038" ordinal="0" offset="28" sl="448" sc="0" el="448" ec="0" bec="0" bev="0" fileid="24" />
                <SequencePoint vc="0" uspid="1039" ordinal="0" offset="36" sl="449" sc="0" el="449" ec="0" bec="0" bev="0" fileid="24" />
                <SequencePoint vc="0" uspid="1040" ordinal="0" offset="37" sl="450" sc="0" el="450" ec="0" bec="0" bev="0" fileid="24" />
                <SequencePoint vc="0" uspid="1041" ordinal="0" offset="60" sl="451" sc="0" el="451" ec="0" bec="0" bev="0" fileid="24" />
                <SequencePoint vc="0" uspid="1042" ordinal="0" offset="78" sl="453" sc="0" el="453" ec="0" bec="0" bev="0" fileid="24" />
                <SequencePoint vc="0" uspid="1043" ordinal="0" offset="106" sl="454" sc="0" el="454" ec="0" bec="0" bev="0" fileid="24" />
                <SequencePoint vc="0" uspid="1044" ordinal="0" offset="107" sl="456" sc="0" el="456" ec="0" bec="0" bev="0" fileid="24" />
                <SequencePoint vc="0" uspid="1045" ordinal="0" offset="140" sl="457" sc="0" el="457" ec="0" bec="0" bev="0" fileid="24" />
              </SequencePoints>
              <BranchPoints />
            </Method>
            <Method visited="false" cyclomaticComplexity="0" nPathComplexity="0" sequenceCoverage="0.0" branchCoverage="0" crapScore="0" isConstructor="true" isStatic="false" isGetter="false" isSetter="false">
              <Summary numSequencePoints="7" visitedSequencePoints="0" numBranchPoints="0" visitedBranchPoints="0" sequenceCoverage="0.0" branchCoverage="0" maxCyclomaticComplexity="0" minCyclomaticComplexity="0" maxCrapScore="0" minCrapScore="0" visitedClasses="0" numClasses="0" visitedMethods="0" numMethods="1" />
              <MetadataToken>100663371</MetadataToken>
              <Name>UnityEngine.InputSystem.Samples.VisualizationHelpers/TimelineVisualizer::TimelineVisualizer(System.Single)</Name>
              <FileRef uid="24" />
              <SequencePoints>
                <SequencePoint vc="0" uspid="1046" ordinal="0" offset="0" sl="279" sc="0" el="279" ec="0" bec="0" bev="0" fileid="24" />
                <SequencePoint vc="0" uspid="1047" ordinal="0" offset="7" sl="283" sc="0" el="283" ec="0" bec="0" bev="0" fileid="24" />
                <SequencePoint vc="0" uspid="1048" ordinal="0" offset="15" sl="460" sc="0" el="460" ec="0" bec="0" bev="0" fileid="24" />
                <SequencePoint vc="0" uspid="1049" ordinal="0" offset="36" sl="296" sc="0" el="296" ec="0" bec="0" bev="0" fileid="24" />
                <SequencePoint vc="0" uspid="1050" ordinal="0" offset="43" sl="297" sc="0" el="297" ec="0" bec="0" bev="0" fileid="24" />
                <SequencePoint vc="0" uspid="1051" ordinal="0" offset="44" sl="298" sc="0" el="298" ec="0" bec="0" bev="0" fileid="24" />
                <SequencePoint vc="0" uspid="1052" ordinal="0" offset="51" sl="299" sc="0" el="299" ec="0" bec="0" bev="0" fileid="24" />
              </SequencePoints>
              <BranchPoints />
            </Method>
          </Methods>
        </Class>
        <Class>
          <Summary numSequencePoints="25" visitedSequencePoints="0" numBranchPoints="0" visitedBranchPoints="0" sequenceCoverage="0.0" branchCoverage="0.0" maxCyclomaticComplexity="0" minCyclomaticComplexity="0" maxCrapScore="0" minCrapScore="0" visitedClasses="0" numClasses="1" visitedMethods="0" numMethods="3" />
          <FullName>UnityEngine.InputSystem.Samples.VisualizationHelpersRingBuffer[TValue]</FullName>
          <Methods>
            <Method visited="false" cyclomaticComplexity="0" nPathComplexity="0" sequenceCoverage="0.0" branchCoverage="0" crapScore="0" isConstructor="false" isStatic="false" isGetter="false" isSetter="false">
              <Summary numSequencePoints="15" visitedSequencePoints="0" numBranchPoints="0" visitedBranchPoints="0" sequenceCoverage="0.0" branchCoverage="0" maxCyclomaticComplexity="0" minCyclomaticComplexity="0" maxCrapScore="0" minCrapScore="0" visitedClasses="0" numClasses="0" visitedMethods="0" numMethods="1" />
              <MetadataToken>100663379</MetadataToken>
              <Name>UnityEngine.InputSystem.Samples.VisualizationHelpersRingBuffer[TValue]::Append(TValue)</Name>
              <FileRef uid="24" />
              <SequencePoints>
                <SequencePoint vc="0" uspid="1053" ordinal="0" offset="0" sl="640" sc="0" el="640" ec="0" bec="0" bev="0" fileid="24" />
                <SequencePoint vc="0" uspid="1054" ordinal="0" offset="1" sl="642" sc="0" el="642" ec="0" bec="0" bev="0" fileid="24" />
                <SequencePoint vc="0" uspid="1055" ordinal="0" offset="10" sl="643" sc="0" el="643" ec="0" bec="0" bev="0" fileid="24" />
                <SequencePoint vc="0" uspid="1056" ordinal="0" offset="23" sl="644" sc="0" el="644" ec="0" bec="0" bev="0" fileid="24" />
                <SequencePoint vc="0" uspid="1057" ordinal="0" offset="24" sl="645" sc="0" el="645" ec="0" bec="0" bev="0" fileid="24" />
                <SequencePoint vc="0" uspid="1058" ordinal="0" offset="44" sl="646" sc="0" el="646" ec="0" bec="0" bev="0" fileid="24" />
                <SequencePoint vc="0" uspid="1059" ordinal="0" offset="51" sl="647" sc="0" el="647" ec="0" bec="0" bev="0" fileid="24" />
                <SequencePoint vc="0" uspid="1060" ordinal="0" offset="65" sl="648" sc="0" el="648" ec="0" bec="0" bev="0" fileid="24" />
                <SequencePoint vc="0" uspid="1061" ordinal="0" offset="68" sl="650" sc="0" el="650" ec="0" bec="0" bev="0" fileid="24" />
                <SequencePoint vc="0" uspid="1062" ordinal="0" offset="69" sl="652" sc="0" el="652" ec="0" bec="0" bev="0" fileid="24" />
                <SequencePoint vc="0" uspid="1063" ordinal="0" offset="85" sl="653" sc="0" el="653" ec="0" bec="0" bev="0" fileid="24" />
                <SequencePoint vc="0" uspid="1064" ordinal="0" offset="99" sl="654" sc="0" el="654" ec="0" bec="0" bev="0" fileid="24" />
                <SequencePoint vc="0" uspid="1065" ordinal="0" offset="100" sl="655" sc="0" el="655" ec="0" bec="0" bev="0" fileid="24" />
                <SequencePoint vc="0" uspid="1066" ordinal="0" offset="113" sl="656" sc="0" el="656" ec="0" bec="0" bev="0" fileid="24" />
                <SequencePoint vc="0" uspid="1067" ordinal="0" offset="128" sl="657" sc="0" el="657" ec="0" bec="0" bev="0" fileid="24" />
              </SequencePoints>
              <BranchPoints />
            </Method>
            <Method visited="false" cyclomaticComplexity="0" nPathComplexity="0" sequenceCoverage="0.0" branchCoverage="0" crapScore="0" isConstructor="false" isStatic="false" isGetter="true" isSetter="false">
              <Summary numSequencePoints="5" visitedSequencePoints="0" numBranchPoints="0" visitedBranchPoints="0" sequenceCoverage="0.0" branchCoverage="0" maxCyclomaticComplexity="0" minCyclomaticComplexity="0" maxCrapScore="0" minCrapScore="0" visitedClasses="0" numClasses="0" visitedMethods="0" numMethods="1" />
              <MetadataToken>100663380</MetadataToken>
              <Name>UnityEngine.InputSystem.Samples.VisualizationHelpersRingBuffer[TValue]::get_Item(System.Int32)</Name>
              <FileRef uid="24" />
              <SequencePoints>
                <SequencePoint vc="0" uspid="1068" ordinal="0" offset="0" sl="662" sc="0" el="662" ec="0" bec="0" bev="0" fileid="24" />
                <SequencePoint vc="0" uspid="1069" ordinal="0" offset="1" sl="663" sc="0" el="663" ec="0" bec="0" bev="0" fileid="24" />
                <SequencePoint vc="0" uspid="1070" ordinal="0" offset="24" sl="664" sc="0" el="664" ec="0" bec="0" bev="0" fileid="24" />
                <SequencePoint vc="0" uspid="1071" ordinal="0" offset="35" sl="665" sc="0" el="665" ec="0" bec="0" bev="0" fileid="24" />
                <SequencePoint vc="0" uspid="1072" ordinal="0" offset="66" sl="666" sc="0" el="666" ec="0" bec="0" bev="0" fileid="24" />
              </SequencePoints>
              <BranchPoints />
            </Method>
            <Method visited="false" cyclomaticComplexity="0" nPathComplexity="0" sequenceCoverage="0.0" branchCoverage="0" crapScore="0" isConstructor="true" isStatic="false" isGetter="false" isSetter="false">
              <Summary numSequencePoints="5" visitedSequencePoints="0" numBranchPoints="0" visitedBranchPoints="0" sequenceCoverage="0.0" branchCoverage="0" maxCyclomaticComplexity="0" minCyclomaticComplexity="0" maxCrapScore="0" minCrapScore="0" visitedClasses="0" numClasses="0" visitedMethods="0" numMethods="1" />
              <MetadataToken>100663378</MetadataToken>
              <Name>UnityEngine.InputSystem.Samples.VisualizationHelpersRingBuffer[TValue]::RingBuffer(System.Int32)</Name>
              <FileRef uid="24" />
              <SequencePoints>
                <SequencePoint vc="0" uspid="1073" ordinal="0" offset="0" sl="633" sc="0" el="633" ec="0" bec="0" bev="0" fileid="24" />
                <SequencePoint vc="0" uspid="1074" ordinal="0" offset="1" sl="634" sc="0" el="634" ec="0" bec="0" bev="0" fileid="24" />
                <SequencePoint vc="0" uspid="1075" ordinal="0" offset="13" sl="635" sc="0" el="635" ec="0" bec="0" bev="0" fileid="24" />
                <SequencePoint vc="0" uspid="1076" ordinal="0" offset="20" sl="636" sc="0" el="636" ec="0" bec="0" bev="0" fileid="24" />
                <SequencePoint vc="0" uspid="1077" ordinal="0" offset="27" sl="637" sc="0" el="637" ec="0" bec="0" bev="0" fileid="24" />
              </SequencePoints>
              <BranchPoints />
            </Method>
          </Methods>
        </Class>
      </Classes>
    </Module>
  </Modules>
</CoverageSession>