<?xml version="1.0" encoding="utf-8"?>
<CoverageSession xmlns:xsd="http://www.w3.org/2001/XMLSchema" xmlns:xsi="http://www.w3.org/2001/XMLSchema-instance" Version="0.0.0.0">
  <Summary numSequencePoints="327" visitedSequencePoints="129" numBranchPoints="0" visitedBranchPoints="0" sequenceCoverage="39.45" branchCoverage="0.0" maxCyclomaticComplexity="0" minCyclomaticComplexity="0" maxCrapScore="0" minCrapScore="0" visitedClasses="9" numClasses="22" visitedMethods="22" numMethods="50" />
  <Modules>
    <Module>
      <Summary numSequencePoints="34" visitedSequencePoints="34" numBranchPoints="0" visitedBranchPoints="0" sequenceCoverage="100.0" branchCoverage="0.0" maxCyclomaticComplexity="0" minCyclomaticComplexity="0" maxCrapScore="0" minCrapScore="0" visitedClasses="2" numClasses="2" visitedMethods="7" numMethods="7" />
      <ModuleTime>0001-01-01T00:00:00</ModuleTime>
      <ModuleName>Assembly-CSharp</ModuleName>
      <Files>
        <File uid="1" fullPath="/Users/nityapriya/Desktop/unity/Demo Game/Assets/Script/Collectable.cs" />
        <File uid="2" fullPath="/Users/nityapriya/Desktop/unity/Demo Game/Assets/Script/Controller.cs" />
      </Files>
      <Classes>
        <Class>
          <Summary numSequencePoints="7" visitedSequencePoints="7" numBranchPoints="0" visitedBranchPoints="0" sequenceCoverage="100.0" branchCoverage="0.0" maxCyclomaticComplexity="0" minCyclomaticComplexity="0" maxCrapScore="0" minCrapScore="0" visitedClasses="1" numClasses="1" visitedMethods="2" numMethods="2" />
          <FullName>Collectable</FullName>
          <Methods>
            <Method visited="true" cyclomaticComplexity="0" nPathComplexity="0" sequenceCoverage="100.0" branchCoverage="0" crapScore="0" isConstructor="false" isStatic="false" isGetter="false" isSetter="false">
              <Summary numSequencePoints="3" visitedSequencePoints="3" numBranchPoints="0" visitedBranchPoints="0" sequenceCoverage="100.0" branchCoverage="0" maxCyclomaticComplexity="0" minCyclomaticComplexity="0" maxCrapScore="0" minCrapScore="0" visitedClasses="0" numClasses="0" visitedMethods="1" numMethods="1" />
              <MetadataToken>100663297</MetadataToken>
              <Name>System.Void Collectable::SaveOnDestroyCallback(System.Action)</Name>
              <FileRef uid="1" />
              <SequencePoints>
                <SequencePoint vc="7" uspid="1" ordinal="0" offset="0" sl="11" sc="5" el="11" ec="5" bec="0" bev="0" fileid="1" />
                <SequencePoint vc="7" uspid="2" ordinal="0" offset="1" sl="12" sc="9" el="12" ec="9" bec="0" bev="0" fileid="1" />
                <SequencePoint vc="7" uspid="3" ordinal="0" offset="8" sl="13" sc="5" el="13" ec="5" bec="0" bev="0" fileid="1" />
              </SequencePoints>
              <BranchPoints />
            </Method>
            <Method visited="true" cyclomaticComplexity="0" nPathComplexity="0" sequenceCoverage="100.0" branchCoverage="0" crapScore="0" isConstructor="false" isStatic="false" isGetter="false" isSetter="false">
              <Summary numSequencePoints="4" visitedSequencePoints="4" numBranchPoints="0" visitedBranchPoints="0" sequenceCoverage="100.0" branchCoverage="0" maxCyclomaticComplexity="0" minCyclomaticComplexity="0" maxCrapScore="0" minCrapScore="0" visitedClasses="0" numClasses="0" visitedMethods="1" numMethods="1" />
              <MetadataToken>100663298</MetadataToken>
              <Name>System.Void Collectable::OnTriggerEnter(UnityEngine.Collider)</Name>
              <FileRef uid="1" />
              <SequencePoints>
                <SequencePoint vc="5" uspid="4" ordinal="0" offset="0" sl="15" sc="5" el="15" ec="5" bec="0" bev="0" fileid="1" />
                <SequencePoint vc="5" uspid="5" ordinal="0" offset="1" sl="16" sc="9" el="16" ec="9" bec="0" bev="0" fileid="1" />
                <SequencePoint vc="5" uspid="6" ordinal="0" offset="13" sl="17" sc="9" el="17" ec="9" bec="0" bev="0" fileid="1" />
                <SequencePoint vc="5" uspid="7" ordinal="0" offset="25" sl="18" sc="5" el="18" ec="5" bec="0" bev="0" fileid="1" />
              </SequencePoints>
              <BranchPoints />
            </Method>
          </Methods>
        </Class>
        <Class>
          <Summary numSequencePoints="27" visitedSequencePoints="27" numBranchPoints="0" visitedBranchPoints="0" sequenceCoverage="100.0" branchCoverage="0.0" maxCyclomaticComplexity="0" minCyclomaticComplexity="0" maxCrapScore="0" minCrapScore="0" visitedClasses="1" numClasses="1" visitedMethods="5" numMethods="5" />
          <FullName>Controller</FullName>
          <Methods>
            <Method visited="true" cyclomaticComplexity="0" nPathComplexity="0" sequenceCoverage="100.0" branchCoverage="0" crapScore="0" isConstructor="false" isStatic="false" isGetter="false" isSetter="false">
              <Summary numSequencePoints="8" visitedSequencePoints="8" numBranchPoints="0" visitedBranchPoints="0" sequenceCoverage="100.0" branchCoverage="0" maxCyclomaticComplexity="0" minCyclomaticComplexity="0" maxCrapScore="0" minCrapScore="0" visitedClasses="0" numClasses="0" visitedMethods="1" numMethods="1" />
              <MetadataToken>100663300</MetadataToken>
              <Name>System.Void Controller::Start()</Name>
              <FileRef uid="2" />
              <SequencePoints>
                <SequencePoint vc="1" uspid="8" ordinal="0" offset="0" sl="20" sc="5" el="20" ec="5" bec="0" bev="0" fileid="2" />
                <SequencePoint vc="1" uspid="9" ordinal="0" offset="1" sl="21" sc="14" el="21" ec="14" bec="0" bev="0" fileid="2" />
                <SequencePoint vc="2" uspid="10" ordinal="0" offset="5" sl="22" sc="9" el="22" ec="9" bec="0" bev="0" fileid="2" />
                <SequencePoint vc="2" uspid="11" ordinal="0" offset="6" sl="23" sc="13" el="23" ec="13" bec="0" bev="0" fileid="2" />
                <SequencePoint vc="2" uspid="12" ordinal="0" offset="13" sl="24" sc="9" el="24" ec="9" bec="0" bev="0" fileid="2" />
                <SequencePoint vc="2" uspid="13" ordinal="0" offset="14" sl="21" sc="47" el="21" ec="47" bec="0" bev="0" fileid="2" />
                <SequencePoint vc="3" uspid="14" ordinal="0" offset="18" sl="21" sc="25" el="21" ec="25" bec="0" bev="0" fileid="2" />
                <SequencePoint vc="1" uspid="15" ordinal="0" offset="31" sl="25" sc="5" el="25" ec="5" bec="0" bev="0" fileid="2" />
              </SequencePoints>
              <BranchPoints />
            </Method>
            <Method visited="true" cyclomaticComplexity="0" nPathComplexity="0" sequenceCoverage="100.0" branchCoverage="0" crapScore="0" isConstructor="false" isStatic="false" isGetter="false" isSetter="false">
              <Summary numSequencePoints="5" visitedSequencePoints="5" numBranchPoints="0" visitedBranchPoints="0" sequenceCoverage="100.0" branchCoverage="0" maxCyclomaticComplexity="0" minCyclomaticComplexity="0" maxCrapScore="0" minCrapScore="0" visitedClasses="0" numClasses="0" visitedMethods="1" numMethods="1" />
              <MetadataToken>100663301</MetadataToken>
              <Name>System.Void Controller::Collect()</Name>
              <FileRef uid="2" />
              <SequencePoints>
                <SequencePoint vc="5" uspid="16" ordinal="0" offset="0" sl="28" sc="5" el="28" ec="5" bec="0" bev="0" fileid="2" />
                <SequencePoint vc="5" uspid="17" ordinal="0" offset="1" sl="29" sc="9" el="29" ec="9" bec="0" bev="0" fileid="2" />
                <SequencePoint vc="5" uspid="18" ordinal="0" offset="8" sl="30" sc="9" el="30" ec="9" bec="0" bev="0" fileid="2" />
                <SequencePoint vc="5" uspid="19" ordinal="0" offset="23" sl="31" sc="9" el="31" ec="9" bec="0" bev="0" fileid="2" />
                <SequencePoint vc="5" uspid="20" ordinal="0" offset="56" sl="32" sc="5" el="32" ec="5" bec="0" bev="0" fileid="2" />
              </SequencePoints>
              <BranchPoints />
            </Method>
            <Method visited="true" cyclomaticComplexity="0" nPathComplexity="0" sequenceCoverage="100.0" branchCoverage="0" crapScore="0" isConstructor="false" isStatic="false" isGetter="false" isSetter="false">
              <Summary numSequencePoints="8" visitedSequencePoints="8" numBranchPoints="0" visitedBranchPoints="0" sequenceCoverage="100.0" branchCoverage="0" maxCyclomaticComplexity="0" minCyclomaticComplexity="0" maxCrapScore="0" minCrapScore="0" visitedClasses="0" numClasses="0" visitedMethods="1" numMethods="1" />
              <MetadataToken>100663302</MetadataToken>
              <Name>System.Void Controller::spawnCollectable()</Name>
              <FileRef uid="2" />
              <SequencePoints>
                <SequencePoint vc="7" uspid="21" ordinal="0" offset="0" sl="35" sc="5" el="35" ec="5" bec="0" bev="0" fileid="2" />
                <SequencePoint vc="7" uspid="22" ordinal="0" offset="1" sl="36" sc="9" el="36" ec="9" bec="0" bev="0" fileid="2" />
                <SequencePoint vc="7" uspid="23" ordinal="0" offset="17" sl="37" sc="9" el="37" ec="9" bec="0" bev="0" fileid="2" />
                <SequencePoint vc="7" uspid="24" ordinal="0" offset="33" sl="38" sc="9" el="38" ec="9" bec="0" bev="0" fileid="2" />
                <SequencePoint vc="7" uspid="25" ordinal="0" offset="45" sl="39" sc="9" el="39" ec="9" bec="0" bev="0" fileid="2" />
                <SequencePoint vc="7" uspid="26" ordinal="0" offset="69" sl="40" sc="9" el="40" ec="9" bec="0" bev="0" fileid="2" />
                <SequencePoint vc="7" uspid="27" ordinal="0" offset="81" sl="41" sc="9" el="41" ec="9" bec="0" bev="0" fileid="2" />
                <SequencePoint vc="7" uspid="28" ordinal="0" offset="100" sl="42" sc="5" el="42" ec="5" bec="0" bev="0" fileid="2" />
              </SequencePoints>
              <BranchPoints />
            </Method>
            <Method visited="true" cyclomaticComplexity="0" nPathComplexity="0" sequenceCoverage="100.0" branchCoverage="0" crapScore="0" isConstructor="false" isStatic="false" isGetter="false" isSetter="false">
              <Summary numSequencePoints="5" visitedSequencePoints="5" numBranchPoints="0" visitedBranchPoints="0" sequenceCoverage="100.0" branchCoverage="0" maxCyclomaticComplexity="0" minCyclomaticComplexity="0" maxCrapScore="0" minCrapScore="0" visitedClasses="0" numClasses="0" visitedMethods="1" numMethods="1" />
              <MetadataToken>100663303</MetadataToken>
              <Name>System.Void Controller::Update()</Name>
              <FileRef uid="2" />
              <SequencePoints>
                <SequencePoint vc="1120" uspid="29" ordinal="0" offset="0" sl="46" sc="5" el="46" ec="5" bec="0" bev="0" fileid="2" />
                <SequencePoint vc="1120" uspid="30" ordinal="0" offset="1" sl="47" sc="9" el="47" ec="9" bec="0" bev="0" fileid="2" />
                <SequencePoint vc="1120" uspid="31" ordinal="0" offset="12" sl="48" sc="9" el="48" ec="9" bec="0" bev="0" fileid="2" />
                <SequencePoint vc="1120" uspid="32" ordinal="0" offset="23" sl="50" sc="9" el="50" ec="9" bec="0" bev="0" fileid="2" />
                <SequencePoint vc="1120" uspid="33" ordinal="0" offset="47" sl="52" sc="5" el="52" ec="5" bec="0" bev="0" fileid="2" />
              </SequencePoints>
              <BranchPoints />
            </Method>
            <Method visited="true" cyclomaticComplexity="0" nPathComplexity="0" sequenceCoverage="100.0" branchCoverage="0" crapScore="0" isConstructor="true" isStatic="false" isGetter="false" isSetter="false">
              <Summary numSequencePoints="1" visitedSequencePoints="1" numBranchPoints="0" visitedBranchPoints="0" sequenceCoverage="100.0" branchCoverage="0" maxCyclomaticComplexity="0" minCyclomaticComplexity="0" maxCrapScore="0" minCrapScore="0" visitedClasses="0" numClasses="0" visitedMethods="1" numMethods="1" />
              <MetadataToken>100663304</MetadataToken>
              <Name>Controller::Controller()</Name>
              <FileRef uid="2" />
              <SequencePoints>
                <SequencePoint vc="1" uspid="34" ordinal="0" offset="0" sl="13" sc="5" el="13" ec="5" bec="0" bev="0" fileid="2" />
              </SequencePoints>
              <BranchPoints />
            </Method>
          </Methods>
        </Class>
      </Classes>
    </Module>
    <Module>
      <Summary numSequencePoints="167" visitedSequencePoints="52" numBranchPoints="0" visitedBranchPoints="0" sequenceCoverage="31.14" branchCoverage="0.0" maxCyclomaticComplexity="0" minCyclomaticComplexity="0" maxCrapScore="0" minCrapScore="0" visitedClasses="5" numClasses="16" visitedMethods="13" numMethods="39" />
      <ModuleTime>0001-01-01T00:00:00</ModuleTime>
      <ModuleName>AriumFramework</ModuleName>
      <Files>
        <File uid="3" fullPath="/Users/nityapriya/Desktop/unity/Demo Game/Assets/AriumFramework/Arium.cs" />
        <File uid="4" fullPath="/Users/nityapriya/Desktop/unity/Demo Game/Assets/AriumFramework/AriumObjectTracker.cs" />
        <File uid="5" fullPath="/Users/nityapriya/Desktop/unity/Demo Game/Assets/AriumFramework/GameObjectWrapper.cs" />
        <File uid="6" fullPath="/Users/nityapriya/Desktop/unity/Demo Game/Assets/AriumFramework/Interaction.cs" />
        <File uid="7" fullPath="/Users/nityapriya/Desktop/unity/Demo Game/Assets/AriumFramework/Plugins/UnityCore/Interactions/UnityAnimationTrigger.cs" />
        <File uid="8" fullPath="/Users/nityapriya/Desktop/unity/Demo Game/Assets/AriumFramework/Plugins/UnityCore/Interactions/UnityDrag.cs" />
        <File uid="9" fullPath="/Users/nityapriya/Desktop/unity/Demo Game/Assets/AriumFramework/Plugins/UnityCore/Interactions/UnityPointerClick.cs" />
        <File uid="10" fullPath="/Users/nityapriya/Desktop/unity/Demo Game/Assets/AriumFramework/Plugins/UnityCore/Interactions/UnityPointerEnter.cs" />
        <File uid="11" fullPath="/Users/nityapriya/Desktop/unity/Demo Game/Assets/AriumFramework/Plugins/UnityCore/Interactions/UnityPointerExit.cs" />
        <File uid="12" fullPath="/Users/nityapriya/Desktop/unity/Demo Game/Assets/AriumFramework/Plugins/UnityCore/Interactions/UnityPushObject.cs" />
        <File uid="13" fullPath="/Users/nityapriya/Desktop/unity/Demo Game/Assets/AriumFramework/Plugins/UnityCore/Extensions/AnimatorUtils.cs" />
        <File uid="14" fullPath="/Users/nityapriya/Desktop/unity/Demo Game/Assets/AriumFramework/Plugins/UnityCore/Extensions/TextUtils.cs" />
        <File uid="15" fullPath="/Users/nityapriya/Desktop/unity/Demo Game/Assets/AriumFramework/Exceptions/ComponentNotFoundException.cs" />
        <File uid="16" fullPath="/Users/nityapriya/Desktop/unity/Demo Game/Assets/AriumFramework/Exceptions/GameObjectNotFoundException.cs" />
        <File uid="17" fullPath="/Users/nityapriya/Desktop/unity/Demo Game/Assets/AriumFramework/Exceptions/InteractionNotFoundException.cs" />
      </Files>
      <Classes>
        <Class>
          <Summary numSequencePoints="29" visitedSequencePoints="17" numBranchPoints="0" visitedBranchPoints="0" sequenceCoverage="58.62" branchCoverage="0.0" maxCyclomaticComplexity="0" minCyclomaticComplexity="0" maxCrapScore="0" minCrapScore="0" visitedClasses="1" numClasses="1" visitedMethods="4" numMethods="6" />
          <FullName>AriumFramework.Arium</FullName>
          <Methods>
            <Method visited="false" cyclomaticComplexity="0" nPathComplexity="0" sequenceCoverage="0.0" branchCoverage="0" crapScore="0" isConstructor="false" isStatic="false" isGetter="false" isSetter="false">
              <Summary numSequencePoints="3" visitedSequencePoints="0" numBranchPoints="0" visitedBranchPoints="0" sequenceCoverage="0.0" branchCoverage="0" maxCyclomaticComplexity="0" minCyclomaticComplexity="0" maxCrapScore="0" minCrapScore="0" visitedClasses="0" numClasses="0" visitedMethods="0" numMethods="1" />
              <MetadataToken>100663297</MetadataToken>
              <Name>System.Void AriumFramework.Arium::PerformAction(AriumFramework.IInteraction, System.String)</Name>
              <FileRef uid="3" />
              <SequencePoints>
                <SequencePoint vc="0" uspid="35" ordinal="0" offset="0" sl="14" sc="0" el="14" ec="0" bec="0" bev="0" fileid="3" />
                <SequencePoint vc="0" uspid="36" ordinal="0" offset="1" sl="15" sc="0" el="15" ec="0" bec="0" bev="0" fileid="3" />
                <SequencePoint vc="0" uspid="37" ordinal="0" offset="16" sl="16" sc="0" el="16" ec="0" bec="0" bev="0" fileid="3" />
              </SequencePoints>
              <BranchPoints />
            </Method>
            <Method visited="false" cyclomaticComplexity="0" nPathComplexity="0" sequenceCoverage="0.0" branchCoverage="0" crapScore="0" isConstructor="false" isStatic="false" isGetter="false" isSetter="false">
              <Summary numSequencePoints="5" visitedSequencePoints="0" numBranchPoints="0" visitedBranchPoints="0" sequenceCoverage="0.0" branchCoverage="0" maxCyclomaticComplexity="0" minCyclomaticComplexity="0" maxCrapScore="0" minCrapScore="0" visitedClasses="0" numClasses="0" visitedMethods="0" numMethods="1" />
              <MetadataToken>100663298</MetadataToken>
              <Name>System.Void AriumFramework.Arium::PerformAction(AriumFramework.IInteraction, UnityEngine.GameObject)</Name>
              <FileRef uid="3" />
              <SequencePoints>
                <SequencePoint vc="0" uspid="38" ordinal="0" offset="0" sl="19" sc="0" el="19" ec="0" bec="0" bev="0" fileid="3" />
                <SequencePoint vc="0" uspid="39" ordinal="0" offset="1" sl="20" sc="0" el="20" ec="0" bec="0" bev="0" fileid="3" />
                <SequencePoint vc="0" uspid="40" ordinal="0" offset="9" sl="21" sc="0" el="21" ec="0" bec="0" bev="0" fileid="3" />
                <SequencePoint vc="0" uspid="41" ordinal="0" offset="15" sl="23" sc="0" el="23" ec="0" bec="0" bev="0" fileid="3" />
                <SequencePoint vc="0" uspid="42" ordinal="0" offset="23" sl="24" sc="0" el="24" ec="0" bec="0" bev="0" fileid="3" />
              </SequencePoints>
              <BranchPoints />
            </Method>
            <Method visited="true" cyclomaticComplexity="0" nPathComplexity="0" sequenceCoverage="100.0" branchCoverage="0" crapScore="0" isConstructor="false" isStatic="false" isGetter="false" isSetter="false">
              <Summary numSequencePoints="3" visitedSequencePoints="3" numBranchPoints="0" visitedBranchPoints="0" sequenceCoverage="100.0" branchCoverage="0" maxCyclomaticComplexity="0" minCyclomaticComplexity="0" maxCrapScore="0" minCrapScore="0" visitedClasses="0" numClasses="0" visitedMethods="1" numMethods="1" />
              <MetadataToken>100663299</MetadataToken>
              <Name>T AriumFramework.Arium::GetComponent[T](System.String)</Name>
              <FileRef uid="3" />
              <SequencePoints>
                <SequencePoint vc="7" uspid="43" ordinal="0" offset="0" sl="27" sc="0" el="27" ec="0" bec="0" bev="0" fileid="3" />
                <SequencePoint vc="7" uspid="44" ordinal="0" offset="1" sl="28" sc="0" el="28" ec="0" bec="0" bev="0" fileid="3" />
                <SequencePoint vc="7" uspid="45" ordinal="0" offset="21" sl="29" sc="0" el="29" ec="0" bec="0" bev="0" fileid="3" />
              </SequencePoints>
              <BranchPoints />
            </Method>
            <Method visited="true" cyclomaticComplexity="0" nPathComplexity="0" sequenceCoverage="71.43" branchCoverage="0" crapScore="0" isConstructor="false" isStatic="false" isGetter="false" isSetter="false">
              <Summary numSequencePoints="14" visitedSequencePoints="10" numBranchPoints="0" visitedBranchPoints="0" sequenceCoverage="71.43" branchCoverage="0" maxCyclomaticComplexity="0" minCyclomaticComplexity="0" maxCrapScore="0" minCrapScore="0" visitedClasses="0" numClasses="0" visitedMethods="1" numMethods="1" />
              <MetadataToken>100663300</MetadataToken>
              <Name>UnityEngine.GameObject AriumFramework.Arium::FindGameObject(System.String)</Name>
              <FileRef uid="3" />
              <SequencePoints>
                <SequencePoint vc="8" uspid="46" ordinal="0" offset="0" sl="32" sc="9" el="32" ec="9" bec="0" bev="0" fileid="3" />
                <SequencePoint vc="8" uspid="47" ordinal="0" offset="1" sl="34" sc="13" el="34" ec="13" bec="0" bev="0" fileid="3" />
                <SequencePoint vc="8" uspid="48" ordinal="0" offset="2" sl="35" sc="17" el="35" ec="17" bec="0" bev="0" fileid="3" />
                <SequencePoint vc="7" uspid="49" ordinal="0" offset="21" sl="36" sc="17" el="36" ec="17" bec="0" bev="0" fileid="3" />
                <SequencePoint vc="7" uspid="50" ordinal="0" offset="22" sl="37" sc="21" el="37" ec="21" bec="0" bev="0" fileid="3" />
                <SequencePoint vc="7" uspid="51" ordinal="0" offset="29" sl="38" sc="21" el="38" ec="21" bec="0" bev="0" fileid="3" />
                <SequencePoint vc="7" uspid="52" ordinal="0" offset="48" sl="39" sc="21" el="39" ec="21" bec="0" bev="0" fileid="3" />
                <SequencePoint vc="7" uspid="53" ordinal="0" offset="67" sl="40" sc="17" el="40" ec="17" bec="0" bev="0" fileid="3" />
                <SequencePoint vc="8" uspid="54" ordinal="0" offset="68" sl="42" sc="17" el="42" ec="17" bec="0" bev="0" fileid="3" />
                <SequencePoint vc="0" uspid="55" ordinal="0" offset="83" sl="44" sc="13" el="44" ec="13" bec="0" bev="0" fileid="3" />
                <SequencePoint vc="0" uspid="56" ordinal="0" offset="84" sl="45" sc="13" el="45" ec="13" bec="0" bev="0" fileid="3" />
                <SequencePoint vc="0" uspid="57" ordinal="0" offset="85" sl="46" sc="17" el="46" ec="17" bec="0" bev="0" fileid="3" />
                <SequencePoint vc="0" uspid="58" ordinal="0" offset="102" sl="47" sc="17" el="47" ec="17" bec="0" bev="0" fileid="3" />
                <SequencePoint vc="8" uspid="59" ordinal="0" offset="104" sl="49" sc="9" el="49" ec="9" bec="0" bev="0" fileid="3" />
              </SequencePoints>
              <BranchPoints />
            </Method>
            <Method visited="true" cyclomaticComplexity="0" nPathComplexity="0" sequenceCoverage="100.0" branchCoverage="0" crapScore="0" isConstructor="false" isStatic="false" isGetter="false" isSetter="false">
              <Summary numSequencePoints="3" visitedSequencePoints="3" numBranchPoints="0" visitedBranchPoints="0" sequenceCoverage="100.0" branchCoverage="0" maxCyclomaticComplexity="0" minCyclomaticComplexity="0" maxCrapScore="0" minCrapScore="0" visitedClasses="0" numClasses="0" visitedMethods="1" numMethods="1" />
              <MetadataToken>100663301</MetadataToken>
              <Name>System.Void AriumFramework.Arium::RemoveObjectFromCache(System.String)</Name>
              <FileRef uid="3" />
              <SequencePoints>
                <SequencePoint vc="5" uspid="60" ordinal="0" offset="0" sl="52" sc="9" el="52" ec="9" bec="0" bev="0" fileid="3" />
                <SequencePoint vc="5" uspid="61" ordinal="0" offset="1" sl="53" sc="13" el="53" ec="13" bec="0" bev="0" fileid="3" />
                <SequencePoint vc="5" uspid="62" ordinal="0" offset="14" sl="54" sc="9" el="54" ec="9" bec="0" bev="0" fileid="3" />
              </SequencePoints>
              <BranchPoints />
            </Method>
            <Method visited="true" cyclomaticComplexity="0" nPathComplexity="0" sequenceCoverage="100.0" branchCoverage="0" crapScore="0" isConstructor="true" isStatic="false" isGetter="false" isSetter="false">
              <Summary numSequencePoints="1" visitedSequencePoints="1" numBranchPoints="0" visitedBranchPoints="0" sequenceCoverage="100.0" branchCoverage="0" maxCyclomaticComplexity="0" minCyclomaticComplexity="0" maxCrapScore="0" minCrapScore="0" visitedClasses="0" numClasses="0" visitedMethods="1" numMethods="1" />
              <MetadataToken>100663302</MetadataToken>
              <Name>AriumFramework.Arium::Arium()</Name>
              <FileRef uid="3" />
              <SequencePoints>
                <SequencePoint vc="1" uspid="63" ordinal="0" offset="0" sl="10" sc="9" el="10" ec="9" bec="0" bev="0" fileid="3" />
              </SequencePoints>
              <BranchPoints />
            </Method>
          </Methods>
        </Class>
        <Class>
          <Summary numSequencePoints="6" visitedSequencePoints="6" numBranchPoints="0" visitedBranchPoints="0" sequenceCoverage="100.0" branchCoverage="0.0" maxCyclomaticComplexity="0" minCyclomaticComplexity="0" maxCrapScore="0" minCrapScore="0" visitedClasses="1" numClasses="1" visitedMethods="2" numMethods="2" />
          <FullName>AriumFramework.AriumObjectTracker</FullName>
          <Methods>
            <Method visited="true" cyclomaticComplexity="0" nPathComplexity="0" sequenceCoverage="100.0" branchCoverage="0" crapScore="0" isConstructor="false" isStatic="false" isGetter="false" isSetter="false">
              <Summary numSequencePoints="3" visitedSequencePoints="3" numBranchPoints="0" visitedBranchPoints="0" sequenceCoverage="100.0" branchCoverage="0" maxCyclomaticComplexity="0" minCyclomaticComplexity="0" maxCrapScore="0" minCrapScore="0" visitedClasses="0" numClasses="0" visitedMethods="1" numMethods="1" />
              <MetadataToken>100663303</MetadataToken>
              <Name>System.Void AriumFramework.AriumObjectTracker::Initialize(UnityEngine.Events.UnityAction)</Name>
              <FileRef uid="4" />
              <SequencePoints>
                <SequencePoint vc="7" uspid="64" ordinal="0" offset="0" sl="11" sc="9" el="11" ec="9" bec="0" bev="0" fileid="4" />
                <SequencePoint vc="7" uspid="65" ordinal="0" offset="1" sl="12" sc="13" el="12" ec="13" bec="0" bev="0" fileid="4" />
                <SequencePoint vc="7" uspid="66" ordinal="0" offset="8" sl="13" sc="9" el="13" ec="9" bec="0" bev="0" fileid="4" />
              </SequencePoints>
              <BranchPoints />
            </Method>
            <Method visited="true" cyclomaticComplexity="0" nPathComplexity="0" sequenceCoverage="100.0" branchCoverage="0" crapScore="0" isConstructor="false" isStatic="false" isGetter="false" isSetter="false">
              <Summary numSequencePoints="3" visitedSequencePoints="3" numBranchPoints="0" visitedBranchPoints="0" sequenceCoverage="100.0" branchCoverage="0" maxCyclomaticComplexity="0" minCyclomaticComplexity="0" maxCrapScore="0" minCrapScore="0" visitedClasses="0" numClasses="0" visitedMethods="1" numMethods="1" />
              <MetadataToken>100663304</MetadataToken>
              <Name>System.Void AriumFramework.AriumObjectTracker::OnDestroy()</Name>
              <FileRef uid="4" />
              <SequencePoints>
                <SequencePoint vc="5" uspid="67" ordinal="0" offset="0" sl="16" sc="9" el="16" ec="9" bec="0" bev="0" fileid="4" />
                <SequencePoint vc="5" uspid="68" ordinal="0" offset="1" sl="17" sc="13" el="17" ec="13" bec="0" bev="0" fileid="4" />
                <SequencePoint vc="5" uspid="69" ordinal="0" offset="19" sl="18" sc="9" el="18" ec="9" bec="0" bev="0" fileid="4" />
              </SequencePoints>
              <BranchPoints />
            </Method>
          </Methods>
        </Class>
        <Class>
          <Summary numSequencePoints="35" visitedSequencePoints="25" numBranchPoints="0" visitedBranchPoints="0" sequenceCoverage="71.43" branchCoverage="0.0" maxCyclomaticComplexity="0" minCyclomaticComplexity="0" maxCrapScore="0" minCrapScore="0" visitedClasses="1" numClasses="1" visitedMethods="5" numMethods="6" />
          <FullName>AriumFramework.GameObjectWrapper</FullName>
          <Methods>
            <Method visited="true" cyclomaticComplexity="0" nPathComplexity="0" sequenceCoverage="83.33" branchCoverage="0" crapScore="0" isConstructor="false" isStatic="false" isGetter="false" isSetter="false">
              <Summary numSequencePoints="6" visitedSequencePoints="5" numBranchPoints="0" visitedBranchPoints="0" sequenceCoverage="83.33" branchCoverage="0" maxCyclomaticComplexity="0" minCyclomaticComplexity="0" maxCrapScore="0" minCrapScore="0" visitedClasses="0" numClasses="0" visitedMethods="1" numMethods="1" />
              <MetadataToken>100663308</MetadataToken>
              <Name>System.Void AriumFramework.GameObjectWrapper::AddTracker(UnityEngine.Events.UnityAction[String])</Name>
              <FileRef uid="5" />
              <SequencePoints>
                <SequencePoint vc="7" uspid="70" ordinal="0" offset="20" sl="35" sc="9" el="35" ec="9" bec="0" bev="0" fileid="5" />
                <SequencePoint vc="7" uspid="71" ordinal="0" offset="21" sl="36" sc="13" el="36" ec="13" bec="0" bev="0" fileid="5" />
                <SequencePoint vc="7" uspid="72" ordinal="0" offset="33" sl="37" sc="13" el="37" ec="13" bec="0" bev="0" fileid="5" />
                <SequencePoint vc="0" uspid="73" ordinal="0" offset="44" sl="38" sc="17" el="38" ec="17" bec="0" bev="0" fileid="5" />
                <SequencePoint vc="7" uspid="74" ordinal="0" offset="56" sl="40" sc="13" el="40" ec="13" bec="0" bev="0" fileid="5" />
                <SequencePoint vc="7" uspid="75" ordinal="0" offset="75" sl="41" sc="9" el="41" ec="9" bec="0" bev="0" fileid="5" />
              </SequencePoints>
              <BranchPoints />
            </Method>
            <Method visited="true" cyclomaticComplexity="0" nPathComplexity="0" sequenceCoverage="71.43" branchCoverage="0" crapScore="0" isConstructor="false" isStatic="false" isGetter="false" isSetter="false">
              <Summary numSequencePoints="7" visitedSequencePoints="5" numBranchPoints="0" visitedBranchPoints="0" sequenceCoverage="71.43" branchCoverage="0" maxCyclomaticComplexity="0" minCyclomaticComplexity="0" maxCrapScore="0" minCrapScore="0" visitedClasses="0" numClasses="0" visitedMethods="1" numMethods="1" />
              <MetadataToken>100663309</MetadataToken>
              <Name>T AriumFramework.GameObjectWrapper::GetComponent[T]()</Name>
              <FileRef uid="5" />
              <SequencePoints>
                <SequencePoint vc="16" uspid="76" ordinal="0" offset="0" sl="44" sc="0" el="44" ec="0" bec="0" bev="0" fileid="5" />
                <SequencePoint vc="16" uspid="77" ordinal="0" offset="1" sl="45" sc="0" el="45" ec="0" bec="0" bev="0" fileid="5" />
                <SequencePoint vc="16" uspid="78" ordinal="0" offset="13" sl="47" sc="0" el="47" ec="0" bec="0" bev="0" fileid="5" />
                <SequencePoint vc="0" uspid="79" ordinal="0" offset="26" sl="48" sc="0" el="48" ec="0" bec="0" bev="0" fileid="5" />
                <SequencePoint vc="0" uspid="80" ordinal="0" offset="27" sl="49" sc="0" el="49" ec="0" bec="0" bev="0" fileid="5" />
                <SequencePoint vc="16" uspid="81" ordinal="0" offset="49" sl="52" sc="0" el="52" ec="0" bec="0" bev="0" fileid="5" />
                <SequencePoint vc="16" uspid="82" ordinal="0" offset="53" sl="53" sc="0" el="53" ec="0" bec="0" bev="0" fileid="5" />
              </SequencePoints>
              <BranchPoints />
            </Method>
            <Method visited="false" cyclomaticComplexity="0" nPathComplexity="0" sequenceCoverage="0.0" branchCoverage="0" crapScore="0" isConstructor="false" isStatic="false" isGetter="false" isSetter="false">
              <Summary numSequencePoints="3" visitedSequencePoints="0" numBranchPoints="0" visitedBranchPoints="0" sequenceCoverage="0.0" branchCoverage="0" maxCyclomaticComplexity="0" minCyclomaticComplexity="0" maxCrapScore="0" minCrapScore="0" visitedClasses="0" numClasses="0" visitedMethods="0" numMethods="1" />
              <MetadataToken>100663310</MetadataToken>
              <Name>System.String AriumFramework.GameObjectWrapper::ToString()</Name>
              <FileRef uid="5" />
              <SequencePoints>
                <SequencePoint vc="0" uspid="83" ordinal="0" offset="0" sl="56" sc="0" el="56" ec="0" bec="0" bev="0" fileid="5" />
                <SequencePoint vc="0" uspid="84" ordinal="0" offset="1" sl="57" sc="0" el="57" ec="0" bec="0" bev="0" fileid="5" />
                <SequencePoint vc="0" uspid="85" ordinal="0" offset="41" sl="58" sc="0" el="58" ec="0" bec="0" bev="0" fileid="5" />
              </SequencePoints>
              <BranchPoints />
            </Method>
            <Method visited="true" cyclomaticComplexity="0" nPathComplexity="0" sequenceCoverage="100.0" branchCoverage="0" crapScore="0" isConstructor="false" isStatic="false" isGetter="false" isSetter="false">
              <Summary numSequencePoints="3" visitedSequencePoints="3" numBranchPoints="0" visitedBranchPoints="0" sequenceCoverage="100.0" branchCoverage="0" maxCyclomaticComplexity="0" minCyclomaticComplexity="0" maxCrapScore="0" minCrapScore="0" visitedClasses="0" numClasses="0" visitedMethods="1" numMethods="1" />
              <MetadataToken>100663311</MetadataToken>
              <Name>UnityEngine.GameObject AriumFramework.GameObjectWrapper::GetObject()</Name>
              <FileRef uid="5" />
              <SequencePoints>
                <SequencePoint vc="7" uspid="86" ordinal="0" offset="0" sl="61" sc="9" el="61" ec="9" bec="0" bev="0" fileid="5" />
                <SequencePoint vc="7" uspid="87" ordinal="0" offset="1" sl="62" sc="13" el="62" ec="13" bec="0" bev="0" fileid="5" />
                <SequencePoint vc="7" uspid="88" ordinal="0" offset="10" sl="63" sc="9" el="63" ec="9" bec="0" bev="0" fileid="5" />
              </SequencePoints>
              <BranchPoints />
            </Method>
            <Method visited="true" cyclomaticComplexity="0" nPathComplexity="0" sequenceCoverage="70.00" branchCoverage="0" crapScore="0" isConstructor="true" isStatic="false" isGetter="false" isSetter="false">
              <Summary numSequencePoints="10" visitedSequencePoints="7" numBranchPoints="0" visitedBranchPoints="0" sequenceCoverage="70.00" branchCoverage="0" maxCyclomaticComplexity="0" minCyclomaticComplexity="0" maxCrapScore="0" minCrapScore="0" visitedClasses="0" numClasses="0" visitedMethods="1" numMethods="1" />
              <MetadataToken>100663306</MetadataToken>
              <Name>AriumFramework.GameObjectWrapper::GameObjectWrapper(System.String)</Name>
              <FileRef uid="5" />
              <SequencePoints>
                <SequencePoint vc="7" uspid="89" ordinal="0" offset="0" sl="13" sc="9" el="13" ec="9" bec="0" bev="0" fileid="5" />
                <SequencePoint vc="7" uspid="90" ordinal="0" offset="7" sl="14" sc="9" el="14" ec="9" bec="0" bev="0" fileid="5" />
                <SequencePoint vc="7" uspid="91" ordinal="0" offset="8" sl="15" sc="13" el="15" ec="13" bec="0" bev="0" fileid="5" />
                <SequencePoint vc="7" uspid="92" ordinal="0" offset="15" sl="16" sc="13" el="16" ec="13" bec="0" bev="0" fileid="5" />
                <SequencePoint vc="0" uspid="93" ordinal="0" offset="30" sl="17" sc="17" el="17" ec="17" bec="0" bev="0" fileid="5" />
                <SequencePoint vc="7" uspid="94" ordinal="0" offset="41" sl="19" sc="13" el="19" ec="13" bec="0" bev="0" fileid="5" />
                <SequencePoint vc="7" uspid="95" ordinal="0" offset="58" sl="21" sc="13" el="21" ec="13" bec="0" bev="0" fileid="5" />
                <SequencePoint vc="0" uspid="96" ordinal="0" offset="74" sl="22" sc="13" el="22" ec="13" bec="0" bev="0" fileid="5" />
                <SequencePoint vc="0" uspid="97" ordinal="0" offset="75" sl="23" sc="17" el="23" ec="17" bec="0" bev="0" fileid="5" />
                <SequencePoint vc="7" uspid="98" ordinal="0" offset="87" sl="25" sc="9" el="25" ec="9" bec="0" bev="0" fileid="5" />
              </SequencePoints>
              <BranchPoints />
            </Method>
            <Method visited="true" cyclomaticComplexity="0" nPathComplexity="0" sequenceCoverage="83.33" branchCoverage="0" crapScore="0" isConstructor="true" isStatic="false" isGetter="false" isSetter="false">
              <Summary numSequencePoints="6" visitedSequencePoints="5" numBranchPoints="0" visitedBranchPoints="0" sequenceCoverage="83.33" branchCoverage="0" maxCyclomaticComplexity="0" minCyclomaticComplexity="0" maxCrapScore="0" minCrapScore="0" visitedClasses="0" numClasses="0" visitedMethods="1" numMethods="1" />
              <MetadataToken>100663307</MetadataToken>
              <Name>AriumFramework.GameObjectWrapper::GameObjectWrapper(UnityEngine.GameObject)</Name>
              <FileRef uid="5" />
              <SequencePoints>
                <SequencePoint vc="16" uspid="99" ordinal="0" offset="0" sl="27" sc="9" el="27" ec="9" bec="0" bev="0" fileid="5" />
                <SequencePoint vc="16" uspid="100" ordinal="0" offset="7" sl="28" sc="9" el="28" ec="9" bec="0" bev="0" fileid="5" />
                <SequencePoint vc="16" uspid="101" ordinal="0" offset="8" sl="29" sc="13" el="29" ec="13" bec="0" bev="0" fileid="5" />
                <SequencePoint vc="0" uspid="102" ordinal="0" offset="19" sl="29" sc="37" el="29" ec="37" bec="0" bev="0" fileid="5" />
                <SequencePoint vc="16" uspid="103" ordinal="0" offset="25" sl="31" sc="13" el="31" ec="13" bec="0" bev="0" fileid="5" />
                <SequencePoint vc="16" uspid="104" ordinal="0" offset="32" sl="32" sc="9" el="32" ec="9" bec="0" bev="0" fileid="5" />
              </SequencePoints>
              <BranchPoints />
            </Method>
          </Methods>
        </Class>
        <Class>
          <Summary numSequencePoints="17" visitedSequencePoints="0" numBranchPoints="0" visitedBranchPoints="0" sequenceCoverage="0.0" branchCoverage="0.0" maxCyclomaticComplexity="0" minCyclomaticComplexity="0" maxCrapScore="0" minCrapScore="0" visitedClasses="0" numClasses="1" visitedMethods="0" numMethods="4" />
          <FullName>AriumFramework.Interaction[T]</FullName>
          <Methods>
            <Method visited="false" cyclomaticComplexity="0" nPathComplexity="0" sequenceCoverage="0.0" branchCoverage="0" crapScore="0" isConstructor="false" isStatic="false" isGetter="false" isSetter="false">
              <Summary numSequencePoints="3" visitedSequencePoints="0" numBranchPoints="0" visitedBranchPoints="0" sequenceCoverage="0.0" branchCoverage="0" maxCyclomaticComplexity="0" minCyclomaticComplexity="0" maxCrapScore="0" minCrapScore="0" visitedClasses="0" numClasses="0" visitedMethods="0" numMethods="1" />
              <MetadataToken>100663315</MetadataToken>
              <Name>System.Void AriumFramework.Interaction[T]::SetAction(UnityEngine.Events.UnityAction[T])</Name>
              <FileRef uid="6" />
              <SequencePoints>
                <SequencePoint vc="0" uspid="105" ordinal="0" offset="0" sl="21" sc="0" el="21" ec="0" bec="0" bev="0" fileid="6" />
                <SequencePoint vc="0" uspid="106" ordinal="0" offset="1" sl="22" sc="0" el="22" ec="0" bec="0" bev="0" fileid="6" />
                <SequencePoint vc="0" uspid="107" ordinal="0" offset="8" sl="23" sc="0" el="23" ec="0" bec="0" bev="0" fileid="6" />
              </SequencePoints>
              <BranchPoints />
            </Method>
            <Method visited="false" cyclomaticComplexity="0" nPathComplexity="0" sequenceCoverage="0.0" branchCoverage="0" crapScore="0" isConstructor="false" isStatic="false" isGetter="false" isSetter="false">
              <Summary numSequencePoints="7" visitedSequencePoints="0" numBranchPoints="0" visitedBranchPoints="0" sequenceCoverage="0.0" branchCoverage="0" maxCyclomaticComplexity="0" minCyclomaticComplexity="0" maxCrapScore="0" minCrapScore="0" visitedClasses="0" numClasses="0" visitedMethods="0" numMethods="1" />
              <MetadataToken>100663316</MetadataToken>
              <Name>System.Void AriumFramework.Interaction[T]::PerformAction(UnityEngine.GameObject)</Name>
              <FileRef uid="6" />
              <SequencePoints>
                <SequencePoint vc="0" uspid="108" ordinal="0" offset="0" sl="26" sc="0" el="26" ec="0" bec="0" bev="0" fileid="6" />
                <SequencePoint vc="0" uspid="109" ordinal="0" offset="1" sl="27" sc="0" el="27" ec="0" bec="0" bev="0" fileid="6" />
                <SequencePoint vc="0" uspid="110" ordinal="0" offset="8" sl="29" sc="0" el="29" ec="0" bec="0" bev="0" fileid="6" />
                <SequencePoint vc="0" uspid="111" ordinal="0" offset="21" sl="30" sc="0" el="30" ec="0" bec="0" bev="0" fileid="6" />
                <SequencePoint vc="0" uspid="112" ordinal="0" offset="22" sl="31" sc="0" el="31" ec="0" bec="0" bev="0" fileid="6" />
                <SequencePoint vc="0" uspid="113" ordinal="0" offset="39" sl="34" sc="0" el="34" ec="0" bec="0" bev="0" fileid="6" />
                <SequencePoint vc="0" uspid="114" ordinal="0" offset="52" sl="35" sc="0" el="35" ec="0" bec="0" bev="0" fileid="6" />
              </SequencePoints>
              <BranchPoints />
            </Method>
            <Method visited="false" cyclomaticComplexity="0" nPathComplexity="0" sequenceCoverage="0.0" branchCoverage="0" crapScore="0" isConstructor="true" isStatic="false" isGetter="false" isSetter="false">
              <Summary numSequencePoints="4" visitedSequencePoints="0" numBranchPoints="0" visitedBranchPoints="0" sequenceCoverage="0.0" branchCoverage="0" maxCyclomaticComplexity="0" minCyclomaticComplexity="0" maxCrapScore="0" minCrapScore="0" visitedClasses="0" numClasses="0" visitedMethods="0" numMethods="1" />
              <MetadataToken>100663313</MetadataToken>
              <Name>AriumFramework.Interaction[T]::Interaction(UnityEngine.Events.UnityAction[T])</Name>
              <FileRef uid="6" />
              <SequencePoints>
                <SequencePoint vc="0" uspid="115" ordinal="0" offset="0" sl="11" sc="0" el="11" ec="0" bec="0" bev="0" fileid="6" />
                <SequencePoint vc="0" uspid="116" ordinal="0" offset="7" sl="12" sc="0" el="12" ec="0" bec="0" bev="0" fileid="6" />
                <SequencePoint vc="0" uspid="117" ordinal="0" offset="8" sl="13" sc="0" el="13" ec="0" bec="0" bev="0" fileid="6" />
                <SequencePoint vc="0" uspid="118" ordinal="0" offset="15" sl="14" sc="0" el="14" ec="0" bec="0" bev="0" fileid="6" />
              </SequencePoints>
              <BranchPoints />
            </Method>
            <Method visited="false" cyclomaticComplexity="0" nPathComplexity="0" sequenceCoverage="0.0" branchCoverage="0" crapScore="0" isConstructor="true" isStatic="false" isGetter="false" isSetter="false">
              <Summary numSequencePoints="3" visitedSequencePoints="0" numBranchPoints="0" visitedBranchPoints="0" sequenceCoverage="0.0" branchCoverage="0" maxCyclomaticComplexity="0" minCyclomaticComplexity="0" maxCrapScore="0" minCrapScore="0" visitedClasses="0" numClasses="0" visitedMethods="0" numMethods="1" />
              <MetadataToken>100663314</MetadataToken>
              <Name>AriumFramework.Interaction[T]::Interaction()</Name>
              <FileRef uid="6" />
              <SequencePoints>
                <SequencePoint vc="0" uspid="119" ordinal="0" offset="0" sl="16" sc="0" el="16" ec="0" bec="0" bev="0" fileid="6" />
                <SequencePoint vc="0" uspid="120" ordinal="0" offset="7" sl="17" sc="0" el="17" ec="0" bec="0" bev="0" fileid="6" />
                <SequencePoint vc="0" uspid="121" ordinal="0" offset="8" sl="18" sc="0" el="18" ec="0" bec="0" bev="0" fileid="6" />
              </SequencePoints>
              <BranchPoints />
            </Method>
          </Methods>
        </Class>
        <Class>
          <Summary numSequencePoints="8" visitedSequencePoints="0" numBranchPoints="0" visitedBranchPoints="0" sequenceCoverage="0.0" branchCoverage="0.0" maxCyclomaticComplexity="0" minCyclomaticComplexity="0" maxCrapScore="0" minCrapScore="0" visitedClasses="0" numClasses="1" visitedMethods="0" numMethods="2" />
          <FullName>AriumFramework.Plugins.UnityCore.Interactions.UnityAnimationTrigger</FullName>
          <Methods>
            <Method visited="false" cyclomaticComplexity="0" nPathComplexity="0" sequenceCoverage="0.0" branchCoverage="0" crapScore="0" isConstructor="false" isStatic="false" isGetter="false" isSetter="false">
              <Summary numSequencePoints="3" visitedSequencePoints="0" numBranchPoints="0" visitedBranchPoints="0" sequenceCoverage="0.0" branchCoverage="0" maxCyclomaticComplexity="0" minCyclomaticComplexity="0" maxCrapScore="0" minCrapScore="0" visitedClasses="0" numClasses="0" visitedMethods="0" numMethods="1" />
              <MetadataToken>100663318</MetadataToken>
              <Name>System.Void AriumFramework.Plugins.UnityCore.Interactions.UnityAnimationTrigger::Trigger(UnityEngine.Animator)</Name>
              <FileRef uid="7" />
              <SequencePoints>
                <SequencePoint vc="0" uspid="122" ordinal="0" offset="0" sl="16" sc="0" el="16" ec="0" bec="0" bev="0" fileid="7" />
                <SequencePoint vc="0" uspid="123" ordinal="0" offset="1" sl="17" sc="0" el="17" ec="0" bec="0" bev="0" fileid="7" />
                <SequencePoint vc="0" uspid="124" ordinal="0" offset="14" sl="18" sc="0" el="18" ec="0" bec="0" bev="0" fileid="7" />
              </SequencePoints>
              <BranchPoints />
            </Method>
            <Method visited="false" cyclomaticComplexity="0" nPathComplexity="0" sequenceCoverage="0.0" branchCoverage="0" crapScore="0" isConstructor="true" isStatic="false" isGetter="false" isSetter="false">
              <Summary numSequencePoints="5" visitedSequencePoints="0" numBranchPoints="0" visitedBranchPoints="0" sequenceCoverage="0.0" branchCoverage="0" maxCyclomaticComplexity="0" minCyclomaticComplexity="0" maxCrapScore="0" minCrapScore="0" visitedClasses="0" numClasses="0" visitedMethods="0" numMethods="1" />
              <MetadataToken>100663317</MetadataToken>
              <Name>AriumFramework.Plugins.UnityCore.Interactions.UnityAnimationTrigger::UnityAnimationTrigger(System.String)</Name>
              <FileRef uid="7" />
              <SequencePoints>
                <SequencePoint vc="0" uspid="125" ordinal="0" offset="0" sl="9" sc="0" el="9" ec="0" bec="0" bev="0" fileid="7" />
                <SequencePoint vc="0" uspid="126" ordinal="0" offset="7" sl="10" sc="0" el="10" ec="0" bec="0" bev="0" fileid="7" />
                <SequencePoint vc="0" uspid="127" ordinal="0" offset="8" sl="11" sc="0" el="11" ec="0" bec="0" bev="0" fileid="7" />
                <SequencePoint vc="0" uspid="128" ordinal="0" offset="15" sl="12" sc="0" el="12" ec="0" bec="0" bev="0" fileid="7" />
                <SequencePoint vc="0" uspid="129" ordinal="0" offset="34" sl="13" sc="0" el="13" ec="0" bec="0" bev="0" fileid="7" />
              </SequencePoints>
              <BranchPoints />
            </Method>
          </Methods>
        </Class>
        <Class>
          <Summary numSequencePoints="8" visitedSequencePoints="0" numBranchPoints="0" visitedBranchPoints="0" sequenceCoverage="0.0" branchCoverage="0.0" maxCyclomaticComplexity="0" minCyclomaticComplexity="0" maxCrapScore="0" minCrapScore="0" visitedClasses="0" numClasses="1" visitedMethods="0" numMethods="2" />
          <FullName>AriumFramework.Plugins.UnityCore.Interactions.UnityDrag</FullName>
          <Methods>
            <Method visited="false" cyclomaticComplexity="0" nPathComplexity="0" sequenceCoverage="0.0" branchCoverage="0" crapScore="0" isConstructor="false" isStatic="false" isGetter="false" isSetter="false">
              <Summary numSequencePoints="3" visitedSequencePoints="0" numBranchPoints="0" visitedBranchPoints="0" sequenceCoverage="0.0" branchCoverage="0" maxCyclomaticComplexity="0" minCyclomaticComplexity="0" maxCrapScore="0" minCrapScore="0" visitedClasses="0" numClasses="0" visitedMethods="0" numMethods="1" />
              <MetadataToken>100663320</MetadataToken>
              <Name>System.Void AriumFramework.Plugins.UnityCore.Interactions.UnityDrag::Drag(UnityEngine.EventSystems.IDragHandler)</Name>
              <FileRef uid="8" />
              <SequencePoints>
                <SequencePoint vc="0" uspid="130" ordinal="0" offset="0" sl="17" sc="0" el="17" ec="0" bec="0" bev="0" fileid="8" />
                <SequencePoint vc="0" uspid="131" ordinal="0" offset="1" sl="18" sc="0" el="18" ec="0" bec="0" bev="0" fileid="8" />
                <SequencePoint vc="0" uspid="132" ordinal="0" offset="31" sl="22" sc="0" el="22" ec="0" bec="0" bev="0" fileid="8" />
              </SequencePoints>
              <BranchPoints />
            </Method>
            <Method visited="false" cyclomaticComplexity="0" nPathComplexity="0" sequenceCoverage="0.0" branchCoverage="0" crapScore="0" isConstructor="true" isStatic="false" isGetter="false" isSetter="false">
              <Summary numSequencePoints="5" visitedSequencePoints="0" numBranchPoints="0" visitedBranchPoints="0" sequenceCoverage="0.0" branchCoverage="0" maxCyclomaticComplexity="0" minCyclomaticComplexity="0" maxCrapScore="0" minCrapScore="0" visitedClasses="0" numClasses="0" visitedMethods="0" numMethods="1" />
              <MetadataToken>100663319</MetadataToken>
              <Name>AriumFramework.Plugins.UnityCore.Interactions.UnityDrag::UnityDrag(UnityEngine.Vector2)</Name>
              <FileRef uid="8" />
              <SequencePoints>
                <SequencePoint vc="0" uspid="133" ordinal="0" offset="0" sl="10" sc="0" el="10" ec="0" bec="0" bev="0" fileid="8" />
                <SequencePoint vc="0" uspid="134" ordinal="0" offset="7" sl="11" sc="0" el="11" ec="0" bec="0" bev="0" fileid="8" />
                <SequencePoint vc="0" uspid="135" ordinal="0" offset="8" sl="12" sc="0" el="12" ec="0" bec="0" bev="0" fileid="8" />
                <SequencePoint vc="0" uspid="136" ordinal="0" offset="15" sl="13" sc="0" el="13" ec="0" bec="0" bev="0" fileid="8" />
                <SequencePoint vc="0" uspid="137" ordinal="0" offset="34" sl="14" sc="0" el="14" ec="0" bec="0" bev="0" fileid="8" />
              </SequencePoints>
              <BranchPoints />
            </Method>
          </Methods>
        </Class>
        <Class>
          <Summary numSequencePoints="14" visitedSequencePoints="0" numBranchPoints="0" visitedBranchPoints="0" sequenceCoverage="0.0" branchCoverage="0.0" maxCyclomaticComplexity="0" minCyclomaticComplexity="0" maxCrapScore="0" minCrapScore="0" visitedClasses="0" numClasses="1" visitedMethods="0" numMethods="3" />
          <FullName>AriumFramework.Plugins.UnityCore.Interactions.UnityPointerClick</FullName>
          <Methods>
            <Method visited="false" cyclomaticComplexity="0" nPathComplexity="0" sequenceCoverage="0.0" branchCoverage="0" crapScore="0" isConstructor="false" isStatic="false" isGetter="false" isSetter="false">
              <Summary numSequencePoints="5" visitedSequencePoints="0" numBranchPoints="0" visitedBranchPoints="0" sequenceCoverage="0.0" branchCoverage="0" maxCyclomaticComplexity="0" minCyclomaticComplexity="0" maxCrapScore="0" minCrapScore="0" visitedClasses="0" numClasses="0" visitedMethods="0" numMethods="1" />
              <MetadataToken>100663323</MetadataToken>
              <Name>System.Void AriumFramework.Plugins.UnityCore.Interactions.UnityPointerClick::Click(UnityEngine.EventSystems.IPointerClickHandler)</Name>
              <FileRef uid="9" />
              <SequencePoints>
                <SequencePoint vc="0" uspid="138" ordinal="0" offset="0" sl="21" sc="0" el="21" ec="0" bec="0" bev="0" fileid="9" />
                <SequencePoint vc="0" uspid="139" ordinal="0" offset="1" sl="22" sc="0" el="22" ec="0" bec="0" bev="0" fileid="9" />
                <SequencePoint vc="0" uspid="140" ordinal="0" offset="14" sl="23" sc="0" el="23" ec="0" bec="0" bev="0" fileid="9" />
                <SequencePoint vc="0" uspid="141" ordinal="0" offset="30" sl="25" sc="0" el="25" ec="0" bec="0" bev="0" fileid="9" />
                <SequencePoint vc="0" uspid="142" ordinal="0" offset="43" sl="26" sc="0" el="26" ec="0" bec="0" bev="0" fileid="9" />
              </SequencePoints>
              <BranchPoints />
            </Method>
            <Method visited="false" cyclomaticComplexity="0" nPathComplexity="0" sequenceCoverage="0.0" branchCoverage="0" crapScore="0" isConstructor="true" isStatic="false" isGetter="false" isSetter="false">
              <Summary numSequencePoints="4" visitedSequencePoints="0" numBranchPoints="0" visitedBranchPoints="0" sequenceCoverage="0.0" branchCoverage="0" maxCyclomaticComplexity="0" minCyclomaticComplexity="0" maxCrapScore="0" minCrapScore="0" visitedClasses="0" numClasses="0" visitedMethods="0" numMethods="1" />
              <MetadataToken>100663321</MetadataToken>
              <Name>AriumFramework.Plugins.UnityCore.Interactions.UnityPointerClick::UnityPointerClick()</Name>
              <FileRef uid="9" />
              <SequencePoints>
                <SequencePoint vc="0" uspid="143" ordinal="0" offset="0" sl="9" sc="0" el="9" ec="0" bec="0" bev="0" fileid="9" />
                <SequencePoint vc="0" uspid="144" ordinal="0" offset="7" sl="10" sc="0" el="10" ec="0" bec="0" bev="0" fileid="9" />
                <SequencePoint vc="0" uspid="145" ordinal="0" offset="8" sl="11" sc="0" el="11" ec="0" bec="0" bev="0" fileid="9" />
                <SequencePoint vc="0" uspid="146" ordinal="0" offset="27" sl="12" sc="0" el="12" ec="0" bec="0" bev="0" fileid="9" />
              </SequencePoints>
              <BranchPoints />
            </Method>
            <Method visited="false" cyclomaticComplexity="0" nPathComplexity="0" sequenceCoverage="0.0" branchCoverage="0" crapScore="0" isConstructor="true" isStatic="false" isGetter="false" isSetter="false">
              <Summary numSequencePoints="5" visitedSequencePoints="0" numBranchPoints="0" visitedBranchPoints="0" sequenceCoverage="0.0" branchCoverage="0" maxCyclomaticComplexity="0" minCyclomaticComplexity="0" maxCrapScore="0" minCrapScore="0" visitedClasses="0" numClasses="0" visitedMethods="0" numMethods="1" />
              <MetadataToken>100663322</MetadataToken>
              <Name>AriumFramework.Plugins.UnityCore.Interactions.UnityPointerClick::UnityPointerClick(UnityEngine.EventSystems.PointerEventData)</Name>
              <FileRef uid="9" />
              <SequencePoints>
                <SequencePoint vc="0" uspid="147" ordinal="0" offset="0" sl="14" sc="0" el="14" ec="0" bec="0" bev="0" fileid="9" />
                <SequencePoint vc="0" uspid="148" ordinal="0" offset="7" sl="15" sc="0" el="15" ec="0" bec="0" bev="0" fileid="9" />
                <SequencePoint vc="0" uspid="149" ordinal="0" offset="8" sl="16" sc="0" el="16" ec="0" bec="0" bev="0" fileid="9" />
                <SequencePoint vc="0" uspid="150" ordinal="0" offset="27" sl="17" sc="0" el="17" ec="0" bec="0" bev="0" fileid="9" />
                <SequencePoint vc="0" uspid="151" ordinal="0" offset="34" sl="18" sc="0" el="18" ec="0" bec="0" bev="0" fileid="9" />
              </SequencePoints>
              <BranchPoints />
            </Method>
          </Methods>
        </Class>
        <Class>
          <Summary numSequencePoints="14" visitedSequencePoints="0" numBranchPoints="0" visitedBranchPoints="0" sequenceCoverage="0.0" branchCoverage="0.0" maxCyclomaticComplexity="0" minCyclomaticComplexity="0" maxCrapScore="0" minCrapScore="0" visitedClasses="0" numClasses="1" visitedMethods="0" numMethods="3" />
          <FullName>AriumFramework.Plugins.UnityCore.Interactions.UnityPointerEnter</FullName>
          <Methods>
            <Method visited="false" cyclomaticComplexity="0" nPathComplexity="0" sequenceCoverage="0.0" branchCoverage="0" crapScore="0" isConstructor="false" isStatic="false" isGetter="false" isSetter="false">
              <Summary numSequencePoints="5" visitedSequencePoints="0" numBranchPoints="0" visitedBranchPoints="0" sequenceCoverage="0.0" branchCoverage="0" maxCyclomaticComplexity="0" minCyclomaticComplexity="0" maxCrapScore="0" minCrapScore="0" visitedClasses="0" numClasses="0" visitedMethods="0" numMethods="1" />
              <MetadataToken>100663326</MetadataToken>
              <Name>System.Void AriumFramework.Plugins.UnityCore.Interactions.UnityPointerEnter::FocusIn(UnityEngine.EventSystems.IPointerEnterHandler)</Name>
              <FileRef uid="10" />
              <SequencePoints>
                <SequencePoint vc="0" uspid="152" ordinal="0" offset="0" sl="21" sc="0" el="21" ec="0" bec="0" bev="0" fileid="10" />
                <SequencePoint vc="0" uspid="153" ordinal="0" offset="1" sl="22" sc="0" el="22" ec="0" bec="0" bev="0" fileid="10" />
                <SequencePoint vc="0" uspid="154" ordinal="0" offset="14" sl="23" sc="0" el="23" ec="0" bec="0" bev="0" fileid="10" />
                <SequencePoint vc="0" uspid="155" ordinal="0" offset="30" sl="25" sc="0" el="25" ec="0" bec="0" bev="0" fileid="10" />
                <SequencePoint vc="0" uspid="156" ordinal="0" offset="43" sl="26" sc="0" el="26" ec="0" bec="0" bev="0" fileid="10" />
              </SequencePoints>
              <BranchPoints />
            </Method>
            <Method visited="false" cyclomaticComplexity="0" nPathComplexity="0" sequenceCoverage="0.0" branchCoverage="0" crapScore="0" isConstructor="true" isStatic="false" isGetter="false" isSetter="false">
              <Summary numSequencePoints="4" visitedSequencePoints="0" numBranchPoints="0" visitedBranchPoints="0" sequenceCoverage="0.0" branchCoverage="0" maxCyclomaticComplexity="0" minCyclomaticComplexity="0" maxCrapScore="0" minCrapScore="0" visitedClasses="0" numClasses="0" visitedMethods="0" numMethods="1" />
              <MetadataToken>100663324</MetadataToken>
              <Name>AriumFramework.Plugins.UnityCore.Interactions.UnityPointerEnter::UnityPointerEnter()</Name>
              <FileRef uid="10" />
              <SequencePoints>
                <SequencePoint vc="0" uspid="157" ordinal="0" offset="0" sl="9" sc="0" el="9" ec="0" bec="0" bev="0" fileid="10" />
                <SequencePoint vc="0" uspid="158" ordinal="0" offset="7" sl="10" sc="0" el="10" ec="0" bec="0" bev="0" fileid="10" />
                <SequencePoint vc="0" uspid="159" ordinal="0" offset="8" sl="11" sc="0" el="11" ec="0" bec="0" bev="0" fileid="10" />
                <SequencePoint vc="0" uspid="160" ordinal="0" offset="27" sl="12" sc="0" el="12" ec="0" bec="0" bev="0" fileid="10" />
              </SequencePoints>
              <BranchPoints />
            </Method>
            <Method visited="false" cyclomaticComplexity="0" nPathComplexity="0" sequenceCoverage="0.0" branchCoverage="0" crapScore="0" isConstructor="true" isStatic="false" isGetter="false" isSetter="false">
              <Summary numSequencePoints="5" visitedSequencePoints="0" numBranchPoints="0" visitedBranchPoints="0" sequenceCoverage="0.0" branchCoverage="0" maxCyclomaticComplexity="0" minCyclomaticComplexity="0" maxCrapScore="0" minCrapScore="0" visitedClasses="0" numClasses="0" visitedMethods="0" numMethods="1" />
              <MetadataToken>100663325</MetadataToken>
              <Name>AriumFramework.Plugins.UnityCore.Interactions.UnityPointerEnter::UnityPointerEnter(UnityEngine.EventSystems.PointerEventData)</Name>
              <FileRef uid="10" />
              <SequencePoints>
                <SequencePoint vc="0" uspid="161" ordinal="0" offset="0" sl="14" sc="0" el="14" ec="0" bec="0" bev="0" fileid="10" />
                <SequencePoint vc="0" uspid="162" ordinal="0" offset="7" sl="15" sc="0" el="15" ec="0" bec="0" bev="0" fileid="10" />
                <SequencePoint vc="0" uspid="163" ordinal="0" offset="8" sl="16" sc="0" el="16" ec="0" bec="0" bev="0" fileid="10" />
                <SequencePoint vc="0" uspid="164" ordinal="0" offset="27" sl="17" sc="0" el="17" ec="0" bec="0" bev="0" fileid="10" />
                <SequencePoint vc="0" uspid="165" ordinal="0" offset="34" sl="18" sc="0" el="18" ec="0" bec="0" bev="0" fileid="10" />
              </SequencePoints>
              <BranchPoints />
            </Method>
          </Methods>
        </Class>
        <Class>
          <Summary numSequencePoints="14" visitedSequencePoints="0" numBranchPoints="0" visitedBranchPoints="0" sequenceCoverage="0.0" branchCoverage="0.0" maxCyclomaticComplexity="0" minCyclomaticComplexity="0" maxCrapScore="0" minCrapScore="0" visitedClasses="0" numClasses="1" visitedMethods="0" numMethods="3" />
          <FullName>AriumFramework.Plugins.UnityCore.Interactions.UnityPointerExit</FullName>
          <Methods>
            <Method visited="false" cyclomaticComplexity="0" nPathComplexity="0" sequenceCoverage="0.0" branchCoverage="0" crapScore="0" isConstructor="false" isStatic="false" isGetter="false" isSetter="false">
              <Summary numSequencePoints="5" visitedSequencePoints="0" numBranchPoints="0" visitedBranchPoints="0" sequenceCoverage="0.0" branchCoverage="0" maxCyclomaticComplexity="0" minCyclomaticComplexity="0" maxCrapScore="0" minCrapScore="0" visitedClasses="0" numClasses="0" visitedMethods="0" numMethods="1" />
              <MetadataToken>100663329</MetadataToken>
              <Name>System.Void AriumFramework.Plugins.UnityCore.Interactions.UnityPointerExit::FocusOut(UnityEngine.EventSystems.IPointerExitHandler)</Name>
              <FileRef uid="11" />
              <SequencePoints>
                <SequencePoint vc="0" uspid="166" ordinal="0" offset="0" sl="21" sc="0" el="21" ec="0" bec="0" bev="0" fileid="11" />
                <SequencePoint vc="0" uspid="167" ordinal="0" offset="1" sl="22" sc="0" el="22" ec="0" bec="0" bev="0" fileid="11" />
                <SequencePoint vc="0" uspid="168" ordinal="0" offset="14" sl="23" sc="0" el="23" ec="0" bec="0" bev="0" fileid="11" />
                <SequencePoint vc="0" uspid="169" ordinal="0" offset="30" sl="25" sc="0" el="25" ec="0" bec="0" bev="0" fileid="11" />
                <SequencePoint vc="0" uspid="170" ordinal="0" offset="43" sl="26" sc="0" el="26" ec="0" bec="0" bev="0" fileid="11" />
              </SequencePoints>
              <BranchPoints />
            </Method>
            <Method visited="false" cyclomaticComplexity="0" nPathComplexity="0" sequenceCoverage="0.0" branchCoverage="0" crapScore="0" isConstructor="true" isStatic="false" isGetter="false" isSetter="false">
              <Summary numSequencePoints="4" visitedSequencePoints="0" numBranchPoints="0" visitedBranchPoints="0" sequenceCoverage="0.0" branchCoverage="0" maxCyclomaticComplexity="0" minCyclomaticComplexity="0" maxCrapScore="0" minCrapScore="0" visitedClasses="0" numClasses="0" visitedMethods="0" numMethods="1" />
              <MetadataToken>100663327</MetadataToken>
              <Name>AriumFramework.Plugins.UnityCore.Interactions.UnityPointerExit::UnityPointerExit()</Name>
              <FileRef uid="11" />
              <SequencePoints>
                <SequencePoint vc="0" uspid="171" ordinal="0" offset="0" sl="9" sc="0" el="9" ec="0" bec="0" bev="0" fileid="11" />
                <SequencePoint vc="0" uspid="172" ordinal="0" offset="7" sl="10" sc="0" el="10" ec="0" bec="0" bev="0" fileid="11" />
                <SequencePoint vc="0" uspid="173" ordinal="0" offset="8" sl="11" sc="0" el="11" ec="0" bec="0" bev="0" fileid="11" />
                <SequencePoint vc="0" uspid="174" ordinal="0" offset="27" sl="12" sc="0" el="12" ec="0" bec="0" bev="0" fileid="11" />
              </SequencePoints>
              <BranchPoints />
            </Method>
            <Method visited="false" cyclomaticComplexity="0" nPathComplexity="0" sequenceCoverage="0.0" branchCoverage="0" crapScore="0" isConstructor="true" isStatic="false" isGetter="false" isSetter="false">
              <Summary numSequencePoints="5" visitedSequencePoints="0" numBranchPoints="0" visitedBranchPoints="0" sequenceCoverage="0.0" branchCoverage="0" maxCyclomaticComplexity="0" minCyclomaticComplexity="0" maxCrapScore="0" minCrapScore="0" visitedClasses="0" numClasses="0" visitedMethods="0" numMethods="1" />
              <MetadataToken>100663328</MetadataToken>
              <Name>AriumFramework.Plugins.UnityCore.Interactions.UnityPointerExit::UnityPointerExit(UnityEngine.EventSystems.PointerEventData)</Name>
              <FileRef uid="11" />
              <SequencePoints>
                <SequencePoint vc="0" uspid="175" ordinal="0" offset="0" sl="14" sc="0" el="14" ec="0" bec="0" bev="0" fileid="11" />
                <SequencePoint vc="0" uspid="176" ordinal="0" offset="7" sl="15" sc="0" el="15" ec="0" bec="0" bev="0" fileid="11" />
                <SequencePoint vc="0" uspid="177" ordinal="0" offset="8" sl="16" sc="0" el="16" ec="0" bec="0" bev="0" fileid="11" />
                <SequencePoint vc="0" uspid="178" ordinal="0" offset="27" sl="17" sc="0" el="17" ec="0" bec="0" bev="0" fileid="11" />
                <SequencePoint vc="0" uspid="179" ordinal="0" offset="34" sl="18" sc="0" el="18" ec="0" bec="0" bev="0" fileid="11" />
              </SequencePoints>
              <BranchPoints />
            </Method>
          </Methods>
        </Class>
        <Class>
          <Summary numSequencePoints="6" visitedSequencePoints="0" numBranchPoints="0" visitedBranchPoints="0" sequenceCoverage="0.0" branchCoverage="0.0" maxCyclomaticComplexity="0" minCyclomaticComplexity="0" maxCrapScore="0" minCrapScore="0" visitedClasses="0" numClasses="1" visitedMethods="0" numMethods="2" />
          <FullName>AriumFramework.Plugins.UnityCore.Interactions.UnityPushObject</FullName>
          <Methods>
            <Method visited="false" cyclomaticComplexity="0" nPathComplexity="0" sequenceCoverage="0.0" branchCoverage="0" crapScore="0" isConstructor="false" isStatic="true" isGetter="false" isSetter="false">
              <Summary numSequencePoints="3" visitedSequencePoints="0" numBranchPoints="0" visitedBranchPoints="0" sequenceCoverage="0.0" branchCoverage="0" maxCyclomaticComplexity="0" minCyclomaticComplexity="0" maxCrapScore="0" minCrapScore="0" visitedClasses="0" numClasses="0" visitedMethods="0" numMethods="1" />
              <MetadataToken>100663331</MetadataToken>
              <Name>static System.Void AriumFramework.Plugins.UnityCore.Interactions.UnityPushObject::Push(UnityEngine.Rigidbody)</Name>
              <FileRef uid="12" />
              <SequencePoints>
                <SequencePoint vc="0" uspid="180" ordinal="0" offset="0" sl="14" sc="0" el="14" ec="0" bec="0" bev="0" fileid="12" />
                <SequencePoint vc="0" uspid="181" ordinal="0" offset="1" sl="15" sc="0" el="15" ec="0" bec="0" bev="0" fileid="12" />
                <SequencePoint vc="0" uspid="182" ordinal="0" offset="13" sl="16" sc="0" el="16" ec="0" bec="0" bev="0" fileid="12" />
              </SequencePoints>
              <BranchPoints />
            </Method>
            <Method visited="false" cyclomaticComplexity="0" nPathComplexity="0" sequenceCoverage="0.0" branchCoverage="0" crapScore="0" isConstructor="true" isStatic="false" isGetter="false" isSetter="false">
              <Summary numSequencePoints="3" visitedSequencePoints="0" numBranchPoints="0" visitedBranchPoints="0" sequenceCoverage="0.0" branchCoverage="0" maxCyclomaticComplexity="0" minCyclomaticComplexity="0" maxCrapScore="0" minCrapScore="0" visitedClasses="0" numClasses="0" visitedMethods="0" numMethods="1" />
              <MetadataToken>100663330</MetadataToken>
              <Name>AriumFramework.Plugins.UnityCore.Interactions.UnityPushObject::UnityPushObject()</Name>
              <FileRef uid="12" />
              <SequencePoints>
                <SequencePoint vc="0" uspid="183" ordinal="0" offset="0" sl="9" sc="0" el="9" ec="0" bec="0" bev="0" fileid="12" />
                <SequencePoint vc="0" uspid="184" ordinal="0" offset="19" sl="10" sc="0" el="10" ec="0" bec="0" bev="0" fileid="12" />
                <SequencePoint vc="0" uspid="185" ordinal="0" offset="20" sl="11" sc="0" el="11" ec="0" bec="0" bev="0" fileid="12" />
              </SequencePoints>
              <BranchPoints />
            </Method>
          </Methods>
        </Class>
        <Class>
          <Summary numSequencePoints="3" visitedSequencePoints="0" numBranchPoints="0" visitedBranchPoints="0" sequenceCoverage="0.0" branchCoverage="0.0" maxCyclomaticComplexity="0" minCyclomaticComplexity="0" maxCrapScore="0" minCrapScore="0" visitedClasses="0" numClasses="1" visitedMethods="0" numMethods="1" />
          <FullName>AriumFramework.Plugins.UnityCore.Extensions.AnimatorUtils</FullName>
          <Methods>
            <Method visited="false" cyclomaticComplexity="0" nPathComplexity="0" sequenceCoverage="0.0" branchCoverage="0" crapScore="0" isConstructor="false" isStatic="true" isGetter="false" isSetter="false">
              <Summary numSequencePoints="3" visitedSequencePoints="0" numBranchPoints="0" visitedBranchPoints="0" sequenceCoverage="0.0" branchCoverage="0" maxCyclomaticComplexity="0" minCyclomaticComplexity="0" maxCrapScore="0" minCrapScore="0" visitedClasses="0" numClasses="0" visitedMethods="0" numMethods="1" />
              <MetadataToken>100663332</MetadataToken>
              <Name>static System.Boolean AriumFramework.Plugins.UnityCore.Extensions.AnimatorUtils::IsInAnimationState(UnityEngine.GameObject, System.String, System.Int32)</Name>
              <FileRef uid="13" />
              <SequencePoints>
                <SequencePoint vc="0" uspid="186" ordinal="0" offset="0" sl="9" sc="0" el="9" ec="0" bec="0" bev="0" fileid="13" />
                <SequencePoint vc="0" uspid="187" ordinal="0" offset="1" sl="10" sc="0" el="10" ec="0" bec="0" bev="0" fileid="13" />
                <SequencePoint vc="0" uspid="188" ordinal="0" offset="30" sl="11" sc="0" el="11" ec="0" bec="0" bev="0" fileid="13" />
              </SequencePoints>
              <BranchPoints />
            </Method>
          </Methods>
        </Class>
        <Class>
          <Summary numSequencePoints="3" visitedSequencePoints="3" numBranchPoints="0" visitedBranchPoints="0" sequenceCoverage="100.0" branchCoverage="0.0" maxCyclomaticComplexity="0" minCyclomaticComplexity="0" maxCrapScore="0" minCrapScore="0" visitedClasses="1" numClasses="1" visitedMethods="1" numMethods="1" />
          <FullName>AriumFramework.Plugins.UnityCore.Extensions.TextUtils</FullName>
          <Methods>
            <Method visited="true" cyclomaticComplexity="0" nPathComplexity="0" sequenceCoverage="100.0" branchCoverage="0" crapScore="0" isConstructor="false" isStatic="true" isGetter="false" isSetter="false">
              <Summary numSequencePoints="3" visitedSequencePoints="3" numBranchPoints="0" visitedBranchPoints="0" sequenceCoverage="100.0" branchCoverage="0" maxCyclomaticComplexity="0" minCyclomaticComplexity="0" maxCrapScore="0" minCrapScore="0" visitedClasses="0" numClasses="0" visitedMethods="1" numMethods="1" />
              <MetadataToken>100663333</MetadataToken>
              <Name>static System.String AriumFramework.Plugins.UnityCore.Extensions.TextUtils::GetText(UnityEngine.GameObject)</Name>
              <FileRef uid="14" />
              <SequencePoints>
                <SequencePoint vc="9" uspid="189" ordinal="0" offset="0" sl="9" sc="9" el="9" ec="9" bec="0" bev="0" fileid="14" />
                <SequencePoint vc="9" uspid="190" ordinal="0" offset="1" sl="10" sc="13" el="10" ec="13" bec="0" bev="0" fileid="14" />
                <SequencePoint vc="9" uspid="191" ordinal="0" offset="20" sl="11" sc="9" el="11" ec="9" bec="0" bev="0" fileid="14" />
              </SequencePoints>
              <BranchPoints />
            </Method>
          </Methods>
        </Class>
        <Class>
          <Summary numSequencePoints="3" visitedSequencePoints="0" numBranchPoints="0" visitedBranchPoints="0" sequenceCoverage="0.0" branchCoverage="0.0" maxCyclomaticComplexity="0" minCyclomaticComplexity="0" maxCrapScore="0" minCrapScore="0" visitedClasses="0" numClasses="1" visitedMethods="0" numMethods="1" />
          <FullName>AriumFramework.Exceptions.ComponentNotFoundException</FullName>
          <Methods>
            <Method visited="false" cyclomaticComplexity="0" nPathComplexity="0" sequenceCoverage="0.0" branchCoverage="0" crapScore="0" isConstructor="true" isStatic="false" isGetter="false" isSetter="false">
              <Summary numSequencePoints="3" visitedSequencePoints="0" numBranchPoints="0" visitedBranchPoints="0" sequenceCoverage="0.0" branchCoverage="0" maxCyclomaticComplexity="0" minCyclomaticComplexity="0" maxCrapScore="0" minCrapScore="0" visitedClasses="0" numClasses="0" visitedMethods="0" numMethods="1" />
              <MetadataToken>100663334</MetadataToken>
              <Name>AriumFramework.Exceptions.ComponentNotFoundException::ComponentNotFoundException(UnityEngine.GameObject, System.Type)</Name>
              <FileRef uid="15" />
              <SequencePoints>
                <SequencePoint vc="0" uspid="192" ordinal="0" offset="0" sl="8" sc="0" el="8" ec="0" bec="0" bev="0" fileid="15" />
                <SequencePoint vc="0" uspid="193" ordinal="0" offset="24" sl="10" sc="0" el="10" ec="0" bec="0" bev="0" fileid="15" />
                <SequencePoint vc="0" uspid="194" ordinal="0" offset="25" sl="11" sc="0" el="11" ec="0" bec="0" bev="0" fileid="15" />
              </SequencePoints>
              <BranchPoints />
            </Method>
          </Methods>
        </Class>
        <Class>
          <Summary numSequencePoints="3" visitedSequencePoints="0" numBranchPoints="0" visitedBranchPoints="0" sequenceCoverage="0.0" branchCoverage="0.0" maxCyclomaticComplexity="0" minCyclomaticComplexity="0" maxCrapScore="0" minCrapScore="0" visitedClasses="0" numClasses="1" visitedMethods="0" numMethods="1" />
          <FullName>AriumFramework.Exceptions.GameObjectNotFoundException</FullName>
          <Methods>
            <Method visited="false" cyclomaticComplexity="0" nPathComplexity="0" sequenceCoverage="0.0" branchCoverage="0" crapScore="0" isConstructor="true" isStatic="false" isGetter="false" isSetter="false">
              <Summary numSequencePoints="3" visitedSequencePoints="0" numBranchPoints="0" visitedBranchPoints="0" sequenceCoverage="0.0" branchCoverage="0" maxCyclomaticComplexity="0" minCyclomaticComplexity="0" maxCrapScore="0" minCrapScore="0" visitedClasses="0" numClasses="0" visitedMethods="0" numMethods="1" />
              <MetadataToken>100663335</MetadataToken>
              <Name>AriumFramework.Exceptions.GameObjectNotFoundException::GameObjectNotFoundException(System.String)</Name>
              <FileRef uid="16" />
              <SequencePoints>
                <SequencePoint vc="0" uspid="195" ordinal="0" offset="0" sl="7" sc="0" el="7" ec="0" bec="0" bev="0" fileid="16" />
                <SequencePoint vc="0" uspid="196" ordinal="0" offset="23" sl="8" sc="0" el="8" ec="0" bec="0" bev="0" fileid="16" />
                <SequencePoint vc="0" uspid="197" ordinal="0" offset="24" sl="9" sc="0" el="9" ec="0" bec="0" bev="0" fileid="16" />
              </SequencePoints>
              <BranchPoints />
            </Method>
          </Methods>
        </Class>
        <Class>
          <Summary numSequencePoints="3" visitedSequencePoints="0" numBranchPoints="0" visitedBranchPoints="0" sequenceCoverage="0.0" branchCoverage="0.0" maxCyclomaticComplexity="0" minCyclomaticComplexity="0" maxCrapScore="0" minCrapScore="0" visitedClasses="0" numClasses="1" visitedMethods="0" numMethods="1" />
          <FullName>AriumFramework.Exceptions.InteractionNotFoundException</FullName>
          <Methods>
            <Method visited="false" cyclomaticComplexity="0" nPathComplexity="0" sequenceCoverage="0.0" branchCoverage="0" crapScore="0" isConstructor="true" isStatic="false" isGetter="false" isSetter="false">
              <Summary numSequencePoints="3" visitedSequencePoints="0" numBranchPoints="0" visitedBranchPoints="0" sequenceCoverage="0.0" branchCoverage="0" maxCyclomaticComplexity="0" minCyclomaticComplexity="0" maxCrapScore="0" minCrapScore="0" visitedClasses="0" numClasses="0" visitedMethods="0" numMethods="1" />
              <MetadataToken>100663336</MetadataToken>
              <Name>AriumFramework.Exceptions.InteractionNotFoundException::InteractionNotFoundException(System.Type)</Name>
              <FileRef uid="17" />
              <SequencePoints>
                <SequencePoint vc="0" uspid="198" ordinal="0" offset="0" sl="7" sc="0" el="7" ec="0" bec="0" bev="0" fileid="17" />
                <SequencePoint vc="0" uspid="199" ordinal="0" offset="23" sl="8" sc="0" el="8" ec="0" bec="0" bev="0" fileid="17" />
                <SequencePoint vc="0" uspid="200" ordinal="0" offset="24" sl="9" sc="0" el="9" ec="0" bec="0" bev="0" fileid="17" />
              </SequencePoints>
              <BranchPoints />
            </Method>
          </Methods>
        </Class>
        <Class>
          <Summary numSequencePoints="1" visitedSequencePoints="1" numBranchPoints="0" visitedBranchPoints="0" sequenceCoverage="100.0" branchCoverage="0.0" maxCyclomaticComplexity="0" minCyclomaticComplexity="0" maxCrapScore="0" minCrapScore="0" visitedClasses="1" numClasses="1" visitedMethods="1" numMethods="1" />
          <FullName>AriumFramework.GameObjectWrapper/&lt;&gt;c__DisplayClass4_0</FullName>
          <Methods>
            <Method visited="true" cyclomaticComplexity="0" nPathComplexity="0" sequenceCoverage="100.0" branchCoverage="0" crapScore="0" isConstructor="false" isStatic="false" isGetter="false" isSetter="false">
              <Summary numSequencePoints="1" visitedSequencePoints="1" numBranchPoints="0" visitedBranchPoints="0" sequenceCoverage="100.0" branchCoverage="0" maxCyclomaticComplexity="0" minCyclomaticComplexity="0" maxCrapScore="0" minCrapScore="0" visitedClasses="0" numClasses="0" visitedMethods="1" numMethods="1" />
              <MetadataToken>100663338</MetadataToken>
              <Name>System.Void AriumFramework.GameObjectWrapper/&lt;&gt;c__DisplayClass4_0::&lt;AddTracker&gt;b__0()</Name>
              <FileRef uid="5" />
              <SequencePoints>
                <SequencePoint vc="5" uspid="201" ordinal="0" offset="0" sl="40" sc="38" el="40" ec="38" bec="0" bev="0" fileid="5" />
              </SequencePoints>
              <BranchPoints />
            </Method>
          </Methods>
        </Class>
      </Classes>
    </Module>
    <Module>
      <Summary numSequencePoints="126" visitedSequencePoints="43" numBranchPoints="0" visitedBranchPoints="0" sequenceCoverage="34.13" branchCoverage="0.0" maxCyclomaticComplexity="0" minCyclomaticComplexity="0" maxCrapScore="0" minCrapScore="0" visitedClasses="2" numClasses="4" visitedMethods="2" numMethods="4" />
      <ModuleTime>0001-01-01T00:00:00</ModuleTime>
      <ModuleName>GameTests</ModuleName>
      <Files>
        <File uid="18" fullPath="/Users/nityapriya/Desktop/unity/Demo Game/Assets/Tests/GameUnitTests.cs" />
      </Files>
      <Classes>
        <Class>
          <Summary numSequencePoints="4" visitedSequencePoints="4" numBranchPoints="0" visitedBranchPoints="0" sequenceCoverage="100.0" branchCoverage="0.0" maxCyclomaticComplexity="0" minCyclomaticComplexity="0" maxCrapScore="0" minCrapScore="0" visitedClasses="1" numClasses="1" visitedMethods="1" numMethods="1" />
          <FullName>Tests.GameUnitTests</FullName>
          <Methods>
            <Method visited="true" cyclomaticComplexity="0" nPathComplexity="0" sequenceCoverage="100.0" branchCoverage="0" crapScore="0" isConstructor="false" isStatic="false" isGetter="false" isSetter="false">
              <Summary numSequencePoints="4" visitedSequencePoints="4" numBranchPoints="0" visitedBranchPoints="0" sequenceCoverage="100.0" branchCoverage="0" maxCyclomaticComplexity="0" minCyclomaticComplexity="0" maxCrapScore="0" minCrapScore="0" visitedClasses="0" numClasses="0" visitedMethods="1" numMethods="1" />
              <MetadataToken>100663297</MetadataToken>
              <Name>System.Void Tests.GameUnitTests::SetUp()</Name>
              <FileRef uid="18" />
              <SequencePoints>
                <SequencePoint vc="1" uspid="202" ordinal="0" offset="0" sl="23" sc="9" el="23" ec="9" bec="0" bev="0" fileid="18" />
[...]
              <MetadataToken>100663304</MetadataToken>
              <Name>System.Boolean Tests.GameUnitTests/&lt;CheckBoundaryConditions&gt;d__2::MoveNext()</Name>
              <FileRef uid="18" />
              <SequencePoints>
                <SequencePoint vc="0" uspid="206" ordinal="0" offset="72" sl="30" sc="0" el="30" ec="0" bec="0" bev="0" fileid="18" />
                <SequencePoint vc="0" uspid="207" ordinal="0" offset="73" sl="37" sc="0" el="37" ec="0" bec="0" bev="0" fileid="18" />
                <SequencePoint vc="0" uspid="208" ordinal="0" offset="105" sl="39" sc="0" el="39" ec="0" bec="0" bev="0" fileid="18" />
                <SequencePoint vc="0" uspid="209" ordinal="0" offset="132" sl="43" sc="0" el="43" ec="0" bec="0" bev="0" fileid="18" />
                <SequencePoint vc="0" uspid="210" ordinal="0" offset="152" sl="45" sc="0" el="45" ec="0" bec="0" bev="0" fileid="18" />
                <SequencePoint vc="0" uspid="211" ordinal="0" offset="161" sl="46" sc="0" el="46" ec="0" bec="0" bev="0" fileid="18" />
                <SequencePoint vc="0" uspid="212" ordinal="0" offset="162" sl="47" sc="0" el="47" ec="0" bec="0" bev="0" fileid="18" />
                <SequencePoint vc="0" uspid="213" ordinal="0" offset="189" sl="48" sc="0" el="48" ec="0" bec="0" bev="0" fileid="18" />
                <SequencePoint vc="0" uspid="214" ordinal="0" offset="221" sl="49" sc="0" el="49" ec="0" bec="0" bev="0" fileid="18" />
                <SequencePoint vc="0" uspid="215" ordinal="0" offset="259" sl="50" sc="0" el="50" ec="0" bec="0" bev="0" fileid="18" />
                <SequencePoint vc="0" uspid="216" ordinal="0" offset="260" sl="51" sc="0" el="51" ec="0" bec="0" bev="0" fileid="18" />
                <SequencePoint vc="0" uspid="217" ordinal="0" offset="262" sl="53" sc="0" el="53" ec="0" bec="0" bev="0" fileid="18" />
                <SequencePoint vc="0" uspid="218" ordinal="0" offset="263" sl="45" sc="0" el="45" ec="0" bec="0" bev="0" fileid="18" />
                <SequencePoint vc="0" uspid="219" ordinal="0" offset="279" sl="45" sc="0" el="45" ec="0" bec="0" bev="0" fileid="18" />
                <SequencePoint vc="0" uspid="220" ordinal="0" offset="296" sl="55" sc="0" el="55" ec="0" bec="0" bev="0" fileid="18" />
                <SequencePoint vc="0" uspid="221" ordinal="0" offset="343" sl="56" sc="0" el="56" ec="0" bec="0" bev="0" fileid="18" />
                <SequencePoint vc="0" uspid="222" ordinal="0" offset="375" sl="58" sc="0" el="58" ec="0" bec="0" bev="0" fileid="18" />
                <SequencePoint vc="0" uspid="223" ordinal="0" offset="395" sl="59" sc="0" el="59" ec="0" bec="0" bev="0" fileid="18" />
                <SequencePoint vc="0" uspid="224" ordinal="0" offset="404" sl="60" sc="0" el="60" ec="0" bec="0" bev="0" fileid="18" />
                <SequencePoint vc="0" uspid="225" ordinal="0" offset="405" sl="61" sc="0" el="61" ec="0" bec="0" bev="0" fileid="18" />
                <SequencePoint vc="0" uspid="226" ordinal="0" offset="432" sl="62" sc="0" el="62" ec="0" bec="0" bev="0" fileid="18" />
                <SequencePoint vc="0" uspid="227" ordinal="0" offset="464" sl="63" sc="0" el="63" ec="0" bec="0" bev="0" fileid="18" />
                <SequencePoint vc="0" uspid="228" ordinal="0" offset="504" sl="64" sc="0" el="64" ec="0" bec="0" bev="0" fileid="18" />
                <SequencePoint vc="0" uspid="229" ordinal="0" offset="505" sl="65" sc="0" el="65" ec="0" bec="0" bev="0" fileid="18" />
                <SequencePoint vc="0" uspid="230" ordinal="0" offset="507" sl="67" sc="0" el="67" ec="0" bec="0" bev="0" fileid="18" />
                <SequencePoint vc="0" uspid="231" ordinal="0" offset="508" sl="59" sc="0" el="59" ec="0" bec="0" bev="0" fileid="18" />
                <SequencePoint vc="0" uspid="232" ordinal="0" offset="524" sl="59" sc="0" el="59" ec="0" bec="0" bev="0" fileid="18" />
                <SequencePoint vc="0" uspid="233" ordinal="0" offset="543" sl="69" sc="0" el="69" ec="0" bec="0" bev="0" fileid="18" />
                <SequencePoint vc="0" uspid="234" ordinal="0" offset="590" sl="70" sc="0" el="70" ec="0" bec="0" bev="0" fileid="18" />
                <SequencePoint vc="0" uspid="235" ordinal="0" offset="622" sl="72" sc="0" el="72" ec="0" bec="0" bev="0" fileid="18" />
                <SequencePoint vc="0" uspid="236" ordinal="0" offset="642" sl="73" sc="0" el="73" ec="0" bec="0" bev="0" fileid="18" />
                <SequencePoint vc="0" uspid="237" ordinal="0" offset="651" sl="74" sc="0" el="74" ec="0" bec="0" bev="0" fileid="18" />
                <SequencePoint vc="0" uspid="238" ordinal="0" offset="652" sl="75" sc="0" el="75" ec="0" bec="0" bev="0" fileid="18" />
                <SequencePoint vc="0" uspid="239" ordinal="0" offset="679" sl="76" sc="0" el="76" ec="0" bec="0" bev="0" fileid="18" />
                <SequencePoint vc="0" uspid="240" ordinal="0" offset="711" sl="77" sc="0" el="77" ec="0" bec="0" bev="0" fileid="18" />
                <SequencePoint vc="0" uspid="241" ordinal="0" offset="751" sl="78" sc="0" el="78" ec="0" bec="0" bev="0" fileid="18" />
                <SequencePoint vc="0" uspid="242" ordinal="0" offset="752" sl="79" sc="0" el="79" ec="0" bec="0" bev="0" fileid="18" />
                <SequencePoint vc="0" uspid="243" ordinal="0" offset="754" sl="81" sc="0" el="81" ec="0" bec="0" bev="0" fileid="18" />
                <SequencePoint vc="0" uspid="244" ordinal="0" offset="755" sl="73" sc="0" el="73" ec="0" bec="0" bev="0" fileid="18" />
                <SequencePoint vc="0" uspid="245" ordinal="0" offset="771" sl="73" sc="0" el="73" ec="0" bec="0" bev="0" fileid="18" />
                <SequencePoint vc="0" uspid="246" ordinal="0" offset="790" sl="83" sc="0" el="83" ec="0" bec="0" bev="0" fileid="18" />
                <SequencePoint vc="0" uspid="247" ordinal="0" offset="837" sl="85" sc="0" el="85" ec="0" bec="0" bev="0" fileid="18" />
                <SequencePoint vc="0" uspid="248" ordinal="0" offset="869" sl="87" sc="0" el="87" ec="0" bec="0" bev="0" fileid="18" />
                <SequencePoint vc="0" uspid="249" ordinal="0" offset="889" sl="88" sc="0" el="88" ec="0" bec="0" bev="0" fileid="18" />
                <SequencePoint vc="0" uspid="250" ordinal="0" offset="898" sl="89" sc="0" el="89" ec="0" bec="0" bev="0" fileid="18" />
                <SequencePoint vc="0" uspid="251" ordinal="0" offset="899" sl="90" sc="0" el="90" ec="0" bec="0" bev="0" fileid="18" />
                <SequencePoint vc="0" uspid="252" ordinal="0" offset="926" sl="91" sc="0" el="91" ec="0" bec="0" bev="0" fileid="18" />
                <SequencePoint vc="0" uspid="253" ordinal="0" offset="958" sl="92" sc="0" el="92" ec="0" bec="0" bev="0" fileid="18" />
                <SequencePoint vc="0" uspid="254" ordinal="0" offset="998" sl="93" sc="0" el="93" ec="0" bec="0" bev="0" fileid="18" />
                <SequencePoint vc="0" uspid="255" ordinal="0" offset="999" sl="94" sc="0" el="94" ec="0" bec="0" bev="0" fileid="18" />
                <SequencePoint vc="0" uspid="256" ordinal="0" offset="1001" sl="96" sc="0" el="96" ec="0" bec="0" bev="0" fileid="18" />
                <SequencePoint vc="0" uspid="257" ordinal="0" offset="1002" sl="88" sc="0" el="88" ec="0" bec="0" bev="0" fileid="18" />
                <SequencePoint vc="0" uspid="258" ordinal="0" offset="1018" sl="88" sc="0" el="88" ec="0" bec="0" bev="0" fileid="18" />
                <SequencePoint vc="0" uspid="259" ordinal="0" offset="1037" sl="98" sc="0" el="98" ec="0" bec="0" bev="0" fileid="18" />
                <SequencePoint vc="0" uspid="260" ordinal="0" offset="1084" sl="99" sc="0" el="99" ec="0" bec="0" bev="0" fileid="18" />
                <SequencePoint vc="0" uspid="261" ordinal="0" offset="1116" sl="102" sc="0" el="102" ec="0" bec="0" bev="0" fileid="18" />
              </SequencePoints>
              <BranchPoints />
            </Method>
          </Methods>
        </Class>
        <Class>
          <Summary numSequencePoints="27" visitedSequencePoints="0" numBranchPoints="0" visitedBranchPoints="0" sequenceCoverage="0.0" branchCoverage="0.0" maxCyclomaticComplexity="0" minCyclomaticComplexity="0" maxCrapScore="0" minCrapScore="0" visitedClasses="0" numClasses="1" visitedMethods="0" numMethods="1" />
          <FullName>Tests.GameUnitTests/&lt;MoveAllDirections&gt;d__3</FullName>
          <Methods>
            <Method visited="false" cyclomaticComplexity="0" nPathComplexity="0" sequenceCoverage="0.0" branchCoverage="0" crapScore="0" isConstructor="false" isStatic="false" isGetter="false" isSetter="false">
              <Summary numSequencePoints="27" visitedSequencePoints="0" numBranchPoints="0" visitedBranchPoints="0" sequenceCoverage="0.0" branchCoverage="0" maxCyclomaticComplexity="0" minCyclomaticComplexity="0" maxCrapScore="0" minCrapScore="0" visitedClasses="0" numClasses="0" visitedMethods="0" numMethods="1" />
              <MetadataToken>100663310</MetadataToken>
              <Name>System.Boolean Tests.GameUnitTests/&lt;MoveAllDirections&gt;d__3::MoveNext()</Name>
              <FileRef uid="18" />
              <SequencePoints>
                <SequencePoint vc="0" uspid="262" ordinal="0" offset="90" sl="106" sc="0" el="106" ec="0" bec="0" bev="0" fileid="18" />
                <SequencePoint vc="0" uspid="263" ordinal="0" offset="91" sl="109" sc="0" el="109" ec="0" bec="0" bev="0" fileid="18" />
                <SequencePoint vc="0" uspid="264" ordinal="0" offset="118" sl="111" sc="0" el="111" ec="0" bec="0" bev="0" fileid="18" />
                <SequencePoint vc="0" uspid="265" ordinal="0" offset="150" sl="114" sc="0" el="114" ec="0" bec="0" bev="0" fileid="18" />
                <SequencePoint vc="0" uspid="266" ordinal="0" offset="182" sl="116" sc="0" el="116" ec="0" bec="0" bev="0" fileid="18" />
                <SequencePoint vc="0" uspid="267" ordinal="0" offset="202" sl="117" sc="0" el="117" ec="0" bec="0" bev="0" fileid="18" />
                <SequencePoint vc="0" uspid="268" ordinal="0" offset="229" sl="118" sc="0" el="118" ec="0" bec="0" bev="0" fileid="18" />
                <SequencePoint vc="0" uspid="269" ordinal="0" offset="261" sl="120" sc="0" el="120" ec="0" bec="0" bev="0" fileid="18" />
                <SequencePoint vc="0" uspid="270" ordinal="0" offset="281" sl="121" sc="0" el="121" ec="0" bec="0" bev="0" fileid="18" />
                <SequencePoint vc="0" uspid="271" ordinal="0" offset="308" sl="122" sc="0" el="122" ec="0" bec="0" bev="0" fileid="18" />
                <SequencePoint vc="0" uspid="272" ordinal="0" offset="340" sl="124" sc="0" el="124" ec="0" bec="0" bev="0" fileid="18" />
                <SequencePoint vc="0" uspid="273" ordinal="0" offset="360" sl="125" sc="0" el="125" ec="0" bec="0" bev="0" fileid="18" />
                <SequencePoint vc="0" uspid="274" ordinal="0" offset="387" sl="126" sc="0" el="126" ec="0" bec="0" bev="0" fileid="18" />
                <SequencePoint vc="0" uspid="275" ordinal="0" offset="419" sl="128" sc="0" el="128" ec="0" bec="0" bev="0" fileid="18" />
                <SequencePoint vc="0" uspid="276" ordinal="0" offset="439" sl="129" sc="0" el="129" ec="0" bec="0" bev="0" fileid="18" />
                <SequencePoint vc="0" uspid="277" ordinal="0" offset="466" sl="130" sc="0" el="130" ec="0" bec="0" bev="0" fileid="18" />
                <SequencePoint vc="0" uspid="278" ordinal="0" offset="498" sl="132" sc="0" el="132" ec="0" bec="0" bev="0" fileid="18" />
                <SequencePoint vc="0" uspid="279" ordinal="0" offset="533" sl="133" sc="0" el="133" ec="0" bec="0" bev="0" fileid="18" />
                <SequencePoint vc="0" uspid="280" ordinal="0" offset="560" sl="134" sc="0" el="134" ec="0" bec="0" bev="0" fileid="18" />
                <SequencePoint vc="0" uspid="281" ordinal="0" offset="592" sl="136" sc="0" el="136" ec="0" bec="0" bev="0" fileid="18" />
                <SequencePoint vc="0" uspid="282" ordinal="0" offset="627" sl="137" sc="0" el="137" ec="0" bec="0" bev="0" fileid="18" />
                <SequencePoint vc="0" uspid="283" ordinal="0" offset="654" sl="138" sc="0" el="138" ec="0" bec="0" bev="0" fileid="18" />
                <SequencePoint vc="0" uspid="284" ordinal="0" offset="686" sl="140" sc="0" el="140" ec="0" bec="0" bev="0" fileid="18" />
                <SequencePoint vc="0" uspid="285" ordinal="0" offset="708" sl="141" sc="0" el="141" ec="0" bec="0" bev="0" fileid="18" />
                <SequencePoint vc="0" uspid="286" ordinal="0" offset="740" sl="142" sc="0" el="142" ec="0" bec="0" bev="0" fileid="18" />
                <SequencePoint vc="0" uspid="287" ordinal="0" offset="767" sl="143" sc="0" el="143" ec="0" bec="0" bev="0" fileid="18" />
                <SequencePoint vc="0" uspid="288" ordinal="0" offset="799" sl="145" sc="0" el="145" ec="0" bec="0" bev="0" fileid="18" />
              </SequencePoints>
              <BranchPoints />
            </Method>
          </Methods>
        </Class>
        <Class>
          <Summary numSequencePoints="39" visitedSequencePoints="39" numBranchPoints="0" visitedBranchPoints="0" sequenceCoverage="100.0" branchCoverage="0.0" maxCyclomaticComplexity="0" minCyclomaticComplexity="0" maxCrapScore="0" minCrapScore="0" visitedClasses="1" numClasses="1" visitedMethods="1" numMethods="1" />
          <FullName>Tests.GameUnitTests/&lt;DestroyObjectAndCheckScoreUpdate&gt;d__4</FullName>
          <Methods>
            <Method visited="true" cyclomaticComplexity="0" nPathComplexity="0" sequenceCoverage="100.0" branchCoverage="0" crapScore="0" isConstructor="false" isStatic="false" isGetter="false" isSetter="false">
              <Summary numSequencePoints="39" visitedSequencePoints="39" numBranchPoints="0" visitedBranchPoints="0" sequenceCoverage="100.0" branchCoverage="0" maxCyclomaticComplexity="0" minCyclomaticComplexity="0" maxCrapScore="0" minCrapScore="0" visitedClasses="0" numClasses="0" visitedMethods="1" numMethods="1" />
              <MetadataToken>100663316</MetadataToken>
              <Name>System.Boolean Tests.GameUnitTests/&lt;DestroyObjectAndCheckScoreUpdate&gt;d__4::MoveNext()</Name>
              <FileRef uid="18" />
              <SequencePoints>
                <SequencePoint vc="1" uspid="289" ordinal="0" offset="69" sl="149" sc="9" el="149" ec="9" bec="0" bev="0" fileid="18" />
                <SequencePoint vc="1" uspid="290" ordinal="0" offset="70" sl="150" sc="13" el="150" ec="13" bec="0" bev="0" fileid="18" />
                <SequencePoint vc="1" uspid="291" ordinal="0" offset="102" sl="151" sc="13" el="151" ec="13" bec="0" bev="0" fileid="18" />
                <SequencePoint vc="1" uspid="292" ordinal="0" offset="109" sl="153" sc="13" el="153" ec="13" bec="0" bev="0" fileid="18" />
                <SequencePoint vc="1" uspid="293" ordinal="0" offset="135" sl="157" sc="13" el="157" ec="13" bec="0" bev="0" fileid="18" />
                <SequencePoint vc="1" uspid="294" ordinal="0" offset="167" sl="158" sc="13" el="158" ec="13" bec="0" bev="0" fileid="18" />
                <SequencePoint vc="1" uspid="295" ordinal="0" offset="194" sl="159" sc="13" el="159" ec="13" bec="0" bev="0" fileid="18" />
                <SequencePoint vc="1" uspid="296" ordinal="0" offset="221" sl="160" sc="13" el="160" ec="13" bec="0" bev="0" fileid="18" />
                <SequencePoint vc="1" uspid="297" ordinal="0" offset="248" sl="161" sc="13" el="161" ec="13" bec="0" bev="0" fileid="18" />
                <SequencePoint vc="1" uspid="298" ordinal="0" offset="275" sl="162" sc="13" el="162" ec="13" bec="0" bev="0" fileid="18" />
                <SequencePoint vc="1" uspid="299" ordinal="0" offset="313" sl="164" sc="13" el="164" ec="13" bec="0" bev="0" fileid="18" />
                <SequencePoint vc="1" uspid="300" ordinal="0" offset="345" sl="166" sc="13" el="166" ec="13" bec="0" bev="0" fileid="18" />
                <SequencePoint vc="1" uspid="301" ordinal="0" offset="372" sl="168" sc="18" el="168" ec="18" bec="0" bev="0" fileid="18" />
                <SequencePoint vc="5" uspid="302" ordinal="0" offset="384" sl="169" sc="13" el="169" ec="13" bec="0" bev="0" fileid="18" />
                <SequencePoint vc="5" uspid="303" ordinal="0" offset="385" sl="170" sc="17" el="170" ec="17" bec="0" bev="0" fileid="18" />
                <SequencePoint vc="5" uspid="304" ordinal="0" offset="412" sl="171" sc="17" el="171" ec="17" bec="0" bev="0" fileid="18" />
                <SequencePoint vc="5" uspid="305" ordinal="0" offset="428" sl="172" sc="22" el="172" ec="22" bec="0" bev="0" fileid="18" />
                <SequencePoint vc="10" uspid="306" ordinal="0" offset="440" sl="173" sc="17" el="173" ec="17" bec="0" bev="0" fileid="18" />
                <SequencePoint vc="10" uspid="307" ordinal="0" offset="441" sl="174" sc="21" el="174" ec="21" bec="0" bev="0" fileid="18" />
                <SequencePoint vc="10" uspid="308" ordinal="0" offset="485" sl="175" sc="21" el="175" ec="21" bec="0" bev="0" fileid="18" />
                <SequencePoint vc="5" uspid="309" ordinal="0" offset="616" sl="176" sc="21" el="176" ec="21" bec="0" bev="0" fileid="18" />
                <SequencePoint vc="5" uspid="310" ordinal="0" offset="617" sl="177" sc="25" el="177" ec="25" bec="0" bev="0" fileid="18" />
                <SequencePoint vc="5" uspid="311" ordinal="0" offset="632" sl="178" sc="21" el="178" ec="21" bec="0" bev="0" fileid="18" />
                <SequencePoint vc="10" uspid="312" ordinal="0" offset="633" sl="179" sc="17" el="179" ec="17" bec="0" bev="0" fileid="18" />
                <SequencePoint vc="10" uspid="313" ordinal="0" offset="634" sl="172" sc="51" el="172" ec="51" bec="0" bev="0" fileid="18" />
                <SequencePoint vc="15" uspid="314" ordinal="0" offset="650" sl="172" sc="33" el="172" ec="33" bec="0" bev="0" fileid="18" />
                <SequencePoint vc="5" uspid="315" ordinal="0" offset="673" sl="184" sc="17" el="184" ec="17" bec="0" bev="0" fileid="18" />
                <SequencePoint vc="5" uspid="316" ordinal="0" offset="706" sl="185" sc="17" el="185" ec="17" bec="0" bev="0" fileid="18" />
                <SequencePoint vc="5" uspid="317" ordinal="0" offset="738" sl="186" sc="17" el="186" ec="17" bec="0" bev="0" fileid="18" />
                <SequencePoint vc="5" uspid="318" ordinal="0" offset="750" sl="187" sc="17" el="187" ec="17" bec="0" bev="0" fileid="18" />
                <SequencePoint vc="5" uspid="319" ordinal="0" offset="761" sl="189" sc="17" el="189" ec="17" bec="0" bev="0" fileid="18" />
                <SequencePoint vc="5" uspid="320" ordinal="0" offset="788" sl="190" sc="17" el="190" ec="17" bec="0" bev="0" fileid="18" />
                <SequencePoint vc="5" uspid="321" ordinal="0" offset="815" sl="191" sc="17" el="191" ec="17" bec="0" bev="0" fileid="18" />
                <SequencePoint vc="5" uspid="322" ordinal="0" offset="847" sl="193" sc="13" el="193" ec="13" bec="0" bev="0" fileid="18" />
                <SequencePoint vc="5" uspid="323" ordinal="0" offset="862" sl="168" sc="36" el="168" ec="36" bec="0" bev="0" fileid="18" />
                <SequencePoint vc="6" uspid="324" ordinal="0" offset="878" sl="168" sc="29" el="168" ec="29" bec="0" bev="0" fileid="18" />
                <SequencePoint vc="1" uspid="325" ordinal="0" offset="896" sl="194" sc="13" el="194" ec="13" bec="0" bev="0" fileid="18" />
                <SequencePoint vc="1" uspid="326" ordinal="0" offset="923" sl="195" sc="13" el="195" ec="13" bec="0" bev="0" fileid="18" />
                <SequencePoint vc="1" uspid="327" ordinal="0" offset="961" sl="196" sc="9" el="196" ec="9" bec="0" bev="0" fileid="18" />
              </SequencePoints>
              <BranchPoints />
            </Method>
          </Methods>
        </Class>
      </Classes>
    </Module>
  </Modules>
</CoverageSession>